<?xml version="1.0" encoding="UTF-8"?>
<testsuite name="org.seqra.cir.sast.BigProjectsEntrypointsTest" tests="5" skipped="0" failures="4" errors="0" timestamp="2026-06-02T05:55:46" hostname="225efb33133e" time="731.209">
  <properties/>
  <testcase name="501116-v1.0.0:radius_load_dictionary" classname="org.seqra.cir.sast.BigProjectsEntrypointsTest" time="337.299">
    <failure message="org.opentest4j.AssertionFailedError: Expected a use-after-free in 501116-v1.0.0:radius_load_dictionary (radius_load_dictionary) but found none" type="org.opentest4j.AssertionFailedError">org.opentest4j.AssertionFailedError: Expected a use-after-free in 501116-v1.0.0:radius_load_dictionary (radius_load_dictionary) but found none
	at app//org.junit.jupiter.api.AssertionUtils.fail(AssertionUtils.java:38)
	at app//org.junit.jupiter.api.Assertions.fail(Assertions.java:138)
	at app//kotlin.test.junit5.JUnit5Asserter.fail(JUnitSupport.kt:56)
	at app//kotlin.test.Asserter$DefaultImpls.assertTrue(Assertions.kt:694)
	at app//kotlin.test.junit5.JUnit5Asserter.assertTrue(JUnitSupport.kt:30)
	at app//kotlin.test.Asserter$DefaultImpls.assertTrue(Assertions.kt:704)
	at app//kotlin.test.junit5.JUnit5Asserter.assertTrue(JUnitSupport.kt:30)
	at app//kotlin.test.AssertionsKt__AssertionsKt.assertTrue(Assertions.kt:44)
	at app//kotlin.test.AssertionsKt.assertTrue(Unknown Source)
	at app//org.seqra.cir.sast.BigProjectsEntrypointsTest.bigProject(BigProjectsEntrypointsTest.kt:39)
	at java.base@21.0.10/java.lang.reflect.Method.invoke(Method.java:580)
	at java.base@21.0.10/java.util.stream.ForEachOps$ForEachOp$OfRef.accept(ForEachOps.java:184)
	at java.base@21.0.10/java.util.stream.ReferencePipeline$3$1.accept(ReferencePipeline.java:197)
	at java.base@21.0.10/java.util.stream.ReferencePipeline$2$1.accept(ReferencePipeline.java:179)
	at java.base@21.0.10/java.util.stream.ReferencePipeline$3$1.accept(ReferencePipeline.java:197)
	at java.base@21.0.10/java.util.stream.ForEachOps$ForEachOp$OfRef.accept(ForEachOps.java:184)
	at java.base@21.0.10/java.util.stream.ReferencePipeline$3$1.accept(ReferencePipeline.java:197)
	at java.base@21.0.10/java.util.stream.ReferencePipeline$3$1.accept(ReferencePipeline.java:197)
	at java.base@21.0.10/java.util.stream.ReferencePipeline$3$1.accept(ReferencePipeline.java:197)
	at java.base@21.0.10/java.util.stream.ForEachOps$ForEachOp$OfRef.accept(ForEachOps.java:184)
	at java.base@21.0.10/java.util.stream.ReferencePipeline$3$1.accept(ReferencePipeline.java:197)
	at java.base@21.0.10/java.util.ArrayList$ArrayListSpliterator.forEachRemaining(ArrayList.java:1708)
	at java.base@21.0.10/java.util.stream.ReferencePipeline$Head.forEach(ReferencePipeline.java:762)
	at java.base@21.0.10/java.util.stream.ReferencePipeline$7$1.accept(ReferencePipeline.java:276)
	at java.base@21.0.10/java.util.stream.ReferencePipeline$3$1.accept(ReferencePipeline.java:197)
	at java.base@21.0.10/java.util.stream.ReferencePipeline$3$1.accept(ReferencePipeline.java:197)
	at java.base@21.0.10/java.util.stream.ReferencePipeline$3$1.accept(ReferencePipeline.java:197)
	at java.base@21.0.10/java.util.Spliterators$ArraySpliterator.forEachRemaining(Spliterators.java:1024)
	at java.base@21.0.10/java.util.stream.AbstractPipeline.copyInto(AbstractPipeline.java:509)
	at java.base@21.0.10/java.util.stream.AbstractPipeline.wrapAndCopyInto(AbstractPipeline.java:499)
	at java.base@21.0.10/java.util.stream.ForEachOps$ForEachOp.evaluateSequential(ForEachOps.java:151)
	at java.base@21.0.10/java.util.stream.ForEachOps$ForEachOp$OfRef.evaluateSequential(ForEachOps.java:174)
	at java.base@21.0.10/java.util.stream.AbstractPipeline.evaluate(AbstractPipeline.java:234)
	at java.base@21.0.10/java.util.stream.ReferencePipeline.forEach(ReferencePipeline.java:596)
	at java.base@21.0.10/java.util.stream.ReferencePipeline$7$1.accept(ReferencePipeline.java:276)
	at java.base@21.0.10/java.util.stream.ReferencePipeline$3$1.accept(ReferencePipeline.java:197)
	at java.base@21.0.10/java.util.stream.ReferencePipeline$3$1.accept(ReferencePipeline.java:197)
	at java.base@21.0.10/java.util.stream.ReferencePipeline$3$1.accept(ReferencePipeline.java:197)
	at java.base@21.0.10/java.util.ArrayList$ArrayListSpliterator.forEachRemaining(ArrayList.java:1708)
	at java.base@21.0.10/java.util.stream.AbstractPipeline.copyInto(AbstractPipeline.java:509)
	at java.base@21.0.10/java.util.stream.AbstractPipeline.wrapAndCopyInto(AbstractPipeline.java:499)
	at java.base@21.0.10/java.util.stream.ForEachOps$ForEachOp.evaluateSequential(ForEachOps.java:151)
	at java.base@21.0.10/java.util.stream.ForEachOps$ForEachOp$OfRef.evaluateSequential(ForEachOps.java:174)
	at java.base@21.0.10/java.util.stream.AbstractPipeline.evaluate(AbstractPipeline.java:234)
	at java.base@21.0.10/java.util.stream.ReferencePipeline.forEach(ReferencePipeline.java:596)
	at java.base@21.0.10/java.util.stream.ReferencePipeline$7$1.accept(ReferencePipeline.java:276)
	at java.base@21.0.10/java.util.ArrayList$ArrayListSpliterator.forEachRemaining(ArrayList.java:1708)
	at java.base@21.0.10/java.util.stream.AbstractPipeline.copyInto(AbstractPipeline.java:509)
	at java.base@21.0.10/java.util.stream.AbstractPipeline.wrapAndCopyInto(AbstractPipeline.java:499)
	at java.base@21.0.10/java.util.stream.ForEachOps$ForEachOp.evaluateSequential(ForEachOps.java:151)
	at java.base@21.0.10/java.util.stream.ForEachOps$ForEachOp$OfRef.evaluateSequential(ForEachOps.java:174)
	at java.base@21.0.10/java.util.stream.AbstractPipeline.evaluate(AbstractPipeline.java:234)
	at java.base@21.0.10/java.util.stream.ReferencePipeline.forEach(ReferencePipeline.java:596)
	at java.base@21.0.10/java.util.ArrayList.forEach(ArrayList.java:1596)
	at java.base@21.0.10/java.util.ArrayList.forEach(ArrayList.java:1596)
</failure>
  </testcase>
  <testcase name="501116-v1.0.0:destroy_dict" classname="org.seqra.cir.sast.BigProjectsEntrypointsTest" time="2.764">
    <failure message="org.opentest4j.AssertionFailedError: Expected a use-after-free in 501116-v1.0.0:destroy_dict (destroy_dict) but found none" type="org.opentest4j.AssertionFailedError">org.opentest4j.AssertionFailedError: Expected a use-after-free in 501116-v1.0.0:destroy_dict (destroy_dict) but found none
	at app//org.junit.jupiter.api.AssertionUtils.fail(AssertionUtils.java:38)
	at app//org.junit.jupiter.api.Assertions.fail(Assertions.java:138)
	at app//kotlin.test.junit5.JUnit5Asserter.fail(JUnitSupport.kt:56)
	at app//kotlin.test.Asserter$DefaultImpls.assertTrue(Assertions.kt:694)
	at app//kotlin.test.junit5.JUnit5Asserter.assertTrue(JUnitSupport.kt:30)
	at app//kotlin.test.Asserter$DefaultImpls.assertTrue(Assertions.kt:704)
	at app//kotlin.test.junit5.JUnit5Asserter.assertTrue(JUnitSupport.kt:30)
	at app//kotlin.test.AssertionsKt__AssertionsKt.assertTrue(Assertions.kt:44)
	at app//kotlin.test.AssertionsKt.assertTrue(Unknown Source)
	at app//org.seqra.cir.sast.BigProjectsEntrypointsTest.bigProject(BigProjectsEntrypointsTest.kt:39)
	at java.base@21.0.10/java.lang.reflect.Method.invoke(Method.java:580)
	at java.base@21.0.10/java.util.stream.ForEachOps$ForEachOp$OfRef.accept(ForEachOps.java:184)
	at java.base@21.0.10/java.util.stream.ReferencePipeline$3$1.accept(ReferencePipeline.java:197)
	at java.base@21.0.10/java.util.stream.ReferencePipeline$2$1.accept(ReferencePipeline.java:179)
	at java.base@21.0.10/java.util.stream.ReferencePipeline$3$1.accept(ReferencePipeline.java:197)
	at java.base@21.0.10/java.util.stream.ForEachOps$ForEachOp$OfRef.accept(ForEachOps.java:184)
	at java.base@21.0.10/java.util.stream.ReferencePipeline$3$1.accept(ReferencePipeline.java:197)
	at java.base@21.0.10/java.util.stream.ReferencePipeline$3$1.accept(ReferencePipeline.java:197)
	at java.base@21.0.10/java.util.stream.ReferencePipeline$3$1.accept(ReferencePipeline.java:197)
	at java.base@21.0.10/java.util.stream.ForEachOps$ForEachOp$OfRef.accept(ForEachOps.java:184)
	at java.base@21.0.10/java.util.stream.ReferencePipeline$3$1.accept(ReferencePipeline.java:197)
	at java.base@21.0.10/java.util.ArrayList$ArrayListSpliterator.forEachRemaining(ArrayList.java:1708)
	at java.base@21.0.10/java.util.stream.ReferencePipeline$Head.forEach(ReferencePipeline.java:762)
	at java.base@21.0.10/java.util.stream.ReferencePipeline$7$1.accept(ReferencePipeline.java:276)
	at java.base@21.0.10/java.util.stream.ReferencePipeline$3$1.accept(ReferencePipeline.java:197)
	at java.base@21.0.10/java.util.stream.ReferencePipeline$3$1.accept(ReferencePipeline.java:197)
	at java.base@21.0.10/java.util.stream.ReferencePipeline$3$1.accept(ReferencePipeline.java:197)
	at java.base@21.0.10/java.util.Spliterators$ArraySpliterator.forEachRemaining(Spliterators.java:1024)
	at java.base@21.0.10/java.util.stream.AbstractPipeline.copyInto(AbstractPipeline.java:509)
	at java.base@21.0.10/java.util.stream.AbstractPipeline.wrapAndCopyInto(AbstractPipeline.java:499)
	at java.base@21.0.10/java.util.stream.ForEachOps$ForEachOp.evaluateSequential(ForEachOps.java:151)
	at java.base@21.0.10/java.util.stream.ForEachOps$ForEachOp$OfRef.evaluateSequential(ForEachOps.java:174)
	at java.base@21.0.10/java.util.stream.AbstractPipeline.evaluate(AbstractPipeline.java:234)
	at java.base@21.0.10/java.util.stream.ReferencePipeline.forEach(ReferencePipeline.java:596)
	at java.base@21.0.10/java.util.stream.ReferencePipeline$7$1.accept(ReferencePipeline.java:276)
	at java.base@21.0.10/java.util.stream.ReferencePipeline$3$1.accept(ReferencePipeline.java:197)
	at java.base@21.0.10/java.util.stream.ReferencePipeline$3$1.accept(ReferencePipeline.java:197)
	at java.base@21.0.10/java.util.stream.ReferencePipeline$3$1.accept(ReferencePipeline.java:197)
	at java.base@21.0.10/java.util.ArrayList$ArrayListSpliterator.forEachRemaining(ArrayList.java:1708)
	at java.base@21.0.10/java.util.stream.AbstractPipeline.copyInto(AbstractPipeline.java:509)
	at java.base@21.0.10/java.util.stream.AbstractPipeline.wrapAndCopyInto(AbstractPipeline.java:499)
	at java.base@21.0.10/java.util.stream.ForEachOps$ForEachOp.evaluateSequential(ForEachOps.java:151)
	at java.base@21.0.10/java.util.stream.ForEachOps$ForEachOp$OfRef.evaluateSequential(ForEachOps.java:174)
	at java.base@21.0.10/java.util.stream.AbstractPipeline.evaluate(AbstractPipeline.java:234)
	at java.base@21.0.10/java.util.stream.ReferencePipeline.forEach(ReferencePipeline.java:596)
	at java.base@21.0.10/java.util.stream.ReferencePipeline$7$1.accept(ReferencePipeline.java:276)
	at java.base@21.0.10/java.util.ArrayList$ArrayListSpliterator.forEachRemaining(ArrayList.java:1708)
	at java.base@21.0.10/java.util.stream.AbstractPipeline.copyInto(AbstractPipeline.java:509)
	at java.base@21.0.10/java.util.stream.AbstractPipeline.wrapAndCopyInto(AbstractPipeline.java:499)
	at java.base@21.0.10/java.util.stream.ForEachOps$ForEachOp.evaluateSequential(ForEachOps.java:151)
	at java.base@21.0.10/java.util.stream.ForEachOps$ForEachOp$OfRef.evaluateSequential(ForEachOps.java:174)
	at java.base@21.0.10/java.util.stream.AbstractPipeline.evaluate(AbstractPipeline.java:234)
	at java.base@21.0.10/java.util.stream.ReferencePipeline.forEach(ReferencePipeline.java:596)
	at java.base@21.0.10/java.util.ArrayList.forEach(ArrayList.java:1596)
	at java.base@21.0.10/java.util.ArrayList.forEach(ArrayList.java:1596)
</failure>
  </testcase>
  <testcase name="501116-v1.0.0:destroy_tlvs" classname="org.seqra.cir.sast.BigProjectsEntrypointsTest" time="24.398"/>
  <testcase name="501116-v1.0.0:register_attrs" classname="org.seqra.cir.sast.BigProjectsEntrypointsTest" time="2.58">
    <failure message="org.opentest4j.AssertionFailedError: Expected a use-after-free in 501116-v1.0.0:register_attrs (register_attrs) but found none" type="org.opentest4j.AssertionFailedError">org.opentest4j.AssertionFailedError: Expected a use-after-free in 501116-v1.0.0:register_attrs (register_attrs) but found none
	at app//org.junit.jupiter.api.AssertionUtils.fail(AssertionUtils.java:38)
	at app//org.junit.jupiter.api.Assertions.fail(Assertions.java:138)
	at app//kotlin.test.junit5.JUnit5Asserter.fail(JUnitSupport.kt:56)
	at app//kotlin.test.Asserter$DefaultImpls.assertTrue(Assertions.kt:694)
	at app//kotlin.test.junit5.JUnit5Asserter.assertTrue(JUnitSupport.kt:30)
	at app//kotlin.test.Asserter$DefaultImpls.assertTrue(Assertions.kt:704)
	at app//kotlin.test.junit5.JUnit5Asserter.assertTrue(JUnitSupport.kt:30)
	at app//kotlin.test.AssertionsKt__AssertionsKt.assertTrue(Assertions.kt:44)
	at app//kotlin.test.AssertionsKt.assertTrue(Unknown Source)
	at app//org.seqra.cir.sast.BigProjectsEntrypointsTest.bigProject(BigProjectsEntrypointsTest.kt:39)
	at java.base@21.0.10/java.lang.reflect.Method.invoke(Method.java:580)
	at java.base@21.0.10/java.util.stream.ForEachOps$ForEachOp$OfRef.accept(ForEachOps.java:184)
	at java.base@21.0.10/java.util.stream.ReferencePipeline$3$1.accept(ReferencePipeline.java:197)
	at java.base@21.0.10/java.util.stream.ReferencePipeline$2$1.accept(ReferencePipeline.java:179)
	at java.base@21.0.10/java.util.stream.ReferencePipeline$3$1.accept(ReferencePipeline.java:197)
	at java.base@21.0.10/java.util.stream.ForEachOps$ForEachOp$OfRef.accept(ForEachOps.java:184)
	at java.base@21.0.10/java.util.stream.ReferencePipeline$3$1.accept(ReferencePipeline.java:197)
	at java.base@21.0.10/java.util.stream.ReferencePipeline$3$1.accept(ReferencePipeline.java:197)
	at java.base@21.0.10/java.util.stream.ReferencePipeline$3$1.accept(ReferencePipeline.java:197)
	at java.base@21.0.10/java.util.stream.ForEachOps$ForEachOp$OfRef.accept(ForEachOps.java:184)
	at java.base@21.0.10/java.util.stream.ReferencePipeline$3$1.accept(ReferencePipeline.java:197)
	at java.base@21.0.10/java.util.ArrayList$ArrayListSpliterator.forEachRemaining(ArrayList.java:1708)
	at java.base@21.0.10/java.util.stream.ReferencePipeline$Head.forEach(ReferencePipeline.java:762)
	at java.base@21.0.10/java.util.stream.ReferencePipeline$7$1.accept(ReferencePipeline.java:276)
	at java.base@21.0.10/java.util.stream.ReferencePipeline$3$1.accept(ReferencePipeline.java:197)
	at java.base@21.0.10/java.util.stream.ReferencePipeline$3$1.accept(ReferencePipeline.java:197)
	at java.base@21.0.10/java.util.stream.ReferencePipeline$3$1.accept(ReferencePipeline.java:197)
	at java.base@21.0.10/java.util.Spliterators$ArraySpliterator.forEachRemaining(Spliterators.java:1024)
	at java.base@21.0.10/java.util.stream.AbstractPipeline.copyInto(AbstractPipeline.java:509)
	at java.base@21.0.10/java.util.stream.AbstractPipeline.wrapAndCopyInto(AbstractPipeline.java:499)
	at java.base@21.0.10/java.util.stream.ForEachOps$ForEachOp.evaluateSequential(ForEachOps.java:151)
	at java.base@21.0.10/java.util.stream.ForEachOps$ForEachOp$OfRef.evaluateSequential(ForEachOps.java:174)
	at java.base@21.0.10/java.util.stream.AbstractPipeline.evaluate(AbstractPipeline.java:234)
	at java.base@21.0.10/java.util.stream.ReferencePipeline.forEach(ReferencePipeline.java:596)
	at java.base@21.0.10/java.util.stream.ReferencePipeline$7$1.accept(ReferencePipeline.java:276)
	at java.base@21.0.10/java.util.stream.ReferencePipeline$3$1.accept(ReferencePipeline.java:197)
	at java.base@21.0.10/java.util.stream.ReferencePipeline$3$1.accept(ReferencePipeline.java:197)
	at java.base@21.0.10/java.util.stream.ReferencePipeline$3$1.accept(ReferencePipeline.java:197)
	at java.base@21.0.10/java.util.ArrayList$ArrayListSpliterator.forEachRemaining(ArrayList.java:1708)
	at java.base@21.0.10/java.util.stream.AbstractPipeline.copyInto(AbstractPipeline.java:509)
	at java.base@21.0.10/java.util.stream.AbstractPipeline.wrapAndCopyInto(AbstractPipeline.java:499)
	at java.base@21.0.10/java.util.stream.ForEachOps$ForEachOp.evaluateSequential(ForEachOps.java:151)
	at java.base@21.0.10/java.util.stream.ForEachOps$ForEachOp$OfRef.evaluateSequential(ForEachOps.java:174)
	at java.base@21.0.10/java.util.stream.AbstractPipeline.evaluate(AbstractPipeline.java:234)
	at java.base@21.0.10/java.util.stream.ReferencePipeline.forEach(ReferencePipeline.java:596)
	at java.base@21.0.10/java.util.stream.ReferencePipeline$7$1.accept(ReferencePipeline.java:276)
	at java.base@21.0.10/java.util.ArrayList$ArrayListSpliterator.forEachRemaining(ArrayList.java:1708)
	at java.base@21.0.10/java.util.stream.AbstractPipeline.copyInto(AbstractPipeline.java:509)
	at java.base@21.0.10/java.util.stream.AbstractPipeline.wrapAndCopyInto(AbstractPipeline.java:499)
	at java.base@21.0.10/java.util.stream.ForEachOps$ForEachOp.evaluateSequential(ForEachOps.java:151)
	at java.base@21.0.10/java.util.stream.ForEachOps$ForEachOp$OfRef.evaluateSequential(ForEachOps.java:174)
	at java.base@21.0.10/java.util.stream.AbstractPipeline.evaluate(AbstractPipeline.java:234)
	at java.base@21.0.10/java.util.stream.ReferencePipeline.forEach(ReferencePipeline.java:596)
	at java.base@21.0.10/java.util.ArrayList.forEach(ArrayList.java:1596)
	at java.base@21.0.10/java.util.ArrayList.forEach(ArrayList.java:1596)
</failure>
  </testcase>
  <testcase name="501116-v1.0.0:register_radius_fields" classname="org.seqra.cir.sast.BigProjectsEntrypointsTest" time="364.165">
    <failure message="org.opentest4j.AssertionFailedError: Expected a use-after-free in 501116-v1.0.0:register_radius_fields (register_radius_fields) but found none" type="org.opentest4j.AssertionFailedError">org.opentest4j.AssertionFailedError: Expected a use-after-free in 501116-v1.0.0:register_radius_fields (register_radius_fields) but found none
	at app//org.junit.jupiter.api.AssertionUtils.fail(AssertionUtils.java:38)
	at app//org.junit.jupiter.api.Assertions.fail(Assertions.java:138)
	at app//kotlin.test.junit5.JUnit5Asserter.fail(JUnitSupport.kt:56)
	at app//kotlin.test.Asserter$DefaultImpls.assertTrue(Assertions.kt:694)
	at app//kotlin.test.junit5.JUnit5Asserter.assertTrue(JUnitSupport.kt:30)
	at app//kotlin.test.Asserter$DefaultImpls.assertTrue(Assertions.kt:704)
	at app//kotlin.test.junit5.JUnit5Asserter.assertTrue(JUnitSupport.kt:30)
	at app//kotlin.test.AssertionsKt__AssertionsKt.assertTrue(Assertions.kt:44)
	at app//kotlin.test.AssertionsKt.assertTrue(Unknown Source)
	at app//org.seqra.cir.sast.BigProjectsEntrypointsTest.bigProject(BigProjectsEntrypointsTest.kt:39)
	at java.base@21.0.10/java.lang.reflect.Method.invoke(Method.java:580)
	at java.base@21.0.10/java.util.stream.ForEachOps$ForEachOp$OfRef.accept(ForEachOps.java:184)
	at java.base@21.0.10/java.util.stream.ReferencePipeline$3$1.accept(ReferencePipeline.java:197)
	at java.base@21.0.10/java.util.stream.ReferencePipeline$2$1.accept(ReferencePipeline.java:179)
	at java.base@21.0.10/java.util.stream.ReferencePipeline$3$1.accept(ReferencePipeline.java:197)
	at java.base@21.0.10/java.util.stream.ForEachOps$ForEachOp$OfRef.accept(ForEachOps.java:184)
	at java.base@21.0.10/java.util.stream.ReferencePipeline$3$1.accept(ReferencePipeline.java:197)
	at java.base@21.0.10/java.util.stream.ReferencePipeline$3$1.accept(ReferencePipeline.java:197)
	at java.base@21.0.10/java.util.stream.ReferencePipeline$3$1.accept(ReferencePipeline.java:197)
	at java.base@21.0.10/java.util.stream.ForEachOps$ForEachOp$OfRef.accept(ForEachOps.java:184)
	at java.base@21.0.10/java.util.stream.ReferencePipeline$3$1.accept(ReferencePipeline.java:197)
	at java.base@21.0.10/java.util.ArrayList$ArrayListSpliterator.forEachRemaining(ArrayList.java:1708)
	at java.base@21.0.10/java.util.stream.ReferencePipeline$Head.forEach(ReferencePipeline.java:762)
	at java.base@21.0.10/java.util.stream.ReferencePipeline$7$1.accept(ReferencePipeline.java:276)
	at java.base@21.0.10/java.util.stream.ReferencePipeline$3$1.accept(ReferencePipeline.java:197)
	at java.base@21.0.10/java.util.stream.ReferencePipeline$3$1.accept(ReferencePipeline.java:197)
	at java.base@21.0.10/java.util.stream.ReferencePipeline$3$1.accept(ReferencePipeline.java:197)
	at java.base@21.0.10/java.util.Spliterators$ArraySpliterator.forEachRemaining(Spliterators.java:1024)
	at java.base@21.0.10/java.util.stream.AbstractPipeline.copyInto(AbstractPipeline.java:509)
	at java.base@21.0.10/java.util.stream.AbstractPipeline.wrapAndCopyInto(AbstractPipeline.java:499)
	at java.base@21.0.10/java.util.stream.ForEachOps$ForEachOp.evaluateSequential(ForEachOps.java:151)
	at java.base@21.0.10/java.util.stream.ForEachOps$ForEachOp$OfRef.evaluateSequential(ForEachOps.java:174)
	at java.base@21.0.10/java.util.stream.AbstractPipeline.evaluate(AbstractPipeline.java:234)
	at java.base@21.0.10/java.util.stream.ReferencePipeline.forEach(ReferencePipeline.java:596)
	at java.base@21.0.10/java.util.stream.ReferencePipeline$7$1.accept(ReferencePipeline.java:276)
	at java.base@21.0.10/java.util.stream.ReferencePipeline$3$1.accept(ReferencePipeline.java:197)
	at java.base@21.0.10/java.util.stream.ReferencePipeline$3$1.accept(ReferencePipeline.java:197)
	at java.base@21.0.10/java.util.stream.ReferencePipeline$3$1.accept(ReferencePipeline.java:197)
	at java.base@21.0.10/java.util.ArrayList$ArrayListSpliterator.forEachRemaining(ArrayList.java:1708)
	at java.base@21.0.10/java.util.stream.AbstractPipeline.copyInto(AbstractPipeline.java:509)
	at java.base@21.0.10/java.util.stream.AbstractPipeline.wrapAndCopyInto(AbstractPipeline.java:499)
	at java.base@21.0.10/java.util.stream.ForEachOps$ForEachOp.evaluateSequential(ForEachOps.java:151)
	at java.base@21.0.10/java.util.stream.ForEachOps$ForEachOp$OfRef.evaluateSequential(ForEachOps.java:174)
	at java.base@21.0.10/java.util.stream.AbstractPipeline.evaluate(AbstractPipeline.java:234)
	at java.base@21.0.10/java.util.stream.ReferencePipeline.forEach(ReferencePipeline.java:596)
	at java.base@21.0.10/java.util.stream.ReferencePipeline$7$1.accept(ReferencePipeline.java:276)
	at java.base@21.0.10/java.util.ArrayList$ArrayListSpliterator.forEachRemaining(ArrayList.java:1708)
	at java.base@21.0.10/java.util.stream.AbstractPipeline.copyInto(AbstractPipeline.java:509)
	at java.base@21.0.10/java.util.stream.AbstractPipeline.wrapAndCopyInto(AbstractPipeline.java:499)
	at java.base@21.0.10/java.util.stream.ForEachOps$ForEachOp.evaluateSequential(ForEachOps.java:151)
	at java.base@21.0.10/java.util.stream.ForEachOps$ForEachOp$OfRef.evaluateSequential(ForEachOps.java:174)
	at java.base@21.0.10/java.util.stream.AbstractPipeline.evaluate(AbstractPipeline.java:234)
	at java.base@21.0.10/java.util.stream.ReferencePipeline.forEach(ReferencePipeline.java:596)
	at java.base@21.0.10/java.util.ArrayList.forEach(ArrayList.java:1596)
	at java.base@21.0.10/java.util.ArrayList.forEach(ArrayList.java:1596)
</failure>
  </testcase>
  <system-out><![CDATA[05:55:52.600 [Test worker] INFO  jetbrains.exodus.io.FileDataWriter -- Uninterruptible file channel will be used
05:55:53.435 [Test worker] INFO  j.exodus.env.EnvironmentImpl -- Exodus environment created: /tmp/xodusKeyValueStorage471338264235462188
05:56:00.812 [Test worker] WARN  o.s.i.i.CIRClasspathImplKt$logger$1 -- Find function by symbol name 'radius_load_dictionary'
05:56:02.784 [Test worker] INFO  o.s.d.a.i.TaintAnalysisUnitRunnerManager -- Starting analysis of 1 methods in 1 units
05:56:04.048 [org.seqra.dataflow.ap.ifds.TaintAnalysisUnitRunnerManager-worker-1 @coroutine#2] WARN  o.s.i.i.CIRClasspathImplKt$logger$1 -- Find function by symbol name 'g_strdup_printf'
05:56:04.051 [org.seqra.dataflow.ap.ifds.TaintAnalysisUnitRunnerManager-worker-1 @coroutine#2] WARN  o.s.i.i.CIRClasspathImplKt$logger$1 -- Ambiguous function resolution for symbol 'g_strdup_printf': [CIRFunctionID(moduleID=MLIRModuleID(id=/tmp/big-projects-work/buggy/wireshark-1.2-buggy/epan/dissectors/packet-radius.c), id=g_strdup_printf), CIRFunctionID(moduleID=MLIRModuleID(id=/tmp/big-projects-work/buggy/wireshark-1.2-buggy/epan/radius_dict.c), id=g_strdup_printf)]
05:56:04.321 [org.seqra.dataflow.ap.ifds.TaintAnalysisUnitRunnerManager-worker-1 @coroutine#2] WARN  o.s.i.i.CIRClasspathImplKt$logger$1 -- Find function by symbol name 'g_string_new'
05:56:04.323 [org.seqra.dataflow.ap.ifds.TaintAnalysisUnitRunnerManager-worker-1 @coroutine#2] WARN  o.s.i.i.CIRClasspathImplKt$logger$1 -- No definition for symbol 'g_string_new', using declaration CIRFunctionID(moduleID=MLIRModuleID(id=/tmp/big-projects-work/buggy/wireshark-1.2-buggy/epan/radius_dict.c), id=g_string_new)
05:56:04.324 [org.seqra.dataflow.ap.ifds.TaintAnalysisUnitRunnerManager-worker-1 @coroutine#2] WARN  o.s.i.i.CIRClasspathImplKt$logger$1 -- Find function by symbol name 'fopen'
05:56:04.325 [org.seqra.dataflow.ap.ifds.TaintAnalysisUnitRunnerManager-worker-1 @coroutine#2] WARN  o.s.i.i.CIRClasspathImplKt$logger$1 -- No definition for symbol 'fopen', using declaration CIRFunctionID(moduleID=MLIRModuleID(id=/tmp/big-projects-work/buggy/wireshark-1.2-buggy/epan/radius_dict.c), id=fopen)
05:56:04.412 [org.seqra.dataflow.ap.ifds.TaintAnalysisUnitRunnerManager-worker-1 @coroutine#2] WARN  o.s.i.i.CIRClasspathImplKt$logger$1 -- Find function by symbol name 'g_hash_table_new'
05:56:04.414 [org.seqra.dataflow.ap.ifds.TaintAnalysisUnitRunnerManager-worker-1 @coroutine#2] WARN  o.s.i.i.CIRClasspathImplKt$logger$1 -- Ambiguous function resolution for symbol 'g_hash_table_new': [CIRFunctionID(moduleID=MLIRModuleID(id=/tmp/big-projects-work/buggy/wireshark-1.2-buggy/epan/dissectors/packet-radius.c), id=g_hash_table_new), CIRFunctionID(moduleID=MLIRModuleID(id=/tmp/big-projects-work/buggy/wireshark-1.2-buggy/epan/radius_dict.c), id=g_hash_table_new)]
05:56:04.415 [org.seqra.dataflow.ap.ifds.TaintAnalysisUnitRunnerManager-worker-1 @coroutine#2] WARN  o.s.i.i.CIRClasspathImplKt$logger$1 -- Find function by symbol name 'Radiuslex'
05:56:04.560 [org.seqra.dataflow.ap.ifds.TaintAnalysisUnitRunnerManager-worker-1 @coroutine#2] WARN  o.s.i.i.CIRClasspathImplKt$logger$1 -- Find function by symbol name 'g_hash_table_foreach'
05:56:04.561 [org.seqra.dataflow.ap.ifds.TaintAnalysisUnitRunnerManager-worker-1 @coroutine#2] WARN  o.s.i.i.CIRClasspathImplKt$logger$1 -- Ambiguous function resolution for symbol 'g_hash_table_foreach': [CIRFunctionID(moduleID=MLIRModuleID(id=/tmp/big-projects-work/buggy/wireshark-1.2-buggy/epan/dissectors/packet-radius.c), id=g_hash_table_foreach), CIRFunctionID(moduleID=MLIRModuleID(id=/tmp/big-projects-work/buggy/wireshark-1.2-buggy/epan/radius_dict.c), id=g_hash_table_foreach)]
05:56:04.563 [org.seqra.dataflow.ap.ifds.TaintAnalysisUnitRunnerManager-worker-1 @coroutine#2] WARN  o.s.i.i.CIRClasspathImplKt$logger$1 -- Find function by symbol name 'g_hash_table_foreach_remove'
05:56:04.564 [org.seqra.dataflow.ap.ifds.TaintAnalysisUnitRunnerManager-worker-1 @coroutine#2] WARN  o.s.i.i.CIRClasspathImplKt$logger$1 -- Ambiguous function resolution for symbol 'g_hash_table_foreach_remove': [CIRFunctionID(moduleID=MLIRModuleID(id=/tmp/big-projects-work/buggy/wireshark-1.2-buggy/epan/dissectors/packet-radius.c), id=g_hash_table_foreach_remove), CIRFunctionID(moduleID=MLIRModuleID(id=/tmp/big-projects-work/buggy/wireshark-1.2-buggy/epan/radius_dict.c), id=g_hash_table_foreach_remove)]
05:56:04.759 [org.seqra.dataflow.ap.ifds.TaintAnalysisUnitRunnerManager-worker-1 @coroutine#2] WARN  o.s.i.i.CIRClasspathImplKt$logger$1 -- Find function by symbol name 'g_string_free'
05:56:04.761 [org.seqra.dataflow.ap.ifds.TaintAnalysisUnitRunnerManager-worker-1 @coroutine#2] WARN  o.s.i.i.CIRClasspathImplKt$logger$1 -- Ambiguous function resolution for symbol 'g_string_free': [CIRFunctionID(moduleID=MLIRModuleID(id=/tmp/big-projects-work/buggy/wireshark-1.2-buggy/epan/dissectors/packet-radius.c), id=g_string_free), CIRFunctionID(moduleID=MLIRModuleID(id=/tmp/big-projects-work/buggy/wireshark-1.2-buggy/epan/radius_dict.c), id=g_string_free)]
05:56:04.795 [org.seqra.dataflow.ap.ifds.TaintAnalysisUnitRunnerManager-worker-1 @coroutine#2] WARN  o.s.i.i.CIRClasspathImplKt$logger$1 -- Find function by symbol name 'g_string_free_and_steal'
05:56:04.796 [org.seqra.dataflow.ap.ifds.TaintAnalysisUnitRunnerManager-worker-1 @coroutine#2] WARN  o.s.i.i.CIRClasspathImplKt$logger$1 -- No definition for symbol 'g_string_free_and_steal', using declaration CIRFunctionID(moduleID=MLIRModuleID(id=/tmp/big-projects-work/buggy/wireshark-1.2-buggy/epan/radius_dict.c), id=g_string_free_and_steal)
05:56:04.797 [org.seqra.dataflow.ap.ifds.TaintAnalysisUnitRunnerManager-worker-1 @coroutine#2] WARN  o.s.i.i.CIRClasspathImplKt$logger$1 -- Find function by symbol name 'destroy_dict'
05:56:04.837 [org.seqra.dataflow.ap.ifds.TaintAnalysisUnitRunnerManager-worker-1 @coroutine#2] WARN  o.s.i.i.CIRClasspathImplKt$logger$1 -- Find function by symbol name 'g_free'
05:56:04.840 [org.seqra.dataflow.ap.ifds.TaintAnalysisUnitRunnerManager-worker-1 @coroutine#2] WARN  o.s.i.i.CIRClasspathImplKt$logger$1 -- Ambiguous function resolution for symbol 'g_free': [CIRFunctionID(moduleID=MLIRModuleID(id=/tmp/big-projects-work/buggy/wireshark-1.2-buggy/epan/dissectors/packet-radius.c), id=g_free), CIRFunctionID(moduleID=MLIRModuleID(id=/tmp/big-projects-work/buggy/wireshark-1.2-buggy/epan/radius_dict.c), id=g_free)]
05:56:05.043 [org.seqra.dataflow.ap.ifds.TaintAnalysisUnitRunnerManager-worker-1 @coroutine#2] WARN  o.s.i.i.CIRClasspathImplKt$logger$1 -- Find function by symbol name 'fclose'
05:56:05.045 [org.seqra.dataflow.ap.ifds.TaintAnalysisUnitRunnerManager-worker-1 @coroutine#2] WARN  o.s.i.i.CIRClasspathImplKt$logger$1 -- No definition for symbol 'fclose', using declaration CIRFunctionID(moduleID=MLIRModuleID(id=/tmp/big-projects-work/buggy/wireshark-1.2-buggy/epan/radius_dict.c), id=fclose)
05:56:05.046 [org.seqra.dataflow.ap.ifds.TaintAnalysisUnitRunnerManager-worker-1 @coroutine#2] WARN  o.s.i.i.CIRClasspathImplKt$logger$1 -- Find function by symbol name '__errno_location'
05:56:05.046 [org.seqra.dataflow.ap.ifds.TaintAnalysisUnitRunnerManager-worker-1 @coroutine#2] WARN  o.s.i.i.CIRClasspathImplKt$logger$1 -- No definition for symbol '__errno_location', using declaration CIRFunctionID(moduleID=MLIRModuleID(id=/tmp/big-projects-work/buggy/wireshark-1.2-buggy/epan/radius_dict.c), id=__errno_location)
05:56:05.047 [org.seqra.dataflow.ap.ifds.TaintAnalysisUnitRunnerManager-worker-1 @coroutine#2] WARN  o.s.i.i.CIRClasspathImplKt$logger$1 -- Find function by symbol name 'strerror'
05:56:05.048 [org.seqra.dataflow.ap.ifds.TaintAnalysisUnitRunnerManager-worker-1 @coroutine#2] WARN  o.s.i.i.CIRClasspathImplKt$logger$1 -- No definition for symbol 'strerror', using declaration CIRFunctionID(moduleID=MLIRModuleID(id=/tmp/big-projects-work/buggy/wireshark-1.2-buggy/epan/radius_dict.c), id=strerror)
05:56:05.049 [org.seqra.dataflow.ap.ifds.TaintAnalysisUnitRunnerManager-worker-1 @coroutine#2] WARN  o.s.i.i.CIRClasspathImplKt$logger$1 -- Find function by symbol name 'g_string_append_printf'
05:56:05.049 [org.seqra.dataflow.ap.ifds.TaintAnalysisUnitRunnerManager-worker-1 @coroutine#2] WARN  o.s.i.i.CIRClasspathImplKt$logger$1 -- Ambiguous function resolution for symbol 'g_string_append_printf': [CIRFunctionID(moduleID=MLIRModuleID(id=/tmp/big-projects-work/buggy/wireshark-1.2-buggy/epan/dissectors/packet-radius.c), id=g_string_append_printf), CIRFunctionID(moduleID=MLIRModuleID(id=/tmp/big-projects-work/buggy/wireshark-1.2-buggy/epan/radius_dict.c), id=g_string_append_printf)]
05:56:05.065 [org.seqra.dataflow.ap.ifds.TaintAnalysisUnitRunnerManager-worker-1 @coroutine#2] WARN  o.s.i.i.CIRClasspathImplKt$logger$1 -- Find function by symbol name 'yy_fatal_error'
05:56:05.089 [org.seqra.dataflow.ap.ifds.TaintAnalysisUnitRunnerManager-worker-1 @coroutine#2] WARN  o.s.i.i.CIRClasspathImplKt$logger$1 -- Find function by symbol name 'yy_get_next_buffer'
05:56:05.128 [org.seqra.dataflow.ap.ifds.TaintAnalysisUnitRunnerManager-worker-1 @coroutine#2] WARN  o.s.i.i.CIRClasspathImplKt$logger$1 -- Find function by symbol name 'yy_get_previous_state'
05:56:05.135 [org.seqra.dataflow.ap.ifds.TaintAnalysisUnitRunnerManager-worker-1 @coroutine#2] WARN  o.s.i.i.CIRClasspathImplKt$logger$1 -- Find function by symbol name 'Radiuswrap'
05:56:05.137 [org.seqra.dataflow.ap.ifds.TaintAnalysisUnitRunnerManager-worker-1 @coroutine#2] WARN  o.s.i.i.CIRClasspathImplKt$logger$1 -- Find function by symbol name 'Radiusrestart'
05:56:05.141 [org.seqra.dataflow.ap.ifds.TaintAnalysisUnitRunnerManager-worker-1 @coroutine#2] WARN  o.s.i.i.CIRClasspathImplKt$logger$1 -- Find function by symbol name 'yy_try_NUL_trans'
05:56:05.148 [org.seqra.dataflow.ap.ifds.TaintAnalysisUnitRunnerManager-worker-1 @coroutine#2] WARN  o.s.i.i.CIRClasspathImplKt$logger$1 -- Find function by symbol name 'Radius_delete_buffer'
05:56:05.152 [org.seqra.dataflow.ap.ifds.TaintAnalysisUnitRunnerManager-worker-1 @coroutine#2] WARN  o.s.i.i.CIRClasspathImplKt$logger$1 -- Find function by symbol name 'Radius_switch_to_buffer'
05:56:05.738 [org.seqra.dataflow.ap.ifds.TaintAnalysisUnitRunnerManager-worker-1 @coroutine#2] WARN  o.s.i.i.CIRClasspathImplKt$logger$1 -- Find function by symbol name 'Radius_create_buffer'
05:56:05.742 [org.seqra.dataflow.ap.ifds.TaintAnalysisUnitRunnerManager-worker-1 @coroutine#2] WARN  o.s.i.i.CIRClasspathImplKt$logger$1 -- Find function by symbol name 'g_strerror'
05:56:05.743 [org.seqra.dataflow.ap.ifds.TaintAnalysisUnitRunnerManager-worker-1 @coroutine#2] WARN  o.s.i.i.CIRClasspathImplKt$logger$1 -- No definition for symbol 'g_strerror', using declaration CIRFunctionID(moduleID=MLIRModuleID(id=/tmp/big-projects-work/buggy/wireshark-1.2-buggy/epan/radius_dict.c), id=g_strerror)
05:56:05.748 [org.seqra.dataflow.ap.ifds.TaintAnalysisUnitRunnerManager-worker-1 @coroutine#2] WARN  o.s.i.i.CIRClasspathImplKt$logger$1 -- Find function by symbol name 'strtol'
05:56:05.749 [org.seqra.dataflow.ap.ifds.TaintAnalysisUnitRunnerManager-worker-1 @coroutine#2] WARN  o.s.i.i.CIRClasspathImplKt$logger$1 -- No definition for symbol 'strtol', using declaration CIRFunctionID(moduleID=MLIRModuleID(id=/tmp/big-projects-work/buggy/wireshark-1.2-buggy/epan/radius_dict.c), id=strtol)
05:56:05.750 [org.seqra.dataflow.ap.ifds.TaintAnalysisUnitRunnerManager-worker-1 @coroutine#2] WARN  o.s.i.i.CIRClasspathImplKt$logger$1 -- Find function by symbol name 'add_value'
05:56:06.051 [org.seqra.dataflow.ap.ifds.TaintAnalysisUnitRunnerManager-worker-1 @coroutine#2] WARN  o.s.i.i.CIRClasspathImplKt$logger$1 -- Find function by symbol name 'g_strdup_inline'
05:56:06.074 [org.seqra.dataflow.ap.ifds.TaintAnalysisUnitRunnerManager-worker-1 @coroutine#2] WARN  o.s.i.i.CIRClasspathImplKt$logger$1 -- Ambiguous function resolution for symbol 'g_strdup_inline': [CIRFunctionID(moduleID=MLIRModuleID(id=/tmp/big-projects-work/buggy/wireshark-1.2-buggy/epan/dissectors/packet-radius.c), id=g_strdup_inline), CIRFunctionID(moduleID=MLIRModuleID(id=/tmp/big-projects-work/buggy/wireshark-1.2-buggy/epan/radius_dict.c), id=g_strdup_inline)]
05:56:06.074 [org.seqra.dataflow.ap.ifds.TaintAnalysisUnitRunnerManager-worker-1 @coroutine#2] WARN  o.s.i.i.CIRClasspathImplKt$logger$1 -- Find function by symbol name 'g_strdup_inline'
05:56:06.075 [org.seqra.dataflow.ap.ifds.TaintAnalysisUnitRunnerManager-worker-1 @coroutine#2] WARN  o.s.i.i.CIRClasspathImplKt$logger$1 -- Ambiguous function resolution for symbol 'g_strdup_inline': [CIRFunctionID(moduleID=MLIRModuleID(id=/tmp/big-projects-work/buggy/wireshark-1.2-buggy/epan/dissectors/packet-radius.c), id=g_strdup_inline), CIRFunctionID(moduleID=MLIRModuleID(id=/tmp/big-projects-work/buggy/wireshark-1.2-buggy/epan/radius_dict.c), id=g_strdup_inline)]
05:56:06.075 [org.seqra.dataflow.ap.ifds.TaintAnalysisUnitRunnerManager-worker-1 @coroutine#2] WARN  o.s.i.i.CIRClasspathImplKt$logger$1 -- Find function by symbol name 'add_attribute'
05:56:06.109 [org.seqra.dataflow.ap.ifds.TaintAnalysisUnitRunnerManager-worker-1 @coroutine#2] WARN  o.s.i.i.CIRClasspathImplKt$logger$1 -- Find function by symbol name 'g_strdup_inline'
05:56:06.110 [org.seqra.dataflow.ap.ifds.TaintAnalysisUnitRunnerManager-worker-1 @coroutine#2] WARN  o.s.i.i.CIRClasspathImplKt$logger$1 -- Ambiguous function resolution for symbol 'g_strdup_inline': [CIRFunctionID(moduleID=MLIRModuleID(id=/tmp/big-projects-work/buggy/wireshark-1.2-buggy/epan/dissectors/packet-radius.c), id=g_strdup_inline), CIRFunctionID(moduleID=MLIRModuleID(id=/tmp/big-projects-work/buggy/wireshark-1.2-buggy/epan/radius_dict.c), id=g_strdup_inline)]
05:56:06.113 [org.seqra.dataflow.ap.ifds.TaintAnalysisUnitRunnerManager-worker-1 @coroutine#2] WARN  o.s.i.i.CIRClasspathImplKt$logger$1 -- Find function by symbol name 'strtoul'
05:56:06.114 [org.seqra.dataflow.ap.ifds.TaintAnalysisUnitRunnerManager-worker-1 @coroutine#2] WARN  o.s.i.i.CIRClasspathImplKt$logger$1 -- No definition for symbol 'strtoul', using declaration CIRFunctionID(moduleID=MLIRModuleID(id=/tmp/big-projects-work/buggy/wireshark-1.2-buggy/epan/radius_dict.c), id=strtoul)
05:56:06.115 [org.seqra.dataflow.ap.ifds.TaintAnalysisUnitRunnerManager-worker-1 @coroutine#2] WARN  o.s.i.i.CIRClasspathImplKt$logger$1 -- Find function by symbol name 'g_strdup_inline'
05:56:06.116 [org.seqra.dataflow.ap.ifds.TaintAnalysisUnitRunnerManager-worker-1 @coroutine#2] WARN  o.s.i.i.CIRClasspathImplKt$logger$1 -- Ambiguous function resolution for symbol 'g_strdup_inline': [CIRFunctionID(moduleID=MLIRModuleID(id=/tmp/big-projects-work/buggy/wireshark-1.2-buggy/epan/dissectors/packet-radius.c), id=g_strdup_inline), CIRFunctionID(moduleID=MLIRModuleID(id=/tmp/big-projects-work/buggy/wireshark-1.2-buggy/epan/radius_dict.c), id=g_strdup_inline)]
05:56:06.116 [org.seqra.dataflow.ap.ifds.TaintAnalysisUnitRunnerManager-worker-1 @coroutine#2] WARN  o.s.i.i.CIRClasspathImplKt$logger$1 -- Find function by symbol name 'g_strdup_inline'
05:56:06.117 [org.seqra.dataflow.ap.ifds.TaintAnalysisUnitRunnerManager-worker-1 @coroutine#2] WARN  o.s.i.i.CIRClasspathImplKt$logger$1 -- Ambiguous function resolution for symbol 'g_strdup_inline': [CIRFunctionID(moduleID=MLIRModuleID(id=/tmp/big-projects-work/buggy/wireshark-1.2-buggy/epan/dissectors/packet-radius.c), id=g_strdup_inline), CIRFunctionID(moduleID=MLIRModuleID(id=/tmp/big-projects-work/buggy/wireshark-1.2-buggy/epan/radius_dict.c), id=g_strdup_inline)]
05:56:06.117 [org.seqra.dataflow.ap.ifds.TaintAnalysisUnitRunnerManager-worker-1 @coroutine#2] WARN  o.s.i.i.CIRClasspathImplKt$logger$1 -- Find function by symbol name 'add_vendor'
05:56:06.124 [org.seqra.dataflow.ap.ifds.TaintAnalysisUnitRunnerManager-worker-1 @coroutine#2] WARN  o.s.i.i.CIRClasspathImplKt$logger$1 -- Find function by symbol name 'g_strdup_inline'
05:56:06.125 [org.seqra.dataflow.ap.ifds.TaintAnalysisUnitRunnerManager-worker-1 @coroutine#2] WARN  o.s.i.i.CIRClasspathImplKt$logger$1 -- Ambiguous function resolution for symbol 'g_strdup_inline': [CIRFunctionID(moduleID=MLIRModuleID(id=/tmp/big-projects-work/buggy/wireshark-1.2-buggy/epan/dissectors/packet-radius.c), id=g_strdup_inline), CIRFunctionID(moduleID=MLIRModuleID(id=/tmp/big-projects-work/buggy/wireshark-1.2-buggy/epan/radius_dict.c), id=g_strdup_inline)]
05:56:06.127 [org.seqra.dataflow.ap.ifds.TaintAnalysisUnitRunnerManager-worker-1 @coroutine#2] WARN  o.s.i.i.CIRClasspathImplKt$logger$1 -- Find function by symbol name 'g_strdup_inline'
05:56:06.128 [org.seqra.dataflow.ap.ifds.TaintAnalysisUnitRunnerManager-worker-1 @coroutine#2] WARN  o.s.i.i.CIRClasspathImplKt$logger$1 -- Ambiguous function resolution for symbol 'g_strdup_inline': [CIRFunctionID(moduleID=MLIRModuleID(id=/tmp/big-projects-work/buggy/wireshark-1.2-buggy/epan/dissectors/packet-radius.c), id=g_strdup_inline), CIRFunctionID(moduleID=MLIRModuleID(id=/tmp/big-projects-work/buggy/wireshark-1.2-buggy/epan/radius_dict.c), id=g_strdup_inline)]
05:56:06.129 [org.seqra.dataflow.ap.ifds.TaintAnalysisUnitRunnerManager-worker-1 @coroutine#2] WARN  o.s.i.i.CIRClasspathImplKt$logger$1 -- Find function by symbol name 'g_strdup_inline'
05:56:06.130 [org.seqra.dataflow.ap.ifds.TaintAnalysisUnitRunnerManager-worker-1 @coroutine#2] WARN  o.s.i.i.CIRClasspathImplKt$logger$1 -- Ambiguous function resolution for symbol 'g_strdup_inline': [CIRFunctionID(moduleID=MLIRModuleID(id=/tmp/big-projects-work/buggy/wireshark-1.2-buggy/epan/dissectors/packet-radius.c), id=g_strdup_inline), CIRFunctionID(moduleID=MLIRModuleID(id=/tmp/big-projects-work/buggy/wireshark-1.2-buggy/epan/radius_dict.c), id=g_strdup_inline)]
05:56:13.098 [org.seqra.dataflow.ap.ifds.TaintAnalysisUnitRunnerManager-progress @coroutine#3] INFO  o.s.d.a.i.TaintAnalysisUnitRunnerManager -- Progress: 3/116
05:56:13.109 [org.seqra.dataflow.ap.ifds.TaintAnalysisUnitRunnerManager-progress @coroutine#3] INFO  o.s.d.a.i.TaintAnalysisUnitRunnerManager -- Memory usage: 12529788200/12884901888 (97.24%)
05:56:23.115 [org.seqra.dataflow.ap.ifds.TaintAnalysisUnitRunnerManager-progress @coroutine#3] INFO  o.s.d.a.i.TaintAnalysisUnitRunnerManager -- Progress: 3/131
05:56:23.115 [org.seqra.dataflow.ap.ifds.TaintAnalysisUnitRunnerManager-progress @coroutine#3] INFO  o.s.d.a.i.TaintAnalysisUnitRunnerManager -- Memory usage: 12095673880/12884901888 (93.87%)
05:56:25.099 [org.seqra.dataflow.ap.ifds.TaintAnalysisUnitRunnerManager-worker-1 @coroutine#2] WARN  o.s.i.i.CIRClasspathImplKt$logger$1 -- Find function by symbol name 'Radius_load_buffer_state'
05:56:25.103 [org.seqra.dataflow.ap.ifds.TaintAnalysisUnitRunnerManager-worker-1 @coroutine#2] WARN  o.s.i.i.CIRClasspathImplKt$logger$1 -- Find function by symbol name 'Radiusensure_buffer_stack'
05:56:25.250 [org.seqra.dataflow.ap.ifds.TaintAnalysisUnitRunnerManager-worker-1 @coroutine#2] WARN  o.s.i.i.CIRClasspathImplKt$logger$1 -- Find function by symbol name 'Radiusfree'
05:56:25.479 [org.seqra.dataflow.ap.ifds.TaintAnalysisUnitRunnerManager-worker-1 @coroutine#2] WARN  o.s.i.i.CIRClasspathImplKt$logger$1 -- Find function by symbol name 'Radiusrealloc'
05:56:25.481 [org.seqra.dataflow.ap.ifds.TaintAnalysisUnitRunnerManager-worker-1 @coroutine#2] WARN  o.s.i.i.CIRClasspathImplKt$logger$1 -- Find function by symbol name 'Radiusalloc'
05:56:25.484 [org.seqra.dataflow.ap.ifds.TaintAnalysisUnitRunnerManager-worker-1 @coroutine#2] WARN  o.s.i.i.CIRClasspathImplKt$logger$1 -- Find function by symbol name 'g_hash_table_lookup'
05:56:25.485 [org.seqra.dataflow.ap.ifds.TaintAnalysisUnitRunnerManager-worker-1 @coroutine#2] WARN  o.s.i.i.CIRClasspathImplKt$logger$1 -- Ambiguous function resolution for symbol 'g_hash_table_lookup': [CIRFunctionID(moduleID=MLIRModuleID(id=/tmp/big-projects-work/buggy/wireshark-1.2-buggy/epan/dissectors/packet-radius.c), id=g_hash_table_lookup), CIRFunctionID(moduleID=MLIRModuleID(id=/tmp/big-projects-work/buggy/wireshark-1.2-buggy/epan/radius_dict.c), id=g_hash_table_lookup)]
05:56:25.486 [org.seqra.dataflow.ap.ifds.TaintAnalysisUnitRunnerManager-worker-1 @coroutine#2] WARN  o.s.i.i.CIRClasspathImplKt$logger$1 -- Find function by symbol name 'g_strdup_inline'
05:56:25.487 [org.seqra.dataflow.ap.ifds.TaintAnalysisUnitRunnerManager-worker-1 @coroutine#2] WARN  o.s.i.i.CIRClasspathImplKt$logger$1 -- Ambiguous function resolution for symbol 'g_strdup_inline': [CIRFunctionID(moduleID=MLIRModuleID(id=/tmp/big-projects-work/buggy/wireshark-1.2-buggy/epan/dissectors/packet-radius.c), id=g_strdup_inline), CIRFunctionID(moduleID=MLIRModuleID(id=/tmp/big-projects-work/buggy/wireshark-1.2-buggy/epan/radius_dict.c), id=g_strdup_inline)]
05:56:25.487 [org.seqra.dataflow.ap.ifds.TaintAnalysisUnitRunnerManager-worker-1 @coroutine#2] WARN  o.s.i.i.CIRClasspathImplKt$logger$1 -- Find function by symbol name 'g_array_append_vals'
05:56:25.488 [org.seqra.dataflow.ap.ifds.TaintAnalysisUnitRunnerManager-worker-1 @coroutine#2] WARN  o.s.i.i.CIRClasspathImplKt$logger$1 -- Ambiguous function resolution for symbol 'g_array_append_vals': [CIRFunctionID(moduleID=MLIRModuleID(id=/tmp/big-projects-work/buggy/wireshark-1.2-buggy/epan/dissectors/packet-radius.c), id=g_array_append_vals), CIRFunctionID(moduleID=MLIRModuleID(id=/tmp/big-projects-work/buggy/wireshark-1.2-buggy/epan/radius_dict.c), id=g_array_append_vals)]
05:56:25.489 [org.seqra.dataflow.ap.ifds.TaintAnalysisUnitRunnerManager-worker-1 @coroutine#2] WARN  o.s.i.i.CIRClasspathImplKt$logger$1 -- Find function by symbol name 'g_array_new'
05:56:25.490 [org.seqra.dataflow.ap.ifds.TaintAnalysisUnitRunnerManager-worker-1 @coroutine#2] WARN  o.s.i.i.CIRClasspathImplKt$logger$1 -- Ambiguous function resolution for symbol 'g_array_new': [CIRFunctionID(moduleID=MLIRModuleID(id=/tmp/big-projects-work/buggy/wireshark-1.2-buggy/epan/dissectors/packet-radius.c), id=g_array_new), CIRFunctionID(moduleID=MLIRModuleID(id=/tmp/big-projects-work/buggy/wireshark-1.2-buggy/epan/radius_dict.c), id=g_array_new)]
05:56:25.491 [org.seqra.dataflow.ap.ifds.TaintAnalysisUnitRunnerManager-worker-1 @coroutine#2] WARN  o.s.i.i.CIRClasspathImplKt$logger$1 -- Find function by symbol name 'g_strdup_inline'
05:56:25.492 [org.seqra.dataflow.ap.ifds.TaintAnalysisUnitRunnerManager-worker-1 @coroutine#2] WARN  o.s.i.i.CIRClasspathImplKt$logger$1 -- Ambiguous function resolution for symbol 'g_strdup_inline': [CIRFunctionID(moduleID=MLIRModuleID(id=/tmp/big-projects-work/buggy/wireshark-1.2-buggy/epan/dissectors/packet-radius.c), id=g_strdup_inline), CIRFunctionID(moduleID=MLIRModuleID(id=/tmp/big-projects-work/buggy/wireshark-1.2-buggy/epan/radius_dict.c), id=g_strdup_inline)]
05:56:25.492 [org.seqra.dataflow.ap.ifds.TaintAnalysisUnitRunnerManager-worker-1 @coroutine#2] WARN  o.s.i.i.CIRClasspathImplKt$logger$1 -- Find function by symbol name 'g_hash_table_insert'
05:56:25.493 [org.seqra.dataflow.ap.ifds.TaintAnalysisUnitRunnerManager-worker-1 @coroutine#2] WARN  o.s.i.i.CIRClasspathImplKt$logger$1 -- Ambiguous function resolution for symbol 'g_hash_table_insert': [CIRFunctionID(moduleID=MLIRModuleID(id=/tmp/big-projects-work/buggy/wireshark-1.2-buggy/epan/dissectors/packet-radius.c), id=g_hash_table_insert), CIRFunctionID(moduleID=MLIRModuleID(id=/tmp/big-projects-work/buggy/wireshark-1.2-buggy/epan/radius_dict.c), id=g_hash_table_insert)]
05:56:25.493 [org.seqra.dataflow.ap.ifds.TaintAnalysisUnitRunnerManager-worker-1 @coroutine#2] WARN  o.s.i.i.CIRClasspathImplKt$logger$1 -- Find function by symbol name 'malloc'
05:56:25.494 [org.seqra.dataflow.ap.ifds.TaintAnalysisUnitRunnerManager-worker-1 @coroutine#2] WARN  o.s.i.i.CIRClasspathImplKt$logger$1 -- No definition for symbol 'malloc', using declaration CIRFunctionID(moduleID=MLIRModuleID(id=/tmp/big-projects-work/buggy/wireshark-1.2-buggy/epan/radius_dict.c), id=malloc)
05:56:25.495 [org.seqra.dataflow.ap.ifds.TaintAnalysisUnitRunnerManager-worker-1 @coroutine#2] WARN  o.s.i.i.CIRClasspathImplKt$logger$1 -- Find function by symbol name 'g_strdup_inline'
05:56:25.496 [org.seqra.dataflow.ap.ifds.TaintAnalysisUnitRunnerManager-worker-1 @coroutine#2] WARN  o.s.i.i.CIRClasspathImplKt$logger$1 -- Ambiguous function resolution for symbol 'g_strdup_inline': [CIRFunctionID(moduleID=MLIRModuleID(id=/tmp/big-projects-work/buggy/wireshark-1.2-buggy/epan/dissectors/packet-radius.c), id=g_strdup_inline), CIRFunctionID(moduleID=MLIRModuleID(id=/tmp/big-projects-work/buggy/wireshark-1.2-buggy/epan/radius_dict.c), id=g_strdup_inline)]
05:56:25.561 [org.seqra.dataflow.ap.ifds.TaintAnalysisUnitRunnerManager-worker-1 @coroutine#2] WARN  o.s.i.i.CIRClasspathImplKt$logger$1 -- Find function by symbol name 'g_malloc'
05:56:25.562 [org.seqra.dataflow.ap.ifds.TaintAnalysisUnitRunnerManager-worker-1 @coroutine#2] WARN  o.s.i.i.CIRClasspathImplKt$logger$1 -- Ambiguous function resolution for symbol 'g_malloc': [CIRFunctionID(moduleID=MLIRModuleID(id=/tmp/big-projects-work/buggy/wireshark-1.2-buggy/epan/dissectors/packet-radius.c), id=g_malloc), CIRFunctionID(moduleID=MLIRModuleID(id=/tmp/big-projects-work/buggy/wireshark-1.2-buggy/epan/radius_dict.c), id=g_malloc)]
05:56:25.564 [org.seqra.dataflow.ap.ifds.TaintAnalysisUnitRunnerManager-worker-1 @coroutine#2] WARN  o.s.i.i.CIRClasspathImplKt$logger$1 -- Find function by symbol name 'add_tlv'
05:56:26.267 [org.seqra.dataflow.ap.ifds.TaintAnalysisUnitRunnerManager-worker-1 @coroutine#2] WARN  o.s.i.i.CIRClasspathImplKt$logger$1 -- Find function by symbol name 'fprintf'
05:56:26.268 [org.seqra.dataflow.ap.ifds.TaintAnalysisUnitRunnerManager-worker-1 @coroutine#2] WARN  o.s.i.i.CIRClasspathImplKt$logger$1 -- No definition for symbol 'fprintf', using declaration CIRFunctionID(moduleID=MLIRModuleID(id=/tmp/big-projects-work/buggy/wireshark-1.2-buggy/epan/radius_dict.c), id=fprintf)
05:56:26.269 [org.seqra.dataflow.ap.ifds.TaintAnalysisUnitRunnerManager-worker-1 @coroutine#2] WARN  o.s.i.i.CIRClasspathImplKt$logger$1 -- Find function by symbol name 'exit'
05:56:26.271 [org.seqra.dataflow.ap.ifds.TaintAnalysisUnitRunnerManager-worker-1 @coroutine#2] WARN  o.s.i.i.CIRClasspathImplKt$logger$1 -- Ambiguous function resolution for symbol 'exit': [CIRFunctionID(moduleID=MLIRModuleID(id=/tmp/big-projects-work/buggy/wireshark-1.2-buggy/epan/dissectors/packet-radius.c), id=exit), CIRFunctionID(moduleID=MLIRModuleID(id=/tmp/big-projects-work/buggy/wireshark-1.2-buggy/epan/radius_dict.c), id=exit)]
05:56:26.282 [org.seqra.dataflow.ap.ifds.TaintAnalysisUnitRunnerManager-worker-1 @coroutine#2] WARN  o.s.i.i.CIRClasspathImplKt$logger$1 -- Find function by symbol name 'g_strdup_inline'
05:56:26.283 [org.seqra.dataflow.ap.ifds.TaintAnalysisUnitRunnerManager-worker-1 @coroutine#2] WARN  o.s.i.i.CIRClasspathImplKt$logger$1 -- Ambiguous function resolution for symbol 'g_strdup_inline': [CIRFunctionID(moduleID=MLIRModuleID(id=/tmp/big-projects-work/buggy/wireshark-1.2-buggy/epan/dissectors/packet-radius.c), id=g_strdup_inline), CIRFunctionID(moduleID=MLIRModuleID(id=/tmp/big-projects-work/buggy/wireshark-1.2-buggy/epan/radius_dict.c), id=g_strdup_inline)]
05:56:26.324 [org.seqra.dataflow.ap.ifds.TaintAnalysisUnitRunnerManager-worker-1 @coroutine#2] WARN  o.s.i.i.CIRClasspathImplKt$logger$1 -- Find function by symbol name 'fread'
05:56:26.325 [org.seqra.dataflow.ap.ifds.TaintAnalysisUnitRunnerManager-worker-1 @coroutine#2] WARN  o.s.i.i.CIRClasspathImplKt$logger$1 -- No definition for symbol 'fread', using declaration CIRFunctionID(moduleID=MLIRModuleID(id=/tmp/big-projects-work/buggy/wireshark-1.2-buggy/epan/radius_dict.c), id=fread)
05:56:26.326 [org.seqra.dataflow.ap.ifds.TaintAnalysisUnitRunnerManager-worker-1 @coroutine#2] WARN  o.s.i.i.CIRClasspathImplKt$logger$1 -- Find function by symbol name 'clearerr'
05:56:26.328 [org.seqra.dataflow.ap.ifds.TaintAnalysisUnitRunnerManager-worker-1 @coroutine#2] WARN  o.s.i.i.CIRClasspathImplKt$logger$1 -- No definition for symbol 'clearerr', using declaration CIRFunctionID(moduleID=MLIRModuleID(id=/tmp/big-projects-work/buggy/wireshark-1.2-buggy/epan/radius_dict.c), id=clearerr)
05:56:26.329 [org.seqra.dataflow.ap.ifds.TaintAnalysisUnitRunnerManager-worker-1 @coroutine#2] WARN  o.s.i.i.CIRClasspathImplKt$logger$1 -- Find function by symbol name 'ferror'
05:56:26.330 [org.seqra.dataflow.ap.ifds.TaintAnalysisUnitRunnerManager-worker-1 @coroutine#2] WARN  o.s.i.i.CIRClasspathImplKt$logger$1 -- No definition for symbol 'ferror', using declaration CIRFunctionID(moduleID=MLIRModuleID(id=/tmp/big-projects-work/buggy/wireshark-1.2-buggy/epan/radius_dict.c), id=ferror)
05:56:26.333 [org.seqra.dataflow.ap.ifds.TaintAnalysisUnitRunnerManager-worker-1 @coroutine#2] WARN  o.s.i.i.CIRClasspathImplKt$logger$1 -- Find function by symbol name 'getc'
05:56:26.334 [org.seqra.dataflow.ap.ifds.TaintAnalysisUnitRunnerManager-worker-1 @coroutine#2] WARN  o.s.i.i.CIRClasspathImplKt$logger$1 -- No definition for symbol 'getc', using declaration CIRFunctionID(moduleID=MLIRModuleID(id=/tmp/big-projects-work/buggy/wireshark-1.2-buggy/epan/radius_dict.c), id=getc)
05:56:26.343 [org.seqra.dataflow.ap.ifds.TaintAnalysisUnitRunnerManager-worker-1 @coroutine#2] WARN  o.s.i.i.CIRClasspathImplKt$logger$1 -- Find function by symbol name 'free'
05:56:26.344 [org.seqra.dataflow.ap.ifds.TaintAnalysisUnitRunnerManager-worker-1 @coroutine#2] WARN  o.s.i.i.CIRClasspathImplKt$logger$1 -- No definition for symbol 'free', using declaration CIRFunctionID(moduleID=MLIRModuleID(id=/tmp/big-projects-work/buggy/wireshark-1.2-buggy/epan/radius_dict.c), id=free)
05:56:26.362 [org.seqra.dataflow.ap.ifds.TaintAnalysisUnitRunnerManager-worker-1 @coroutine#2] WARN  o.s.i.i.CIRClasspathImplKt$logger$1 -- Find function by symbol name 'Radius_init_buffer'
05:56:26.366 [org.seqra.dataflow.ap.ifds.TaintAnalysisUnitRunnerManager-worker-1 @coroutine#2] WARN  o.s.i.i.CIRClasspathImplKt$logger$1 -- Find function by symbol name 'Radius_flush_buffer'
05:56:26.369 [org.seqra.dataflow.ap.ifds.TaintAnalysisUnitRunnerManager-worker-1 @coroutine#2] WARN  o.s.i.i.CIRClasspathImplKt$logger$1 -- Find function by symbol name 'g_hash_table_destroy'
05:56:26.370 [org.seqra.dataflow.ap.ifds.TaintAnalysisUnitRunnerManager-worker-1 @coroutine#2] WARN  o.s.i.i.CIRClasspathImplKt$logger$1 -- Ambiguous function resolution for symbol 'g_hash_table_destroy': [CIRFunctionID(moduleID=MLIRModuleID(id=/tmp/big-projects-work/buggy/wireshark-1.2-buggy/epan/dissectors/packet-radius.c), id=g_hash_table_destroy), CIRFunctionID(moduleID=MLIRModuleID(id=/tmp/big-projects-work/buggy/wireshark-1.2-buggy/epan/radius_dict.c), id=g_hash_table_destroy)]
05:56:26.381 [org.seqra.dataflow.ap.ifds.TaintAnalysisUnitRunnerManager-worker-1 @coroutine#2] WARN  o.s.i.i.CIRClasspathImplKt$logger$1 -- Find function by symbol name 'realloc'
05:56:26.381 [org.seqra.dataflow.ap.ifds.TaintAnalysisUnitRunnerManager-worker-1 @coroutine#2] WARN  o.s.i.i.CIRClasspathImplKt$logger$1 -- No definition for symbol 'realloc', using declaration CIRFunctionID(moduleID=MLIRModuleID(id=/tmp/big-projects-work/buggy/wireshark-1.2-buggy/epan/radius_dict.c), id=realloc)
05:56:26.383 [org.seqra.dataflow.ap.ifds.TaintAnalysisUnitRunnerManager-worker-1 @coroutine#2] WARN  o.s.i.i.CIRClasspathImplKt$logger$1 -- Find function by symbol name 'g_strdup_inline'
05:56:26.384 [org.seqra.dataflow.ap.ifds.TaintAnalysisUnitRunnerManager-worker-1 @coroutine#2] WARN  o.s.i.i.CIRClasspathImplKt$logger$1 -- Ambiguous function resolution for symbol 'g_strdup_inline': [CIRFunctionID(moduleID=MLIRModuleID(id=/tmp/big-projects-work/buggy/wireshark-1.2-buggy/epan/dissectors/packet-radius.c), id=g_strdup_inline), CIRFunctionID(moduleID=MLIRModuleID(id=/tmp/big-projects-work/buggy/wireshark-1.2-buggy/epan/radius_dict.c), id=g_strdup_inline)]
05:56:26.623 [Test worker @coroutine#4] INFO  o.s.d.a.i.TaintAnalysisUnitRunnerManager -- Progress: 656/0
05:56:26.623 [Test worker @coroutine#4] INFO  o.s.d.a.i.TaintAnalysisUnitRunnerManager -- Memory usage: 12557130536/12884901888 (97.46%)
05:56:26.630 [Test worker @coroutine#4] INFO  o.s.d.a.i.TaintAnalysisUnitRunnerManager -- Analysis done in 23.851907636s
05:56:26.631 [Test worker] INFO  o.s.c.s.d.CIRTaintAnalyzer$Loader$logger$1 -- Total vulnerabilities: 114
05:56:26.631 [Test worker] INFO  o.s.c.s.d.CIRTaintAnalyzer$Loader$logger$1 -- Start trace generation
05:56:27.181 [Test worker] INFO  o.s.d.a.i.TaintAnalysisUnitRunnerManager -- Resolved 114/114 traces
05:56:27.182 [Test worker] INFO  o.s.c.s.d.CIRTaintAnalyzer$Loader$logger$1 -- Finish trace generation
05:56:49.738 [Test worker] INFO  o.s.c.s.s.k.KleeCirSeAnalyzer$logger$1 -- cir-klee exit=0 confirmed=false mem_errs=0 precond_violations=0 klee_ms=1006.481292 instr=0 guide_ms=0.628042 assert_ms=0.0
05:57:10.371 [Test worker] INFO  o.s.c.s.s.k.KleeCirSeAnalyzer$logger$1 -- cir-klee exit=0 confirmed=false mem_errs=0 precond_violations=0 klee_ms=997.287292 instr=0 guide_ms=0.572334 assert_ms=0.0
05:57:30.787 [Test worker] INFO  o.s.c.s.s.k.KleeCirSeAnalyzer$logger$1 -- cir-klee exit=0 confirmed=false mem_errs=0 precond_violations=0 klee_ms=1003.141167 instr=0 guide_ms=0.571917 assert_ms=0.0
05:57:52.819 [Test worker] INFO  o.s.c.s.s.k.KleeCirSeAnalyzer$logger$1 -- cir-klee exit=0 confirmed=false mem_errs=0 precond_violations=0 klee_ms=1118.197958 instr=0 guide_ms=0.587166 assert_ms=0.0
05:58:14.849 [Test worker] INFO  o.s.c.s.s.k.KleeCirSeAnalyzer$logger$1 -- cir-klee exit=0 confirmed=false mem_errs=0 precond_violations=0 klee_ms=1022.061959 instr=0 guide_ms=0.578 assert_ms=0.0
05:58:35.616 [Test worker] INFO  o.s.c.s.s.k.KleeCirSeAnalyzer$logger$1 -- cir-klee exit=0 confirmed=false mem_errs=0 precond_violations=0 klee_ms=1004.660292 instr=0 guide_ms=0.583375 assert_ms=0.0
05:58:56.235 [Test worker] INFO  o.s.c.s.s.k.KleeCirSeAnalyzer$logger$1 -- cir-klee exit=0 confirmed=false mem_errs=0 precond_violations=0 klee_ms=1045.230709 instr=0 guide_ms=0.579625 assert_ms=0.0
05:59:17.077 [Test worker] INFO  o.s.c.s.s.k.KleeCirSeAnalyzer$logger$1 -- cir-klee exit=0 confirmed=false mem_errs=0 precond_violations=0 klee_ms=1003.665792 instr=0 guide_ms=0.576792 assert_ms=0.0
05:59:37.809 [Test worker] INFO  o.s.c.s.s.k.KleeCirSeAnalyzer$logger$1 -- cir-klee exit=0 confirmed=false mem_errs=0 precond_violations=0 klee_ms=1024.077375 instr=0 guide_ms=0.562083 assert_ms=0.0
05:59:58.473 [Test worker] INFO  o.s.c.s.s.k.KleeCirSeAnalyzer$logger$1 -- cir-klee exit=0 confirmed=false mem_errs=0 precond_violations=0 klee_ms=1020.069668 instr=0 guide_ms=0.59025 assert_ms=0.0
06:00:19.209 [Test worker] INFO  o.s.c.s.s.k.KleeCirSeAnalyzer$logger$1 -- cir-klee exit=0 confirmed=false mem_errs=0 precond_violations=0 klee_ms=1004.155125 instr=0 guide_ms=0.65275 assert_ms=0.0
06:00:39.961 [Test worker] INFO  o.s.c.s.s.k.KleeCirSeAnalyzer$logger$1 -- cir-klee exit=0 confirmed=false mem_errs=0 precond_violations=0 klee_ms=1003.016501 instr=0 guide_ms=8.983083 assert_ms=0.0
06:01:00.729 [Test worker] INFO  o.s.c.s.s.k.KleeCirSeAnalyzer$logger$1 -- cir-klee exit=0 confirmed=false mem_errs=0 precond_violations=0 klee_ms=1064.838292 instr=0 guide_ms=9.801208 assert_ms=0.0
06:01:23.190 [Test worker] INFO  o.s.c.s.s.k.KleeCirSeAnalyzer$logger$1 -- cir-klee exit=0 confirmed=false mem_errs=0 precond_violations=0 klee_ms=1024.675499 instr=0 guide_ms=9.50175 assert_ms=0.0
06:01:24.790 [Test worker] INFO  j.exodus.env.EnvironmentImpl -- Exodus environment created: /tmp/xodusKeyValueStorage1141434073379553728
06:01:26.103 [Test worker] WARN  o.s.i.i.CIRClasspathImplKt$logger$1 -- Find function by symbol name 'destroy_dict'
06:01:26.105 [Test worker] INFO  o.s.d.a.i.TaintAnalysisUnitRunnerManager -- Starting analysis of 1 methods in 1 units
06:01:26.120 [org.seqra.dataflow.ap.ifds.TaintAnalysisUnitRunnerManager-worker-1 @coroutine#122] WARN  o.s.i.i.CIRClasspathImplKt$logger$1 -- Find function by symbol name 'g_hash_table_foreach_remove'
06:01:26.122 [org.seqra.dataflow.ap.ifds.TaintAnalysisUnitRunnerManager-worker-1 @coroutine#122] WARN  o.s.i.i.CIRClasspathImplKt$logger$1 -- Ambiguous function resolution for symbol 'g_hash_table_foreach_remove': [CIRFunctionID(moduleID=MLIRModuleID(id=/tmp/big-projects-work/buggy/wireshark-1.2-buggy/epan/dissectors/packet-radius.c), id=g_hash_table_foreach_remove), CIRFunctionID(moduleID=MLIRModuleID(id=/tmp/big-projects-work/buggy/wireshark-1.2-buggy/epan/radius_dict.c), id=g_hash_table_foreach_remove)]
06:01:26.124 [org.seqra.dataflow.ap.ifds.TaintAnalysisUnitRunnerManager-worker-1 @coroutine#122] WARN  o.s.i.i.CIRClasspathImplKt$logger$1 -- Find function by symbol name 'g_hash_table_destroy'
06:01:26.125 [org.seqra.dataflow.ap.ifds.TaintAnalysisUnitRunnerManager-worker-1 @coroutine#122] WARN  o.s.i.i.CIRClasspathImplKt$logger$1 -- Ambiguous function resolution for symbol 'g_hash_table_destroy': [CIRFunctionID(moduleID=MLIRModuleID(id=/tmp/big-projects-work/buggy/wireshark-1.2-buggy/epan/dissectors/packet-radius.c), id=g_hash_table_destroy), CIRFunctionID(moduleID=MLIRModuleID(id=/tmp/big-projects-work/buggy/wireshark-1.2-buggy/epan/radius_dict.c), id=g_hash_table_destroy)]
06:01:26.126 [org.seqra.dataflow.ap.ifds.TaintAnalysisUnitRunnerManager-worker-1 @coroutine#122] WARN  o.s.i.i.CIRClasspathImplKt$logger$1 -- Find function by symbol name 'g_free'
06:01:26.127 [org.seqra.dataflow.ap.ifds.TaintAnalysisUnitRunnerManager-worker-1 @coroutine#122] WARN  o.s.i.i.CIRClasspathImplKt$logger$1 -- Ambiguous function resolution for symbol 'g_free': [CIRFunctionID(moduleID=MLIRModuleID(id=/tmp/big-projects-work/buggy/wireshark-1.2-buggy/epan/dissectors/packet-radius.c), id=g_free), CIRFunctionID(moduleID=MLIRModuleID(id=/tmp/big-projects-work/buggy/wireshark-1.2-buggy/epan/radius_dict.c), id=g_free)]
06:01:26.154 [Test worker @coroutine#124] INFO  o.s.d.a.i.TaintAnalysisUnitRunnerManager -- Progress: 3/0
06:01:26.154 [Test worker @coroutine#124] INFO  o.s.d.a.i.TaintAnalysisUnitRunnerManager -- Memory usage: 12326946864/12884901888 (95.67%)
06:01:26.154 [Test worker @coroutine#124] INFO  o.s.d.a.i.TaintAnalysisUnitRunnerManager -- Analysis done in 49.590917ms
06:01:26.154 [Test worker] INFO  o.s.c.s.d.CIRTaintAnalyzer$Loader$logger$1 -- Total vulnerabilities: 13
06:01:26.154 [Test worker] INFO  o.s.c.s.d.CIRTaintAnalyzer$Loader$logger$1 -- Start trace generation
06:01:26.161 [Test worker] INFO  o.s.d.a.i.TaintAnalysisUnitRunnerManager -- Resolved 13/13 traces
06:01:26.161 [Test worker] INFO  o.s.c.s.d.CIRTaintAnalyzer$Loader$logger$1 -- Finish trace generation
06:01:27.572 [Test worker] INFO  j.exodus.env.EnvironmentImpl -- Exodus environment created: /tmp/xodusKeyValueStorage14567241010984295063
06:01:28.739 [Test worker] WARN  o.s.i.i.CIRClasspathImplKt$logger$1 -- Find function by symbol name 'destroy_tlvs'
06:01:28.742 [Test worker] INFO  o.s.d.a.i.TaintAnalysisUnitRunnerManager -- Starting analysis of 1 methods in 1 units
06:01:28.758 [org.seqra.dataflow.ap.ifds.TaintAnalysisUnitRunnerManager-worker-1 @coroutine#141] WARN  o.s.i.i.CIRClasspathImplKt$logger$1 -- Find function by symbol name 'g_free'
06:01:28.759 [org.seqra.dataflow.ap.ifds.TaintAnalysisUnitRunnerManager-worker-1 @coroutine#141] WARN  o.s.i.i.CIRClasspathImplKt$logger$1 -- Ambiguous function resolution for symbol 'g_free': [CIRFunctionID(moduleID=MLIRModuleID(id=/tmp/big-projects-work/buggy/wireshark-1.2-buggy/epan/dissectors/packet-radius.c), id=g_free), CIRFunctionID(moduleID=MLIRModuleID(id=/tmp/big-projects-work/buggy/wireshark-1.2-buggy/epan/radius_dict.c), id=g_free)]
06:01:28.792 [Test worker @coroutine#143] INFO  o.s.d.a.i.TaintAnalysisUnitRunnerManager -- Progress: 3/0
06:01:28.792 [Test worker @coroutine#143] INFO  o.s.d.a.i.TaintAnalysisUnitRunnerManager -- Memory usage: 12514949496/12884901888 (97.13%)
06:01:28.792 [Test worker @coroutine#143] INFO  o.s.d.a.i.TaintAnalysisUnitRunnerManager -- Analysis done in 49.414126ms
06:01:28.792 [Test worker] INFO  o.s.c.s.d.CIRTaintAnalyzer$Loader$logger$1 -- Total vulnerabilities: 18
06:01:28.792 [Test worker] INFO  o.s.c.s.d.CIRTaintAnalyzer$Loader$logger$1 -- Start trace generation
06:01:28.797 [Test worker] INFO  o.s.d.a.i.TaintAnalysisUnitRunnerManager -- Resolved 18/18 traces
06:01:28.797 [Test worker] INFO  o.s.c.s.d.CIRTaintAnalyzer$Loader$logger$1 -- Finish trace generation
06:01:50.556 [Test worker] INFO  o.s.c.s.s.k.KleeCirSeAnalyzer$logger$1 -- cir-klee exit=0 confirmed=true mem_errs=1 precond_violations=0 klee_ms=1120.506792 instr=16 guide_ms=0.5725 assert_ms=0.0
06:01:51.968 [Test worker] INFO  j.exodus.env.EnvironmentImpl -- Exodus environment created: /tmp/xodusKeyValueStorage10935579973529417377
06:01:53.066 [Test worker] WARN  o.s.i.i.CIRClasspathImplKt$logger$1 -- Find function by symbol name 'register_attrs'
06:01:53.086 [Test worker] INFO  o.s.d.a.i.TaintAnalysisUnitRunnerManager -- Starting analysis of 1 methods in 1 units
06:01:53.133 [org.seqra.dataflow.ap.ifds.TaintAnalysisUnitRunnerManager-worker-1 @coroutine#165] WARN  o.s.i.i.CIRClasspathImplKt$logger$1 -- Find function by symbol name 'g_strconcat'
06:01:53.134 [org.seqra.dataflow.ap.ifds.TaintAnalysisUnitRunnerManager-worker-1 @coroutine#165] WARN  o.s.i.i.CIRClasspathImplKt$logger$1 -- No definition for symbol 'g_strconcat', using declaration CIRFunctionID(moduleID=MLIRModuleID(id=/tmp/big-projects-work/buggy/wireshark-1.2-buggy/epan/dissectors/packet-radius.c), id=g_strconcat)
06:01:53.134 [org.seqra.dataflow.ap.ifds.TaintAnalysisUnitRunnerManager-worker-1 @coroutine#165] WARN  o.s.i.i.CIRClasspathImplKt$logger$1 -- Find function by symbol name 'g_array_append_vals'
06:01:53.135 [org.seqra.dataflow.ap.ifds.TaintAnalysisUnitRunnerManager-worker-1 @coroutine#165] WARN  o.s.i.i.CIRClasspathImplKt$logger$1 -- Ambiguous function resolution for symbol 'g_array_append_vals': [CIRFunctionID(moduleID=MLIRModuleID(id=/tmp/big-projects-work/buggy/wireshark-1.2-buggy/epan/dissectors/packet-radius.c), id=g_array_append_vals), CIRFunctionID(moduleID=MLIRModuleID(id=/tmp/big-projects-work/buggy/wireshark-1.2-buggy/epan/radius_dict.c), id=g_array_append_vals)]
06:01:53.136 [org.seqra.dataflow.ap.ifds.TaintAnalysisUnitRunnerManager-worker-1 @coroutine#165] WARN  o.s.i.i.CIRClasspathImplKt$logger$1 -- Find function by symbol name 'g_hash_table_foreach'
06:01:53.136 [org.seqra.dataflow.ap.ifds.TaintAnalysisUnitRunnerManager-worker-1 @coroutine#165] WARN  o.s.i.i.CIRClasspathImplKt$logger$1 -- Ambiguous function resolution for symbol 'g_hash_table_foreach': [CIRFunctionID(moduleID=MLIRModuleID(id=/tmp/big-projects-work/buggy/wireshark-1.2-buggy/epan/dissectors/packet-radius.c), id=g_hash_table_foreach), CIRFunctionID(moduleID=MLIRModuleID(id=/tmp/big-projects-work/buggy/wireshark-1.2-buggy/epan/radius_dict.c), id=g_hash_table_foreach)]
06:01:53.137 [org.seqra.dataflow.ap.ifds.TaintAnalysisUnitRunnerManager-worker-1 @coroutine#165] WARN  o.s.i.i.CIRClasspathImplKt$logger$1 -- Find function by symbol name 'g_strdup_inline'
06:01:53.137 [org.seqra.dataflow.ap.ifds.TaintAnalysisUnitRunnerManager-worker-1 @coroutine#165] WARN  o.s.i.i.CIRClasspathImplKt$logger$1 -- Ambiguous function resolution for symbol 'g_strdup_inline': [CIRFunctionID(moduleID=MLIRModuleID(id=/tmp/big-projects-work/buggy/wireshark-1.2-buggy/epan/dissectors/packet-radius.c), id=g_strdup_inline), CIRFunctionID(moduleID=MLIRModuleID(id=/tmp/big-projects-work/buggy/wireshark-1.2-buggy/epan/radius_dict.c), id=g_strdup_inline)]
06:01:53.138 [org.seqra.dataflow.ap.ifds.TaintAnalysisUnitRunnerManager-worker-1 @coroutine#165] WARN  o.s.i.i.CIRClasspathImplKt$logger$1 -- Find function by symbol name 'g_strdup_inline'
06:01:53.139 [org.seqra.dataflow.ap.ifds.TaintAnalysisUnitRunnerManager-worker-1 @coroutine#165] WARN  o.s.i.i.CIRClasspathImplKt$logger$1 -- Ambiguous function resolution for symbol 'g_strdup_inline': [CIRFunctionID(moduleID=MLIRModuleID(id=/tmp/big-projects-work/buggy/wireshark-1.2-buggy/epan/dissectors/packet-radius.c), id=g_strdup_inline), CIRFunctionID(moduleID=MLIRModuleID(id=/tmp/big-projects-work/buggy/wireshark-1.2-buggy/epan/radius_dict.c), id=g_strdup_inline)]
06:01:53.139 [org.seqra.dataflow.ap.ifds.TaintAnalysisUnitRunnerManager-worker-1 @coroutine#165] WARN  o.s.i.i.CIRClasspathImplKt$logger$1 -- Find function by symbol name 'g_strdup_inline'
06:01:53.139 [org.seqra.dataflow.ap.ifds.TaintAnalysisUnitRunnerManager-worker-1 @coroutine#165] WARN  o.s.i.i.CIRClasspathImplKt$logger$1 -- Ambiguous function resolution for symbol 'g_strdup_inline': [CIRFunctionID(moduleID=MLIRModuleID(id=/tmp/big-projects-work/buggy/wireshark-1.2-buggy/epan/dissectors/packet-radius.c), id=g_strdup_inline), CIRFunctionID(moduleID=MLIRModuleID(id=/tmp/big-projects-work/buggy/wireshark-1.2-buggy/epan/radius_dict.c), id=g_strdup_inline)]
06:01:53.140 [org.seqra.dataflow.ap.ifds.TaintAnalysisUnitRunnerManager-worker-1 @coroutine#165] WARN  o.s.i.i.CIRClasspathImplKt$logger$1 -- Find function by symbol name 'g_strdup_inline'
06:01:53.140 [org.seqra.dataflow.ap.ifds.TaintAnalysisUnitRunnerManager-worker-1 @coroutine#165] WARN  o.s.i.i.CIRClasspathImplKt$logger$1 -- Ambiguous function resolution for symbol 'g_strdup_inline': [CIRFunctionID(moduleID=MLIRModuleID(id=/tmp/big-projects-work/buggy/wireshark-1.2-buggy/epan/dissectors/packet-radius.c), id=g_strdup_inline), CIRFunctionID(moduleID=MLIRModuleID(id=/tmp/big-projects-work/buggy/wireshark-1.2-buggy/epan/radius_dict.c), id=g_strdup_inline)]
06:01:53.142 [Test worker @coroutine#167] INFO  o.s.d.a.i.TaintAnalysisUnitRunnerManager -- Progress: 3/0
06:01:53.142 [Test worker @coroutine#167] INFO  o.s.d.a.i.TaintAnalysisUnitRunnerManager -- Memory usage: 12470289536/12884901888 (96.78%)
06:01:53.142 [Test worker @coroutine#167] INFO  o.s.d.a.i.TaintAnalysisUnitRunnerManager -- Analysis done in 56.498041ms
06:01:53.143 [Test worker] INFO  o.s.c.s.d.CIRTaintAnalyzer$Loader$logger$1 -- Total vulnerabilities: 0
06:01:53.143 [Test worker] INFO  o.s.c.s.d.CIRTaintAnalyzer$Loader$logger$1 -- Start trace generation
06:01:53.143 [Test worker] INFO  o.s.c.s.d.CIRTaintAnalyzer$Loader$logger$1 -- Finish trace generation
06:01:54.585 [Test worker] INFO  j.exodus.env.EnvironmentImpl -- Exodus environment created: /tmp/xodusKeyValueStorage10510518128764528627
06:01:55.698 [Test worker] WARN  o.s.i.i.CIRClasspathImplKt$logger$1 -- Find function by symbol name 'register_radius_fields'
06:01:55.700 [Test worker] INFO  o.s.d.a.i.TaintAnalysisUnitRunnerManager -- Starting analysis of 1 methods in 1 units
06:01:55.731 [org.seqra.dataflow.ap.ifds.TaintAnalysisUnitRunnerManager-worker-1 @coroutine#169] WARN  o.s.i.i.CIRClasspathImplKt$logger$1 -- Find function by symbol name 'g_array_new'
06:01:55.732 [org.seqra.dataflow.ap.ifds.TaintAnalysisUnitRunnerManager-worker-1 @coroutine#169] WARN  o.s.i.i.CIRClasspathImplKt$logger$1 -- Ambiguous function resolution for symbol 'g_array_new': [CIRFunctionID(moduleID=MLIRModuleID(id=/tmp/big-projects-work/buggy/wireshark-1.2-buggy/epan/dissectors/packet-radius.c), id=g_array_new), CIRFunctionID(moduleID=MLIRModuleID(id=/tmp/big-projects-work/buggy/wireshark-1.2-buggy/epan/radius_dict.c), id=g_array_new)]
06:01:55.733 [org.seqra.dataflow.ap.ifds.TaintAnalysisUnitRunnerManager-worker-1 @coroutine#169] WARN  o.s.i.i.CIRClasspathImplKt$logger$1 -- Find function by symbol name 'g_array_append_vals'
06:01:55.734 [org.seqra.dataflow.ap.ifds.TaintAnalysisUnitRunnerManager-worker-1 @coroutine#169] WARN  o.s.i.i.CIRClasspathImplKt$logger$1 -- Ambiguous function resolution for symbol 'g_array_append_vals': [CIRFunctionID(moduleID=MLIRModuleID(id=/tmp/big-projects-work/buggy/wireshark-1.2-buggy/epan/dissectors/packet-radius.c), id=g_array_append_vals), CIRFunctionID(moduleID=MLIRModuleID(id=/tmp/big-projects-work/buggy/wireshark-1.2-buggy/epan/radius_dict.c), id=g_array_append_vals)]
06:01:55.735 [org.seqra.dataflow.ap.ifds.TaintAnalysisUnitRunnerManager-worker-1 @coroutine#169] WARN  o.s.i.i.CIRClasspathImplKt$logger$1 -- Find function by symbol name 'get_persconffile_path'
06:01:55.735 [org.seqra.dataflow.ap.ifds.TaintAnalysisUnitRunnerManager-worker-1 @coroutine#169] WARN  o.s.i.i.CIRClasspathImplKt$logger$1 -- No definition for symbol 'get_persconffile_path', using declaration CIRFunctionID(moduleID=MLIRModuleID(id=/tmp/big-projects-work/buggy/wireshark-1.2-buggy/epan/dissectors/packet-radius.c), id=get_persconffile_path)
06:01:55.736 [org.seqra.dataflow.ap.ifds.TaintAnalysisUnitRunnerManager-worker-1 @coroutine#169] WARN  o.s.i.i.CIRClasspathImplKt$logger$1 -- Find function by symbol name 'test_for_directory'
06:01:55.737 [org.seqra.dataflow.ap.ifds.TaintAnalysisUnitRunnerManager-worker-1 @coroutine#169] WARN  o.s.i.i.CIRClasspathImplKt$logger$1 -- No definition for symbol 'test_for_directory', using declaration CIRFunctionID(moduleID=MLIRModuleID(id=/tmp/big-projects-work/buggy/wireshark-1.2-buggy/epan/dissectors/packet-radius.c), id=test_for_directory)
06:01:55.737 [org.seqra.dataflow.ap.ifds.TaintAnalysisUnitRunnerManager-worker-1 @coroutine#169] WARN  o.s.i.i.CIRClasspathImplKt$logger$1 -- Find function by symbol name 'g_free'
06:01:55.738 [org.seqra.dataflow.ap.ifds.TaintAnalysisUnitRunnerManager-worker-1 @coroutine#169] WARN  o.s.i.i.CIRClasspathImplKt$logger$1 -- Ambiguous function resolution for symbol 'g_free': [CIRFunctionID(moduleID=MLIRModuleID(id=/tmp/big-projects-work/buggy/wireshark-1.2-buggy/epan/dissectors/packet-radius.c), id=g_free), CIRFunctionID(moduleID=MLIRModuleID(id=/tmp/big-projects-work/buggy/wireshark-1.2-buggy/epan/radius_dict.c), id=g_free)]
06:01:55.740 [org.seqra.dataflow.ap.ifds.TaintAnalysisUnitRunnerManager-worker-1 @coroutine#169] WARN  o.s.i.i.CIRClasspathImplKt$logger$1 -- Find function by symbol name 'proto_register_field_array'
06:01:55.741 [org.seqra.dataflow.ap.ifds.TaintAnalysisUnitRunnerManager-worker-1 @coroutine#169] WARN  o.s.i.i.CIRClasspathImplKt$logger$1 -- No definition for symbol 'proto_register_field_array', using declaration CIRFunctionID(moduleID=MLIRModuleID(id=/tmp/big-projects-work/buggy/wireshark-1.2-buggy/epan/dissectors/packet-radius.c), id=proto_register_field_array)
06:01:55.743 [org.seqra.dataflow.ap.ifds.TaintAnalysisUnitRunnerManager-worker-1 @coroutine#169] WARN  o.s.i.i.CIRClasspathImplKt$logger$1 -- Find function by symbol name 'proto_register_subtree_array'
06:01:55.745 [org.seqra.dataflow.ap.ifds.TaintAnalysisUnitRunnerManager-worker-1 @coroutine#169] WARN  o.s.i.i.CIRClasspathImplKt$logger$1 -- No definition for symbol 'proto_register_subtree_array', using declaration CIRFunctionID(moduleID=MLIRModuleID(id=/tmp/big-projects-work/buggy/wireshark-1.2-buggy/epan/dissectors/packet-radius.c), id=proto_register_subtree_array)
06:01:55.746 [org.seqra.dataflow.ap.ifds.TaintAnalysisUnitRunnerManager-worker-1 @coroutine#169] WARN  o.s.i.i.CIRClasspathImplKt$logger$1 -- Find function by symbol name 'g_array_free'
06:01:55.748 [org.seqra.dataflow.ap.ifds.TaintAnalysisUnitRunnerManager-worker-1 @coroutine#169] WARN  o.s.i.i.CIRClasspathImplKt$logger$1 -- Ambiguous function resolution for symbol 'g_array_free': [CIRFunctionID(moduleID=MLIRModuleID(id=/tmp/big-projects-work/buggy/wireshark-1.2-buggy/epan/dissectors/packet-radius.c), id=g_array_free), CIRFunctionID(moduleID=MLIRModuleID(id=/tmp/big-projects-work/buggy/wireshark-1.2-buggy/epan/radius_dict.c), id=g_array_free)]
06:01:55.751 [org.seqra.dataflow.ap.ifds.TaintAnalysisUnitRunnerManager-worker-1 @coroutine#169] WARN  o.s.i.i.CIRClasspathImplKt$logger$1 -- Find function by symbol name 'g_hash_table_new'
06:01:55.753 [org.seqra.dataflow.ap.ifds.TaintAnalysisUnitRunnerManager-worker-1 @coroutine#169] WARN  o.s.i.i.CIRClasspathImplKt$logger$1 -- Ambiguous function resolution for symbol 'g_hash_table_new': [CIRFunctionID(moduleID=MLIRModuleID(id=/tmp/big-projects-work/buggy/wireshark-1.2-buggy/epan/dissectors/packet-radius.c), id=g_hash_table_new), CIRFunctionID(moduleID=MLIRModuleID(id=/tmp/big-projects-work/buggy/wireshark-1.2-buggy/epan/radius_dict.c), id=g_hash_table_new)]
06:01:55.755 [org.seqra.dataflow.ap.ifds.TaintAnalysisUnitRunnerManager-worker-1 @coroutine#169] WARN  o.s.i.i.CIRClasspathImplKt$logger$1 -- Find function by symbol name 'radius_register_avp_dissector'
06:01:55.863 [org.seqra.dataflow.ap.ifds.TaintAnalysisUnitRunnerManager-worker-1 @coroutine#169] WARN  o.s.i.i.CIRClasspathImplKt$logger$1 -- Find function by symbol name 'radius_load_dictionary'
06:01:55.881 [org.seqra.dataflow.ap.ifds.TaintAnalysisUnitRunnerManager-worker-1 @coroutine#169] WARN  o.s.i.i.CIRClasspathImplKt$logger$1 -- Find function by symbol name 'g_hash_table_foreach'
06:01:55.881 [org.seqra.dataflow.ap.ifds.TaintAnalysisUnitRunnerManager-worker-1 @coroutine#169] WARN  o.s.i.i.CIRClasspathImplKt$logger$1 -- Ambiguous function resolution for symbol 'g_hash_table_foreach': [CIRFunctionID(moduleID=MLIRModuleID(id=/tmp/big-projects-work/buggy/wireshark-1.2-buggy/epan/dissectors/packet-radius.c), id=g_hash_table_foreach), CIRFunctionID(moduleID=MLIRModuleID(id=/tmp/big-projects-work/buggy/wireshark-1.2-buggy/epan/radius_dict.c), id=g_hash_table_foreach)]
06:01:55.882 [org.seqra.dataflow.ap.ifds.TaintAnalysisUnitRunnerManager-worker-1 @coroutine#169] WARN  o.s.i.i.CIRClasspathImplKt$logger$1 -- Find function by symbol name 'g_log'
06:01:55.883 [org.seqra.dataflow.ap.ifds.TaintAnalysisUnitRunnerManager-worker-1 @coroutine#169] WARN  o.s.i.i.CIRClasspathImplKt$logger$1 -- No definition for symbol 'g_log', using declaration CIRFunctionID(moduleID=MLIRModuleID(id=/tmp/big-projects-work/buggy/wireshark-1.2-buggy/epan/dissectors/packet-radius.c), id=g_log)
06:01:55.899 [org.seqra.dataflow.ap.ifds.TaintAnalysisUnitRunnerManager-worker-1 @coroutine#169] WARN  o.s.i.i.CIRClasspathImplKt$logger$1 -- Find function by symbol name 'get_datafile_path'
06:01:55.899 [org.seqra.dataflow.ap.ifds.TaintAnalysisUnitRunnerManager-worker-1 @coroutine#169] WARN  o.s.i.i.CIRClasspathImplKt$logger$1 -- No definition for symbol 'get_datafile_path', using declaration CIRFunctionID(moduleID=MLIRModuleID(id=/tmp/big-projects-work/buggy/wireshark-1.2-buggy/epan/dissectors/packet-radius.c), id=get_datafile_path)
06:01:55.905 [org.seqra.dataflow.ap.ifds.TaintAnalysisUnitRunnerManager-worker-1 @coroutine#169] WARN  o.s.i.i.CIRClasspathImplKt$logger$1 -- Find function by symbol name 'exit'
06:01:55.906 [org.seqra.dataflow.ap.ifds.TaintAnalysisUnitRunnerManager-worker-1 @coroutine#169] WARN  o.s.i.i.CIRClasspathImplKt$logger$1 -- Ambiguous function resolution for symbol 'exit': [CIRFunctionID(moduleID=MLIRModuleID(id=/tmp/big-projects-work/buggy/wireshark-1.2-buggy/epan/dissectors/packet-radius.c), id=exit), CIRFunctionID(moduleID=MLIRModuleID(id=/tmp/big-projects-work/buggy/wireshark-1.2-buggy/epan/radius_dict.c), id=exit)]
06:01:55.907 [org.seqra.dataflow.ap.ifds.TaintAnalysisUnitRunnerManager-worker-1 @coroutine#169] WARN  o.s.i.i.CIRClasspathImplKt$logger$1 -- Find function by symbol name 'g_hash_table_lookup'
06:01:55.907 [org.seqra.dataflow.ap.ifds.TaintAnalysisUnitRunnerManager-worker-1 @coroutine#169] WARN  o.s.i.i.CIRClasspathImplKt$logger$1 -- Ambiguous function resolution for symbol 'g_hash_table_lookup': [CIRFunctionID(moduleID=MLIRModuleID(id=/tmp/big-projects-work/buggy/wireshark-1.2-buggy/epan/dissectors/packet-radius.c), id=g_hash_table_lookup), CIRFunctionID(moduleID=MLIRModuleID(id=/tmp/big-projects-work/buggy/wireshark-1.2-buggy/epan/radius_dict.c), id=g_hash_table_lookup)]
06:01:55.908 [org.seqra.dataflow.ap.ifds.TaintAnalysisUnitRunnerManager-worker-1 @coroutine#169] WARN  o.s.i.i.CIRClasspathImplKt$logger$1 -- Find function by symbol name 'g_malloc'
06:01:55.909 [org.seqra.dataflow.ap.ifds.TaintAnalysisUnitRunnerManager-worker-1 @coroutine#169] WARN  o.s.i.i.CIRClasspathImplKt$logger$1 -- Ambiguous function resolution for symbol 'g_malloc': [CIRFunctionID(moduleID=MLIRModuleID(id=/tmp/big-projects-work/buggy/wireshark-1.2-buggy/epan/dissectors/packet-radius.c), id=g_malloc), CIRFunctionID(moduleID=MLIRModuleID(id=/tmp/big-projects-work/buggy/wireshark-1.2-buggy/epan/radius_dict.c), id=g_malloc)]
06:01:55.913 [org.seqra.dataflow.ap.ifds.TaintAnalysisUnitRunnerManager-worker-1 @coroutine#169] WARN  o.s.i.i.CIRClasspathImplKt$logger$1 -- Find function by symbol name 'g_strdup_printf'
06:01:55.914 [org.seqra.dataflow.ap.ifds.TaintAnalysisUnitRunnerManager-worker-1 @coroutine#169] WARN  o.s.i.i.CIRClasspathImplKt$logger$1 -- Ambiguous function resolution for symbol 'g_strdup_printf': [CIRFunctionID(moduleID=MLIRModuleID(id=/tmp/big-projects-work/buggy/wireshark-1.2-buggy/epan/dissectors/packet-radius.c), id=g_strdup_printf), CIRFunctionID(moduleID=MLIRModuleID(id=/tmp/big-projects-work/buggy/wireshark-1.2-buggy/epan/radius_dict.c), id=g_strdup_printf)]
06:01:55.914 [org.seqra.dataflow.ap.ifds.TaintAnalysisUnitRunnerManager-worker-1 @coroutine#169] WARN  o.s.i.i.CIRClasspathImplKt$logger$1 -- Find function by symbol name 'g_hash_table_insert'
06:01:55.915 [org.seqra.dataflow.ap.ifds.TaintAnalysisUnitRunnerManager-worker-1 @coroutine#169] WARN  o.s.i.i.CIRClasspathImplKt$logger$1 -- Ambiguous function resolution for symbol 'g_hash_table_insert': [CIRFunctionID(moduleID=MLIRModuleID(id=/tmp/big-projects-work/buggy/wireshark-1.2-buggy/epan/dissectors/packet-radius.c), id=g_hash_table_insert), CIRFunctionID(moduleID=MLIRModuleID(id=/tmp/big-projects-work/buggy/wireshark-1.2-buggy/epan/radius_dict.c), id=g_hash_table_insert)]
06:01:55.916 [org.seqra.dataflow.ap.ifds.TaintAnalysisUnitRunnerManager-worker-1 @coroutine#169] WARN  o.s.i.i.CIRClasspathImplKt$logger$1 -- Find function by symbol name 'val_to_str'
[...]
06:01:56.572 [org.seqra.dataflow.ap.ifds.TaintAnalysisUnitRunnerManager-worker-1 @coroutine#169] WARN  o.s.i.i.CIRClasspathImplKt$logger$1 -- Find function by symbol name 'add_value'
06:01:56.648 [org.seqra.dataflow.ap.ifds.TaintAnalysisUnitRunnerManager-worker-1 @coroutine#169] WARN  o.s.i.i.CIRClasspathImplKt$logger$1 -- Find function by symbol name 'g_strdup_inline'
06:01:56.649 [org.seqra.dataflow.ap.ifds.TaintAnalysisUnitRunnerManager-worker-1 @coroutine#169] WARN  o.s.i.i.CIRClasspathImplKt$logger$1 -- Ambiguous function resolution for symbol 'g_strdup_inline': [CIRFunctionID(moduleID=MLIRModuleID(id=/tmp/big-projects-work/buggy/wireshark-1.2-buggy/epan/dissectors/packet-radius.c), id=g_strdup_inline), CIRFunctionID(moduleID=MLIRModuleID(id=/tmp/big-projects-work/buggy/wireshark-1.2-buggy/epan/radius_dict.c), id=g_strdup_inline)]
06:01:56.649 [org.seqra.dataflow.ap.ifds.TaintAnalysisUnitRunnerManager-worker-1 @coroutine#169] WARN  o.s.i.i.CIRClasspathImplKt$logger$1 -- Find function by symbol name 'g_strdup_inline'
06:01:56.649 [org.seqra.dataflow.ap.ifds.TaintAnalysisUnitRunnerManager-worker-1 @coroutine#169] WARN  o.s.i.i.CIRClasspathImplKt$logger$1 -- Ambiguous function resolution for symbol 'g_strdup_inline': [CIRFunctionID(moduleID=MLIRModuleID(id=/tmp/big-projects-work/buggy/wireshark-1.2-buggy/epan/dissectors/packet-radius.c), id=g_strdup_inline), CIRFunctionID(moduleID=MLIRModuleID(id=/tmp/big-projects-work/buggy/wireshark-1.2-buggy/epan/radius_dict.c), id=g_strdup_inline)]
06:01:56.650 [org.seqra.dataflow.ap.ifds.TaintAnalysisUnitRunnerManager-worker-1 @coroutine#169] WARN  o.s.i.i.CIRClasspathImplKt$logger$1 -- Find function by symbol name 'add_attribute'
06:01:56.702 [org.seqra.dataflow.ap.ifds.TaintAnalysisUnitRunnerManager-worker-1 @coroutine#169] WARN  o.s.i.i.CIRClasspathImplKt$logger$1 -- Find function by symbol name 'g_strdup_inline'
06:01:56.703 [org.seqra.dataflow.ap.ifds.TaintAnalysisUnitRunnerManager-worker-1 @coroutine#169] WARN  o.s.i.i.CIRClasspathImplKt$logger$1 -- Ambiguous function resolution for symbol 'g_strdup_inline': [CIRFunctionID(moduleID=MLIRModuleID(id=/tmp/big-projects-work/buggy/wireshark-1.2-buggy/epan/dissectors/packet-radius.c), id=g_strdup_inline), CIRFunctionID(moduleID=MLIRModuleID(id=/tmp/big-projects-work/buggy/wireshark-1.2-buggy/epan/radius_dict.c), id=g_strdup_inline)]
06:01:56.707 [org.seqra.dataflow.ap.ifds.TaintAnalysisUnitRunnerManager-worker-1 @coroutine#169] WARN  o.s.i.i.CIRClasspathImplKt$logger$1 -- Find function by symbol name 'strtoul'
06:01:56.708 [org.seqra.dataflow.ap.ifds.TaintAnalysisUnitRunnerManager-worker-1 @coroutine#169] WARN  o.s.i.i.CIRClasspathImplKt$logger$1 -- No definition for symbol 'strtoul', using declaration CIRFunctionID(moduleID=MLIRModuleID(id=/tmp/big-projects-work/buggy/wireshark-1.2-buggy/epan/radius_dict.c), id=strtoul)
06:01:56.709 [org.seqra.dataflow.ap.ifds.TaintAnalysisUnitRunnerManager-worker-1 @coroutine#169] WARN  o.s.i.i.CIRClasspathImplKt$logger$1 -- Find function by symbol name 'g_strdup_inline'
06:01:56.710 [org.seqra.dataflow.ap.ifds.TaintAnalysisUnitRunnerManager-worker-1 @coroutine#169] WARN  o.s.i.i.CIRClasspathImplKt$logger$1 -- Ambiguous function resolution for symbol 'g_strdup_inline': [CIRFunctionID(moduleID=MLIRModuleID(id=/tmp/big-projects-work/buggy/wireshark-1.2-buggy/epan/dissectors/packet-radius.c), id=g_strdup_inline), CIRFunctionID(moduleID=MLIRModuleID(id=/tmp/big-projects-work/buggy/wireshark-1.2-buggy/epan/radius_dict.c), id=g_strdup_inline)]
06:01:56.710 [org.seqra.dataflow.ap.ifds.TaintAnalysisUnitRunnerManager-worker-1 @coroutine#169] WARN  o.s.i.i.CIRClasspathImplKt$logger$1 -- Find function by symbol name 'g_strdup_inline'
06:01:56.711 [org.seqra.dataflow.ap.ifds.TaintAnalysisUnitRunnerManager-worker-1 @coroutine#169] WARN  o.s.i.i.CIRClasspathImplKt$logger$1 -- Ambiguous function resolution for symbol 'g_strdup_inline': [CIRFunctionID(moduleID=MLIRModuleID(id=/tmp/big-projects-work/buggy/wireshark-1.2-buggy/epan/dissectors/packet-radius.c), id=g_strdup_inline), CIRFunctionID(moduleID=MLIRModuleID(id=/tmp/big-projects-work/buggy/wireshark-1.2-buggy/epan/radius_dict.c), id=g_strdup_inline)]
06:01:56.712 [org.seqra.dataflow.ap.ifds.TaintAnalysisUnitRunnerManager-worker-1 @coroutine#169] WARN  o.s.i.i.CIRClasspathImplKt$logger$1 -- Find function by symbol name 'add_vendor'
06:01:56.721 [org.seqra.dataflow.ap.ifds.TaintAnalysisUnitRunnerManager-worker-1 @coroutine#169] WARN  o.s.i.i.CIRClasspathImplKt$logger$1 -- Find function by symbol name 'g_strdup_inline'
06:01:56.722 [org.seqra.dataflow.ap.ifds.TaintAnalysisUnitRunnerManager-worker-1 @coroutine#169] WARN  o.s.i.i.CIRClasspathImplKt$logger$1 -- Ambiguous function resolution for symbol 'g_strdup_inline': [CIRFunctionID(moduleID=MLIRModuleID(id=/tmp/big-projects-work/buggy/wireshark-1.2-buggy/epan/dissectors/packet-radius.c), id=g_strdup_inline), CIRFunctionID(moduleID=MLIRModuleID(id=/tmp/big-projects-work/buggy/wireshark-1.2-buggy/epan/radius_dict.c), id=g_strdup_inline)]
06:01:56.724 [org.seqra.dataflow.ap.ifds.TaintAnalysisUnitRunnerManager-worker-1 @coroutine#169] WARN  o.s.i.i.CIRClasspathImplKt$logger$1 -- Find function by symbol name 'g_strdup_inline'
06:01:56.724 [org.seqra.dataflow.ap.ifds.TaintAnalysisUnitRunnerManager-worker-1 @coroutine#169] WARN  o.s.i.i.CIRClasspathImplKt$logger$1 -- Ambiguous function resolution for symbol 'g_strdup_inline': [CIRFunctionID(moduleID=MLIRModuleID(id=/tmp/big-projects-work/buggy/wireshark-1.2-buggy/epan/dissectors/packet-radius.c), id=g_strdup_inline), CIRFunctionID(moduleID=MLIRModuleID(id=/tmp/big-projects-work/buggy/wireshark-1.2-buggy/epan/radius_dict.c), id=g_strdup_inline)]
06:01:56.726 [org.seqra.dataflow.ap.ifds.TaintAnalysisUnitRunnerManager-worker-1 @coroutine#169] WARN  o.s.i.i.CIRClasspathImplKt$logger$1 -- Find function by symbol name 'g_strdup_inline'
06:01:56.727 [org.seqra.dataflow.ap.ifds.TaintAnalysisUnitRunnerManager-worker-1 @coroutine#169] WARN  o.s.i.i.CIRClasspathImplKt$logger$1 -- Ambiguous function resolution for symbol 'g_strdup_inline': [CIRFunctionID(moduleID=MLIRModuleID(id=/tmp/big-projects-work/buggy/wireshark-1.2-buggy/epan/dissectors/packet-radius.c), id=g_strdup_inline), CIRFunctionID(moduleID=MLIRModuleID(id=/tmp/big-projects-work/buggy/wireshark-1.2-buggy/epan/radius_dict.c), id=g_strdup_inline)]
06:02:05.703 [org.seqra.dataflow.ap.ifds.TaintAnalysisUnitRunnerManager-progress @coroutine#170] INFO  o.s.d.a.i.TaintAnalysisUnitRunnerManager -- Progress: 50/116
06:02:05.705 [org.seqra.dataflow.ap.ifds.TaintAnalysisUnitRunnerManager-progress @coroutine#170] INFO  o.s.d.a.i.TaintAnalysisUnitRunnerManager -- Memory usage: 12234678200/12884901888 (94.95%)
06:02:14.978 [org.seqra.dataflow.ap.ifds.TaintAnalysisUnitRunnerManager-worker-1 @coroutine#169] WARN  o.s.i.i.CIRClasspathImplKt$logger$1 -- Find function by symbol name 'Radius_load_buffer_state'
06:02:14.982 [org.seqra.dataflow.ap.ifds.TaintAnalysisUnitRunnerManager-worker-1 @coroutine#169] WARN  o.s.i.i.CIRClasspathImplKt$logger$1 -- Find function by symbol name 'Radiusensure_buffer_stack'
06:02:14.992 [org.seqra.dataflow.ap.ifds.TaintAnalysisUnitRunnerManager-worker-1 @coroutine#169] WARN  o.s.i.i.CIRClasspathImplKt$logger$1 -- Find function by symbol name 'Radiusfree'
06:02:15.000 [org.seqra.dataflow.ap.ifds.TaintAnalysisUnitRunnerManager-worker-1 @coroutine#169] WARN  o.s.i.i.CIRClasspathImplKt$logger$1 -- Find function by symbol name 'Radiusrealloc'
06:02:15.003 [org.seqra.dataflow.ap.ifds.TaintAnalysisUnitRunnerManager-worker-1 @coroutine#169] WARN  o.s.i.i.CIRClasspathImplKt$logger$1 -- Find function by symbol name 'Radiusalloc'
06:02:15.007 [org.seqra.dataflow.ap.ifds.TaintAnalysisUnitRunnerManager-worker-1 @coroutine#169] WARN  o.s.i.i.CIRClasspathImplKt$logger$1 -- Find function by symbol name 'g_strdup_inline'
06:02:15.008 [org.seqra.dataflow.ap.ifds.TaintAnalysisUnitRunnerManager-worker-1 @coroutine#169] WARN  o.s.i.i.CIRClasspathImplKt$logger$1 -- Ambiguous function resolution for symbol 'g_strdup_inline': [CIRFunctionID(moduleID=MLIRModuleID(id=/tmp/big-projects-work/buggy/wireshark-1.2-buggy/epan/dissectors/packet-radius.c), id=g_strdup_inline), CIRFunctionID(moduleID=MLIRModuleID(id=/tmp/big-projects-work/buggy/wireshark-1.2-buggy/epan/radius_dict.c), id=g_strdup_inline)]
06:02:15.008 [org.seqra.dataflow.ap.ifds.TaintAnalysisUnitRunnerManager-worker-1 @coroutine#169] WARN  o.s.i.i.CIRClasspathImplKt$logger$1 -- Find function by symbol name 'g_strdup_inline'
06:02:15.010 [org.seqra.dataflow.ap.ifds.TaintAnalysisUnitRunnerManager-worker-1 @coroutine#169] WARN  o.s.i.i.CIRClasspathImplKt$logger$1 -- Ambiguous function resolution for symbol 'g_strdup_inline': [CIRFunctionID(moduleID=MLIRModuleID(id=/tmp/big-projects-work/buggy/wireshark-1.2-buggy/epan/dissectors/packet-radius.c), id=g_strdup_inline), CIRFunctionID(moduleID=MLIRModuleID(id=/tmp/big-projects-work/buggy/wireshark-1.2-buggy/epan/radius_dict.c), id=g_strdup_inline)]
06:02:15.010 [org.seqra.dataflow.ap.ifds.TaintAnalysisUnitRunnerManager-worker-1 @coroutine#169] WARN  o.s.i.i.CIRClasspathImplKt$logger$1 -- Find function by symbol name 'fprintf'
06:02:15.011 [org.seqra.dataflow.ap.ifds.TaintAnalysisUnitRunnerManager-worker-1 @coroutine#169] WARN  o.s.i.i.CIRClasspathImplKt$logger$1 -- No definition for symbol 'fprintf', using declaration CIRFunctionID(moduleID=MLIRModuleID(id=/tmp/big-projects-work/buggy/wireshark-1.2-buggy/epan/radius_dict.c), id=fprintf)
06:02:15.012 [org.seqra.dataflow.ap.ifds.TaintAnalysisUnitRunnerManager-worker-1 @coroutine#169] WARN  o.s.i.i.CIRClasspathImplKt$logger$1 -- Find function by symbol name 'malloc'
06:02:15.012 [org.seqra.dataflow.ap.ifds.TaintAnalysisUnitRunnerManager-worker-1 @coroutine#169] WARN  o.s.i.i.CIRClasspathImplKt$logger$1 -- No definition for symbol 'malloc', using declaration CIRFunctionID(moduleID=MLIRModuleID(id=/tmp/big-projects-work/buggy/wireshark-1.2-buggy/epan/radius_dict.c), id=malloc)
06:02:15.013 [org.seqra.dataflow.ap.ifds.TaintAnalysisUnitRunnerManager-worker-1 @coroutine#169] WARN  o.s.i.i.CIRClasspathImplKt$logger$1 -- Find function by symbol name 'g_strdup_inline'
06:02:15.014 [org.seqra.dataflow.ap.ifds.TaintAnalysisUnitRunnerManager-worker-1 @coroutine#169] WARN  o.s.i.i.CIRClasspathImplKt$logger$1 -- Ambiguous function resolution for symbol 'g_strdup_inline': [CIRFunctionID(moduleID=MLIRModuleID(id=/tmp/big-projects-work/buggy/wireshark-1.2-buggy/epan/dissectors/packet-radius.c), id=g_strdup_inline), CIRFunctionID(moduleID=MLIRModuleID(id=/tmp/big-projects-work/buggy/wireshark-1.2-buggy/epan/radius_dict.c), id=g_strdup_inline)]
06:02:15.101 [org.seqra.dataflow.ap.ifds.TaintAnalysisUnitRunnerManager-worker-1 @coroutine#169] WARN  o.s.i.i.CIRClasspathImplKt$logger$1 -- Find function by symbol name 'Radius_init_buffer'
06:02:15.111 [org.seqra.dataflow.ap.ifds.TaintAnalysisUnitRunnerManager-worker-1 @coroutine#169] WARN  o.s.i.i.CIRClasspathImplKt$logger$1 -- Find function by symbol name 'free'
06:02:15.112 [org.seqra.dataflow.ap.ifds.TaintAnalysisUnitRunnerManager-worker-1 @coroutine#169] WARN  o.s.i.i.CIRClasspathImplKt$logger$1 -- No definition for symbol 'free', using declaration CIRFunctionID(moduleID=MLIRModuleID(id=/tmp/big-projects-work/buggy/wireshark-1.2-buggy/epan/radius_dict.c), id=free)
06:02:15.117 [org.seqra.dataflow.ap.ifds.TaintAnalysisUnitRunnerManager-worker-1 @coroutine#169] WARN  o.s.i.i.CIRClasspathImplKt$logger$1 -- Find function by symbol name 'Radius_flush_buffer'
06:02:15.124 [org.seqra.dataflow.ap.ifds.TaintAnalysisUnitRunnerManager-worker-1 @coroutine#169] WARN  o.s.i.i.CIRClasspathImplKt$logger$1 -- Find function by symbol name 'realloc'
06:02:15.125 [org.seqra.dataflow.ap.ifds.TaintAnalysisUnitRunnerManager-worker-1 @coroutine#169] WARN  o.s.i.i.CIRClasspathImplKt$logger$1 -- No definition for symbol 'realloc', using declaration CIRFunctionID(moduleID=MLIRModuleID(id=/tmp/big-projects-work/buggy/wireshark-1.2-buggy/epan/radius_dict.c), id=realloc)
06:02:15.128 [org.seqra.dataflow.ap.ifds.TaintAnalysisUnitRunnerManager-worker-1 @coroutine#169] WARN  o.s.i.i.CIRClasspathImplKt$logger$1 -- Find function by symbol name 'fread'
06:02:15.129 [org.seqra.dataflow.ap.ifds.TaintAnalysisUnitRunnerManager-worker-1 @coroutine#169] WARN  o.s.i.i.CIRClasspathImplKt$logger$1 -- No definition for symbol 'fread', using declaration CIRFunctionID(moduleID=MLIRModuleID(id=/tmp/big-projects-work/buggy/wireshark-1.2-buggy/epan/radius_dict.c), id=fread)
06:02:15.133 [org.seqra.dataflow.ap.ifds.TaintAnalysisUnitRunnerManager-worker-1 @coroutine#169] WARN  o.s.i.i.CIRClasspathImplKt$logger$1 -- Find function by symbol name 'clearerr'
06:02:15.136 [org.seqra.dataflow.ap.ifds.TaintAnalysisUnitRunnerManager-worker-1 @coroutine#169] WARN  o.s.i.i.CIRClasspathImplKt$logger$1 -- No definition for symbol 'clearerr', using declaration CIRFunctionID(moduleID=MLIRModuleID(id=/tmp/big-projects-work/buggy/wireshark-1.2-buggy/epan/radius_dict.c), id=clearerr)
06:02:15.138 [org.seqra.dataflow.ap.ifds.TaintAnalysisUnitRunnerManager-worker-1 @coroutine#169] WARN  o.s.i.i.CIRClasspathImplKt$logger$1 -- Find function by symbol name 'ferror'
06:02:15.140 [org.seqra.dataflow.ap.ifds.TaintAnalysisUnitRunnerManager-worker-1 @coroutine#169] WARN  o.s.i.i.CIRClasspathImplKt$logger$1 -- No definition for symbol 'ferror', using declaration CIRFunctionID(moduleID=MLIRModuleID(id=/tmp/big-projects-work/buggy/wireshark-1.2-buggy/epan/radius_dict.c), id=ferror)
06:02:15.140 [org.seqra.dataflow.ap.ifds.TaintAnalysisUnitRunnerManager-worker-1 @coroutine#169] WARN  o.s.i.i.CIRClasspathImplKt$logger$1 -- Find function by symbol name 'getc'
06:02:15.141 [org.seqra.dataflow.ap.ifds.TaintAnalysisUnitRunnerManager-worker-1 @coroutine#169] WARN  o.s.i.i.CIRClasspathImplKt$logger$1 -- No definition for symbol 'getc', using declaration CIRFunctionID(moduleID=MLIRModuleID(id=/tmp/big-projects-work/buggy/wireshark-1.2-buggy/epan/radius_dict.c), id=getc)
06:02:15.143 [org.seqra.dataflow.ap.ifds.TaintAnalysisUnitRunnerManager-worker-1 @coroutine#169] WARN  o.s.i.i.CIRClasspathImplKt$logger$1 -- Find function by symbol name 'g_strdup_inline'
06:02:15.144 [org.seqra.dataflow.ap.ifds.TaintAnalysisUnitRunnerManager-worker-1 @coroutine#169] WARN  o.s.i.i.CIRClasspathImplKt$logger$1 -- Ambiguous function resolution for symbol 'g_strdup_inline': [CIRFunctionID(moduleID=MLIRModuleID(id=/tmp/big-projects-work/buggy/wireshark-1.2-buggy/epan/dissectors/packet-radius.c), id=g_strdup_inline), CIRFunctionID(moduleID=MLIRModuleID(id=/tmp/big-projects-work/buggy/wireshark-1.2-buggy/epan/radius_dict.c), id=g_strdup_inline)]
06:02:15.184 [org.seqra.dataflow.ap.ifds.TaintAnalysisUnitRunnerManager-worker-1 @coroutine#169] WARN  o.s.i.i.CIRClasspathImplKt$logger$1 -- Find function by symbol name 'add_tlv'
06:02:15.710 [org.seqra.dataflow.ap.ifds.TaintAnalysisUnitRunnerManager-progress @coroutine#170] INFO  o.s.d.a.i.TaintAnalysisUnitRunnerManager -- Progress: 621/29
06:02:15.710 [org.seqra.dataflow.ap.ifds.TaintAnalysisUnitRunnerManager-progress @coroutine#170] INFO  o.s.d.a.i.TaintAnalysisUnitRunnerManager -- Memory usage: 12072956800/12884901888 (93.70%)
06:02:15.720 [org.seqra.dataflow.ap.ifds.TaintAnalysisUnitRunnerManager-worker-1 @coroutine#169] WARN  o.s.i.i.CIRClasspathImplKt$logger$1 -- Find function by symbol name 'g_strdup_inline'
06:02:15.720 [org.seqra.dataflow.ap.ifds.TaintAnalysisUnitRunnerManager-worker-1 @coroutine#169] WARN  o.s.i.i.CIRClasspathImplKt$logger$1 -- Ambiguous function resolution for symbol 'g_strdup_inline': [CIRFunctionID(moduleID=MLIRModuleID(id=/tmp/big-projects-work/buggy/wireshark-1.2-buggy/epan/dissectors/packet-radius.c), id=g_strdup_inline), CIRFunctionID(moduleID=MLIRModuleID(id=/tmp/big-projects-work/buggy/wireshark-1.2-buggy/epan/radius_dict.c), id=g_strdup_inline)]
06:02:15.770 [Test worker @coroutine#171] INFO  o.s.d.a.i.TaintAnalysisUnitRunnerManager -- Progress: 700/0
06:02:15.770 [Test worker @coroutine#171] INFO  o.s.d.a.i.TaintAnalysisUnitRunnerManager -- Memory usage: 12304157312/12884901888 (95.49%)
06:02:15.771 [Test worker @coroutine#171] INFO  o.s.d.a.i.TaintAnalysisUnitRunnerManager -- Analysis done in 20.070255843s
06:02:15.771 [Test worker] INFO  o.s.c.s.d.CIRTaintAnalyzer$Loader$logger$1 -- Total vulnerabilities: 117
06:02:15.771 [Test worker] INFO  o.s.c.s.d.CIRTaintAnalyzer$Loader$logger$1 -- Start trace generation
06:02:15.943 [Test worker] INFO  o.s.d.a.i.TaintAnalysisUnitRunnerManager -- Resolved 117/117 traces
06:02:15.943 [Test worker] INFO  o.s.c.s.d.CIRTaintAnalyzer$Loader$logger$1 -- Finish trace generation
06:02:36.466 [Test worker] INFO  o.s.c.s.s.k.KleeCirSeAnalyzer$logger$1 -- cir-klee exit=0 confirmed=false mem_errs=0 precond_violations=0 klee_ms=1166.888625 instr=25262 guide_ms=0.584375 assert_ms=0.0
06:02:57.025 [Test worker] INFO  o.s.c.s.s.k.KleeCirSeAnalyzer$logger$1 -- cir-klee exit=0 confirmed=false mem_errs=0 precond_violations=0 klee_ms=1170.290792 instr=25262 guide_ms=0.56475 assert_ms=0.0
06:03:17.695 [Test worker] INFO  o.s.c.s.s.k.KleeCirSeAnalyzer$logger$1 -- cir-klee exit=0 confirmed=false mem_errs=0 precond_violations=0 klee_ms=1185.636334 instr=25262 guide_ms=0.564042 assert_ms=0.0
06:03:38.927 [Test worker] INFO  o.s.c.s.s.k.KleeCirSeAnalyzer$logger$1 -- cir-klee exit=0 confirmed=false mem_errs=0 precond_violations=0 klee_ms=1158.764667 instr=25262 guide_ms=0.575167 assert_ms=0.0
06:03:59.673 [Test worker] INFO  o.s.c.s.s.k.KleeCirSeAnalyzer$logger$1 -- cir-klee exit=0 confirmed=false mem_errs=0 precond_violations=0 klee_ms=1161.910626 instr=25262 guide_ms=0.590209 assert_ms=0.0
06:04:20.395 [Test worker] INFO  o.s.c.s.s.k.KleeCirSeAnalyzer$logger$1 -- cir-klee exit=0 confirmed=false mem_errs=0 precond_violations=0 klee_ms=1176.681042 instr=25262 guide_ms=8.912375 assert_ms=0.0
06:04:41.355 [Test worker] INFO  o.s.c.s.s.k.KleeCirSeAnalyzer$logger$1 -- cir-klee exit=0 confirmed=false mem_errs=0 precond_violations=0 klee_ms=1178.864001 instr=25262 guide_ms=0.588208 assert_ms=0.0
06:05:02.298 [Test worker] INFO  o.s.c.s.s.k.KleeCirSeAnalyzer$logger$1 -- cir-klee exit=0 confirmed=false mem_errs=0 precond_violations=0 klee_ms=1177.344875 instr=25262 guide_ms=0.571458 assert_ms=0.0
06:05:29.448 [Test worker] INFO  o.s.c.s.s.k.KleeCirSeAnalyzer$logger$1 -- cir-klee exit=0 confirmed=false mem_errs=0 precond_violations=0 klee_ms=1428.121709 instr=25262 guide_ms=5.797916 assert_ms=0.0
06:05:51.926 [Test worker] INFO  o.s.c.s.s.k.KleeCirSeAnalyzer$logger$1 -- cir-klee exit=0 confirmed=false mem_errs=0 precond_violations=0 klee_ms=1230.782417 instr=25262 guide_ms=0.584625 assert_ms=0.0
06:06:12.921 [Test worker] INFO  o.s.c.s.s.k.KleeCirSeAnalyzer$logger$1 -- cir-klee exit=0 confirmed=false mem_errs=0 precond_violations=0 klee_ms=1175.879125 instr=25262 guide_ms=10.065083 assert_ms=0.0
06:06:33.864 [Test worker] INFO  o.s.c.s.s.k.KleeCirSeAnalyzer$logger$1 -- cir-klee exit=0 confirmed=false mem_errs=0 precond_violations=0 klee_ms=1187.900834 instr=25262 guide_ms=0.568709 assert_ms=0.0
06:06:54.786 [Test worker] INFO  o.s.c.s.s.k.KleeCirSeAnalyzer$logger$1 -- cir-klee exit=0 confirmed=false mem_errs=0 precond_violations=0 klee_ms=1193.166375 instr=25262 guide_ms=0.57475 assert_ms=0.0
06:07:15.628 [Test worker] INFO  o.s.c.s.s.k.KleeCirSeAnalyzer$logger$1 -- cir-klee exit=0 confirmed=false mem_errs=0 precond_violations=0 klee_ms=1181.272417 instr=25262 guide_ms=0.709541 assert_ms=0.0
06:07:36.484 [Test worker] INFO  o.s.c.s.s.k.KleeCirSeAnalyzer$logger$1 -- cir-klee exit=0 confirmed=false mem_errs=0 precond_violations=0 klee_ms=1163.966001 instr=25262 guide_ms=0.564458 assert_ms=0.0
06:07:57.272 [Test worker] INFO  o.s.c.s.s.k.KleeCirSeAnalyzer$logger$1 -- cir-klee exit=0 confirmed=false mem_errs=0 precond_violations=0 klee_ms=1167.794001 instr=25262 guide_ms=10.32225 assert_ms=0.0
]]></system-out>
  <system-err><![CDATA[]]></system-err>
</testsuite>
