<?xml version="1.0" encoding="UTF-8"?>
<testsuite name="org.seqra.cir.sast.BigProjectsEntrypointsTest" tests="5" skipped="0" failures="4" errors="0" timestamp="2026-06-02T06:21:46" hostname="225efb33133e" time="744.532">
  <properties/>
  <testcase name="501116-v1.0.0:radius_load_dictionary" classname="org.seqra.cir.sast.BigProjectsEntrypointsTest" time="336.889">
    <failure message="org.opentest4j.AssertionFailedError: Expected a use-after-free in 501116-v1.0.0:radius_load_dictionary (radius_load_dictionary) but found none" type="org.opentest4j.AssertionFailedError">org.opentest4j.AssertionFailedError: Expected a use-after-free in 501116-v1.0.0:radius_load_dictionary (radius_load_dictionary) but found none
	at app//org.junit.jupiter.api.AssertionUtils.fail(AssertionUtils.java:38)
	at app//org.junit.jupiter.api.Assertions.fail(Assertions.java:138)
	at app//kotlin.test.junit5.JUnit5Asserter.fail(JUnitSupport.kt:56)
	at app//kotlin.test.Asserter$DefaultImpls.assertTrue(Assertions.kt:694)
	at app//kotlin.test.junit5.JUnit5Asserter.assertTrue(JUnitSupport.kt:30)
	at app//kotlin.test.Asserter$DefaultImpls.assertTrue(Assertions.kt:704)
	at app//kotlin.test.junit5.JUnit5Asserter.assertTrue(JUnitSupport.kt:30)
	at app//kotlin.test.AssertionsKt__AssertionsKt.assertTrue(Assertions.kt:44)
	at app//kotlin.test.AssertionsKt.assertTrue(Unknown Source)
	at app//org.seqra.cir.sast.BigProjectsEntrypointsTest.bigProject(BigProjectsEntrypointsTest.kt:39)
	at java.base@21.0.10/java.lang.reflect.Method.invoke(Method.java:580)
	at java.base@21.0.10/java.util.stream.ForEachOps$ForEachOp$OfRef.accept(ForEachOps.java:184)
	at java.base@21.0.10/java.util.stream.ReferencePipeline$3$1.accept(ReferencePipeline.java:197)
	at java.base@21.0.10/java.util.stream.ReferencePipeline$2$1.accept(ReferencePipeline.java:179)
	at java.base@21.0.10/java.util.stream.ReferencePipeline$3$1.accept(ReferencePipeline.java:197)
	at java.base@21.0.10/java.util.stream.ForEachOps$ForEachOp$OfRef.accept(ForEachOps.java:184)
	at java.base@21.0.10/java.util.stream.ReferencePipeline$3$1.accept(ReferencePipeline.java:197)
	at java.base@21.0.10/java.util.stream.ReferencePipeline$3$1.accept(ReferencePipeline.java:197)
	at java.base@21.0.10/java.util.stream.ReferencePipeline$3$1.accept(ReferencePipeline.java:197)
	at java.base@21.0.10/java.util.stream.ForEachOps$ForEachOp$OfRef.accept(ForEachOps.java:184)
	at java.base@21.0.10/java.util.stream.ReferencePipeline$3$1.accept(ReferencePipeline.java:197)
	at java.base@21.0.10/java.util.ArrayList$ArrayListSpliterator.forEachRemaining(ArrayList.java:1708)
	at java.base@21.0.10/java.util.stream.ReferencePipeline$Head.forEach(ReferencePipeline.java:762)
	at java.base@21.0.10/java.util.stream.ReferencePipeline$7$1.accept(ReferencePipeline.java:276)
	at java.base@21.0.10/java.util.stream.ReferencePipeline$3$1.accept(ReferencePipeline.java:197)
	at java.base@21.0.10/java.util.stream.ReferencePipeline$3$1.accept(ReferencePipeline.java:197)
	at java.base@21.0.10/java.util.stream.ReferencePipeline$3$1.accept(ReferencePipeline.java:197)
	at java.base@21.0.10/java.util.Spliterators$ArraySpliterator.forEachRemaining(Spliterators.java:1024)
	at java.base@21.0.10/java.util.stream.AbstractPipeline.copyInto(AbstractPipeline.java:509)
	at java.base@21.0.10/java.util.stream.AbstractPipeline.wrapAndCopyInto(AbstractPipeline.java:499)
	at java.base@21.0.10/java.util.stream.ForEachOps$ForEachOp.evaluateSequential(ForEachOps.java:151)
	at java.base@21.0.10/java.util.stream.ForEachOps$ForEachOp$OfRef.evaluateSequential(ForEachOps.java:174)
	at java.base@21.0.10/java.util.stream.AbstractPipeline.evaluate(AbstractPipeline.java:234)
	at java.base@21.0.10/java.util.stream.ReferencePipeline.forEach(ReferencePipeline.java:596)
	at java.base@21.0.10/java.util.stream.ReferencePipeline$7$1.accept(ReferencePipeline.java:276)
	at java.base@21.0.10/java.util.stream.ReferencePipeline$3$1.accept(ReferencePipeline.java:197)
	at java.base@21.0.10/java.util.stream.ReferencePipeline$3$1.accept(ReferencePipeline.java:197)
	at java.base@21.0.10/java.util.stream.ReferencePipeline$3$1.accept(ReferencePipeline.java:197)
	at java.base@21.0.10/java.util.ArrayList$ArrayListSpliterator.forEachRemaining(ArrayList.java:1708)
	at java.base@21.0.10/java.util.stream.AbstractPipeline.copyInto(AbstractPipeline.java:509)
	at java.base@21.0.10/java.util.stream.AbstractPipeline.wrapAndCopyInto(AbstractPipeline.java:499)
	at java.base@21.0.10/java.util.stream.ForEachOps$ForEachOp.evaluateSequential(ForEachOps.java:151)
	at java.base@21.0.10/java.util.stream.ForEachOps$ForEachOp$OfRef.evaluateSequential(ForEachOps.java:174)
	at java.base@21.0.10/java.util.stream.AbstractPipeline.evaluate(AbstractPipeline.java:234)
	at java.base@21.0.10/java.util.stream.ReferencePipeline.forEach(ReferencePipeline.java:596)
	at java.base@21.0.10/java.util.stream.ReferencePipeline$7$1.accept(ReferencePipeline.java:276)
	at java.base@21.0.10/java.util.ArrayList$ArrayListSpliterator.forEachRemaining(ArrayList.java:1708)
	at java.base@21.0.10/java.util.stream.AbstractPipeline.copyInto(AbstractPipeline.java:509)
	at java.base@21.0.10/java.util.stream.AbstractPipeline.wrapAndCopyInto(AbstractPipeline.java:499)
	at java.base@21.0.10/java.util.stream.ForEachOps$ForEachOp.evaluateSequential(ForEachOps.java:151)
	at java.base@21.0.10/java.util.stream.ForEachOps$ForEachOp$OfRef.evaluateSequential(ForEachOps.java:174)
	at java.base@21.0.10/java.util.stream.AbstractPipeline.evaluate(AbstractPipeline.java:234)
	at java.base@21.0.10/java.util.stream.ReferencePipeline.forEach(ReferencePipeline.java:596)
	at java.base@21.0.10/java.util.ArrayList.forEach(ArrayList.java:1596)
	at java.base@21.0.10/java.util.ArrayList.forEach(ArrayList.java:1596)
</failure>
  </testcase>
  <testcase name="501116-v1.0.0:destroy_dict" classname="org.seqra.cir.sast.BigProjectsEntrypointsTest" time="3.021">
    <failure message="org.opentest4j.AssertionFailedError: Expected a use-after-free in 501116-v1.0.0:destroy_dict (destroy_dict) but found none" type="org.opentest4j.AssertionFailedError">org.opentest4j.AssertionFailedError: Expected a use-after-free in 501116-v1.0.0:destroy_dict (destroy_dict) but found none
	at app//org.junit.jupiter.api.AssertionUtils.fail(AssertionUtils.java:38)
	at app//org.junit.jupiter.api.Assertions.fail(Assertions.java:138)
	at app//kotlin.test.junit5.JUnit5Asserter.fail(JUnitSupport.kt:56)
	at app//kotlin.test.Asserter$DefaultImpls.assertTrue(Assertions.kt:694)
	at app//kotlin.test.junit5.JUnit5Asserter.assertTrue(JUnitSupport.kt:30)
	at app//kotlin.test.Asserter$DefaultImpls.assertTrue(Assertions.kt:704)
	at app//kotlin.test.junit5.JUnit5Asserter.assertTrue(JUnitSupport.kt:30)
	at app//kotlin.test.AssertionsKt__AssertionsKt.assertTrue(Assertions.kt:44)
	at app//kotlin.test.AssertionsKt.assertTrue(Unknown Source)
	at app//org.seqra.cir.sast.BigProjectsEntrypointsTest.bigProject(BigProjectsEntrypointsTest.kt:39)
	at java.base@21.0.10/java.lang.reflect.Method.invoke(Method.java:580)
	at java.base@21.0.10/java.util.stream.ForEachOps$ForEachOp$OfRef.accept(ForEachOps.java:184)
	at java.base@21.0.10/java.util.stream.ReferencePipeline$3$1.accept(ReferencePipeline.java:197)
	at java.base@21.0.10/java.util.stream.ReferencePipeline$2$1.accept(ReferencePipeline.java:179)
	at java.base@21.0.10/java.util.stream.ReferencePipeline$3$1.accept(ReferencePipeline.java:197)
	at java.base@21.0.10/java.util.stream.ForEachOps$ForEachOp$OfRef.accept(ForEachOps.java:184)
	at java.base@21.0.10/java.util.stream.ReferencePipeline$3$1.accept(ReferencePipeline.java:197)
	at java.base@21.0.10/java.util.stream.ReferencePipeline$3$1.accept(ReferencePipeline.java:197)
	at java.base@21.0.10/java.util.stream.ReferencePipeline$3$1.accept(ReferencePipeline.java:197)
	at java.base@21.0.10/java.util.stream.ForEachOps$ForEachOp$OfRef.accept(ForEachOps.java:184)
	at java.base@21.0.10/java.util.stream.ReferencePipeline$3$1.accept(ReferencePipeline.java:197)
	at java.base@21.0.10/java.util.ArrayList$ArrayListSpliterator.forEachRemaining(ArrayList.java:1708)
	at java.base@21.0.10/java.util.stream.ReferencePipeline$Head.forEach(ReferencePipeline.java:762)
	at java.base@21.0.10/java.util.stream.ReferencePipeline$7$1.accept(ReferencePipeline.java:276)
	at java.base@21.0.10/java.util.stream.ReferencePipeline$3$1.accept(ReferencePipeline.java:197)
	at java.base@21.0.10/java.util.stream.ReferencePipeline$3$1.accept(ReferencePipeline.java:197)
	at java.base@21.0.10/java.util.stream.ReferencePipeline$3$1.accept(ReferencePipeline.java:197)
	at java.base@21.0.10/java.util.Spliterators$ArraySpliterator.forEachRemaining(Spliterators.java:1024)
	at java.base@21.0.10/java.util.stream.AbstractPipeline.copyInto(AbstractPipeline.java:509)
	at java.base@21.0.10/java.util.stream.AbstractPipeline.wrapAndCopyInto(AbstractPipeline.java:499)
	at java.base@21.0.10/java.util.stream.ForEachOps$ForEachOp.evaluateSequential(ForEachOps.java:151)
	at java.base@21.0.10/java.util.stream.ForEachOps$ForEachOp$OfRef.evaluateSequential(ForEachOps.java:174)
	at java.base@21.0.10/java.util.stream.AbstractPipeline.evaluate(AbstractPipeline.java:234)
	at java.base@21.0.10/java.util.stream.ReferencePipeline.forEach(ReferencePipeline.java:596)
	at java.base@21.0.10/java.util.stream.ReferencePipeline$7$1.accept(ReferencePipeline.java:276)
	at java.base@21.0.10/java.util.stream.ReferencePipeline$3$1.accept(ReferencePipeline.java:197)
	at java.base@21.0.10/java.util.stream.ReferencePipeline$3$1.accept(ReferencePipeline.java:197)
	at java.base@21.0.10/java.util.stream.ReferencePipeline$3$1.accept(ReferencePipeline.java:197)
	at java.base@21.0.10/java.util.ArrayList$ArrayListSpliterator.forEachRemaining(ArrayList.java:1708)
	at java.base@21.0.10/java.util.stream.AbstractPipeline.copyInto(AbstractPipeline.java:509)
	at java.base@21.0.10/java.util.stream.AbstractPipeline.wrapAndCopyInto(AbstractPipeline.java:499)
	at java.base@21.0.10/java.util.stream.ForEachOps$ForEachOp.evaluateSequential(ForEachOps.java:151)
	at java.base@21.0.10/java.util.stream.ForEachOps$ForEachOp$OfRef.evaluateSequential(ForEachOps.java:174)
	at java.base@21.0.10/java.util.stream.AbstractPipeline.evaluate(AbstractPipeline.java:234)
	at java.base@21.0.10/java.util.stream.ReferencePipeline.forEach(ReferencePipeline.java:596)
	at java.base@21.0.10/java.util.stream.ReferencePipeline$7$1.accept(ReferencePipeline.java:276)
	at java.base@21.0.10/java.util.ArrayList$ArrayListSpliterator.forEachRemaining(ArrayList.java:1708)
	at java.base@21.0.10/java.util.stream.AbstractPipeline.copyInto(AbstractPipeline.java:509)
	at java.base@21.0.10/java.util.stream.AbstractPipeline.wrapAndCopyInto(AbstractPipeline.java:499)
	at java.base@21.0.10/java.util.stream.ForEachOps$ForEachOp.evaluateSequential(ForEachOps.java:151)
	at java.base@21.0.10/java.util.stream.ForEachOps$ForEachOp$OfRef.evaluateSequential(ForEachOps.java:174)
	at java.base@21.0.10/java.util.stream.AbstractPipeline.evaluate(AbstractPipeline.java:234)
	at java.base@21.0.10/java.util.stream.ReferencePipeline.forEach(ReferencePipeline.java:596)
	at java.base@21.0.10/java.util.ArrayList.forEach(ArrayList.java:1596)
	at java.base@21.0.10/java.util.ArrayList.forEach(ArrayList.java:1596)
</failure>
  </testcase>
  <testcase name="501116-v1.0.0:destroy_tlvs" classname="org.seqra.cir.sast.BigProjectsEntrypointsTest" time="24.336"/>
  <testcase name="501116-v1.0.0:register_attrs" classname="org.seqra.cir.sast.BigProjectsEntrypointsTest" time="2.787">
    <failure message="org.opentest4j.AssertionFailedError: Expected a use-after-free in 501116-v1.0.0:register_attrs (register_attrs) but found none" type="org.opentest4j.AssertionFailedError">org.opentest4j.AssertionFailedError: Expected a use-after-free in 501116-v1.0.0:register_attrs (register_attrs) but found none
	at app//org.junit.jupiter.api.AssertionUtils.fail(AssertionUtils.java:38)
	at app//org.junit.jupiter.api.Assertions.fail(Assertions.java:138)
	at app//kotlin.test.junit5.JUnit5Asserter.fail(JUnitSupport.kt:56)
	at app//kotlin.test.Asserter$DefaultImpls.assertTrue(Assertions.kt:694)
	at app//kotlin.test.junit5.JUnit5Asserter.assertTrue(JUnitSupport.kt:30)
	at app//kotlin.test.Asserter$DefaultImpls.assertTrue(Assertions.kt:704)
	at app//kotlin.test.junit5.JUnit5Asserter.assertTrue(JUnitSupport.kt:30)
	at app//kotlin.test.AssertionsKt__AssertionsKt.assertTrue(Assertions.kt:44)
	at app//kotlin.test.AssertionsKt.assertTrue(Unknown Source)
	at app//org.seqra.cir.sast.BigProjectsEntrypointsTest.bigProject(BigProjectsEntrypointsTest.kt:39)
	at java.base@21.0.10/java.lang.reflect.Method.invoke(Method.java:580)
	at java.base@21.0.10/java.util.stream.ForEachOps$ForEachOp$OfRef.accept(ForEachOps.java:184)
	at java.base@21.0.10/java.util.stream.ReferencePipeline$3$1.accept(ReferencePipeline.java:197)
	at java.base@21.0.10/java.util.stream.ReferencePipeline$2$1.accept(ReferencePipeline.java:179)
	at java.base@21.0.10/java.util.stream.ReferencePipeline$3$1.accept(ReferencePipeline.java:197)
	at java.base@21.0.10/java.util.stream.ForEachOps$ForEachOp$OfRef.accept(ForEachOps.java:184)
	at java.base@21.0.10/java.util.stream.ReferencePipeline$3$1.accept(ReferencePipeline.java:197)
	at java.base@21.0.10/java.util.stream.ReferencePipeline$3$1.accept(ReferencePipeline.java:197)
	at java.base@21.0.10/java.util.stream.ReferencePipeline$3$1.accept(ReferencePipeline.java:197)
	at java.base@21.0.10/java.util.stream.ForEachOps$ForEachOp$OfRef.accept(ForEachOps.java:184)
	at java.base@21.0.10/java.util.stream.ReferencePipeline$3$1.accept(ReferencePipeline.java:197)
	at java.base@21.0.10/java.util.ArrayList$ArrayListSpliterator.forEachRemaining(ArrayList.java:1708)
	at java.base@21.0.10/java.util.stream.ReferencePipeline$Head.forEach(ReferencePipeline.java:762)
	at java.base@21.0.10/java.util.stream.ReferencePipeline$7$1.accept(ReferencePipeline.java:276)
	at java.base@21.0.10/java.util.stream.ReferencePipeline$3$1.accept(ReferencePipeline.java:197)
	at java.base@21.0.10/java.util.stream.ReferencePipeline$3$1.accept(ReferencePipeline.java:197)
	at java.base@21.0.10/java.util.stream.ReferencePipeline$3$1.accept(ReferencePipeline.java:197)
	at java.base@21.0.10/java.util.Spliterators$ArraySpliterator.forEachRemaining(Spliterators.java:1024)
	at java.base@21.0.10/java.util.stream.AbstractPipeline.copyInto(AbstractPipeline.java:509)
	at java.base@21.0.10/java.util.stream.AbstractPipeline.wrapAndCopyInto(AbstractPipeline.java:499)
	at java.base@21.0.10/java.util.stream.ForEachOps$ForEachOp.evaluateSequential(ForEachOps.java:151)
	at java.base@21.0.10/java.util.stream.ForEachOps$ForEachOp$OfRef.evaluateSequential(ForEachOps.java:174)
	at java.base@21.0.10/java.util.stream.AbstractPipeline.evaluate(AbstractPipeline.java:234)
	at java.base@21.0.10/java.util.stream.ReferencePipeline.forEach(ReferencePipeline.java:596)
	at java.base@21.0.10/java.util.stream.ReferencePipeline$7$1.accept(ReferencePipeline.java:276)
	at java.base@21.0.10/java.util.stream.ReferencePipeline$3$1.accept(ReferencePipeline.java:197)
	at java.base@21.0.10/java.util.stream.ReferencePipeline$3$1.accept(ReferencePipeline.java:197)
	at java.base@21.0.10/java.util.stream.ReferencePipeline$3$1.accept(ReferencePipeline.java:197)
	at java.base@21.0.10/java.util.ArrayList$ArrayListSpliterator.forEachRemaining(ArrayList.java:1708)
	at java.base@21.0.10/java.util.stream.AbstractPipeline.copyInto(AbstractPipeline.java:509)
	at java.base@21.0.10/java.util.stream.AbstractPipeline.wrapAndCopyInto(AbstractPipeline.java:499)
	at java.base@21.0.10/java.util.stream.ForEachOps$ForEachOp.evaluateSequential(ForEachOps.java:151)
	at java.base@21.0.10/java.util.stream.ForEachOps$ForEachOp$OfRef.evaluateSequential(ForEachOps.java:174)
	at java.base@21.0.10/java.util.stream.AbstractPipeline.evaluate(AbstractPipeline.java:234)
	at java.base@21.0.10/java.util.stream.ReferencePipeline.forEach(ReferencePipeline.java:596)
	at java.base@21.0.10/java.util.stream.ReferencePipeline$7$1.accept(ReferencePipeline.java:276)
	at java.base@21.0.10/java.util.ArrayList$ArrayListSpliterator.forEachRemaining(ArrayList.java:1708)
	at java.base@21.0.10/java.util.stream.AbstractPipeline.copyInto(AbstractPipeline.java:509)
	at java.base@21.0.10/java.util.stream.AbstractPipeline.wrapAndCopyInto(AbstractPipeline.java:499)
	at java.base@21.0.10/java.util.stream.ForEachOps$ForEachOp.evaluateSequential(ForEachOps.java:151)
	at java.base@21.0.10/java.util.stream.ForEachOps$ForEachOp$OfRef.evaluateSequential(ForEachOps.java:174)
	at java.base@21.0.10/java.util.stream.AbstractPipeline.evaluate(AbstractPipeline.java:234)
	at java.base@21.0.10/java.util.stream.ReferencePipeline.forEach(ReferencePipeline.java:596)
	at java.base@21.0.10/java.util.ArrayList.forEach(ArrayList.java:1596)
	at java.base@21.0.10/java.util.ArrayList.forEach(ArrayList.java:1596)
</failure>
  </testcase>
  <testcase name="501116-v1.0.0:register_radius_fields" classname="org.seqra.cir.sast.BigProjectsEntrypointsTest" time="377.494">
    <failure message="org.opentest4j.AssertionFailedError: Expected a use-after-free in 501116-v1.0.0:register_radius_fields (register_radius_fields) but found none" type="org.opentest4j.AssertionFailedError">org.opentest4j.AssertionFailedError: Expected a use-after-free in 501116-v1.0.0:register_radius_fields (register_radius_fields) but found none
	at app//org.junit.jupiter.api.AssertionUtils.fail(AssertionUtils.java:38)
	at app//org.junit.jupiter.api.Assertions.fail(Assertions.java:138)
	at app//kotlin.test.junit5.JUnit5Asserter.fail(JUnitSupport.kt:56)
	at app//kotlin.test.Asserter$DefaultImpls.assertTrue(Assertions.kt:694)
	at app//kotlin.test.junit5.JUnit5Asserter.assertTrue(JUnitSupport.kt:30)
	at app//kotlin.test.Asserter$DefaultImpls.assertTrue(Assertions.kt:704)
	at app//kotlin.test.junit5.JUnit5Asserter.assertTrue(JUnitSupport.kt:30)
	at app//kotlin.test.AssertionsKt__AssertionsKt.assertTrue(Assertions.kt:44)
	at app//kotlin.test.AssertionsKt.assertTrue(Unknown Source)
	at app//org.seqra.cir.sast.BigProjectsEntrypointsTest.bigProject(BigProjectsEntrypointsTest.kt:39)
	at java.base@21.0.10/java.lang.reflect.Method.invoke(Method.java:580)
	at java.base@21.0.10/java.util.stream.ForEachOps$ForEachOp$OfRef.accept(ForEachOps.java:184)
	at java.base@21.0.10/java.util.stream.ReferencePipeline$3$1.accept(ReferencePipeline.java:197)
	at java.base@21.0.10/java.util.stream.ReferencePipeline$2$1.accept(ReferencePipeline.java:179)
	at java.base@21.0.10/java.util.stream.ReferencePipeline$3$1.accept(ReferencePipeline.java:197)
	at java.base@21.0.10/java.util.stream.ForEachOps$ForEachOp$OfRef.accept(ForEachOps.java:184)
	at java.base@21.0.10/java.util.stream.ReferencePipeline$3$1.accept(ReferencePipeline.java:197)
	at java.base@21.0.10/java.util.stream.ReferencePipeline$3$1.accept(ReferencePipeline.java:197)
	at java.base@21.0.10/java.util.stream.ReferencePipeline$3$1.accept(ReferencePipeline.java:197)
	at java.base@21.0.10/java.util.stream.ForEachOps$ForEachOp$OfRef.accept(ForEachOps.java:184)
	at java.base@21.0.10/java.util.stream.ReferencePipeline$3$1.accept(ReferencePipeline.java:197)
	at java.base@21.0.10/java.util.ArrayList$ArrayListSpliterator.forEachRemaining(ArrayList.java:1708)
	at java.base@21.0.10/java.util.stream.ReferencePipeline$Head.forEach(ReferencePipeline.java:762)
	at java.base@21.0.10/java.util.stream.ReferencePipeline$7$1.accept(ReferencePipeline.java:276)
	at java.base@21.0.10/java.util.stream.ReferencePipeline$3$1.accept(ReferencePipeline.java:197)
	at java.base@21.0.10/java.util.stream.ReferencePipeline$3$1.accept(ReferencePipeline.java:197)
	at java.base@21.0.10/java.util.stream.ReferencePipeline$3$1.accept(ReferencePipeline.java:197)
	at java.base@21.0.10/java.util.Spliterators$ArraySpliterator.forEachRemaining(Spliterators.java:1024)
	at java.base@21.0.10/java.util.stream.AbstractPipeline.copyInto(AbstractPipeline.java:509)
	at java.base@21.0.10/java.util.stream.AbstractPipeline.wrapAndCopyInto(AbstractPipeline.java:499)
	at java.base@21.0.10/java.util.stream.ForEachOps$ForEachOp.evaluateSequential(ForEachOps.java:151)
	at java.base@21.0.10/java.util.stream.ForEachOps$ForEachOp$OfRef.evaluateSequential(ForEachOps.java:174)
	at java.base@21.0.10/java.util.stream.AbstractPipeline.evaluate(AbstractPipeline.java:234)
	at java.base@21.0.10/java.util.stream.ReferencePipeline.forEach(ReferencePipeline.java:596)
	at java.base@21.0.10/java.util.stream.ReferencePipeline$7$1.accept(ReferencePipeline.java:276)
	at java.base@21.0.10/java.util.stream.ReferencePipeline$3$1.accept(ReferencePipeline.java:197)
	at java.base@21.0.10/java.util.stream.ReferencePipeline$3$1.accept(ReferencePipeline.java:197)
	at java.base@21.0.10/java.util.stream.ReferencePipeline$3$1.accept(ReferencePipeline.java:197)
	at java.base@21.0.10/java.util.ArrayList$ArrayListSpliterator.forEachRemaining(ArrayList.java:1708)
	at java.base@21.0.10/java.util.stream.AbstractPipeline.copyInto(AbstractPipeline.java:509)
	at java.base@21.0.10/java.util.stream.AbstractPipeline.wrapAndCopyInto(AbstractPipeline.java:499)
	at java.base@21.0.10/java.util.stream.ForEachOps$ForEachOp.evaluateSequential(ForEachOps.java:151)
	at java.base@21.0.10/java.util.stream.ForEachOps$ForEachOp$OfRef.evaluateSequential(ForEachOps.java:174)
	at java.base@21.0.10/java.util.stream.AbstractPipeline.evaluate(AbstractPipeline.java:234)
	at java.base@21.0.10/java.util.stream.ReferencePipeline.forEach(ReferencePipeline.java:596)
	at java.base@21.0.10/java.util.stream.ReferencePipeline$7$1.accept(ReferencePipeline.java:276)
	at java.base@21.0.10/java.util.ArrayList$ArrayListSpliterator.forEachRemaining(ArrayList.java:1708)
	at java.base@21.0.10/java.util.stream.AbstractPipeline.copyInto(AbstractPipeline.java:509)
	at java.base@21.0.10/java.util.stream.AbstractPipeline.wrapAndCopyInto(AbstractPipeline.java:499)
	at java.base@21.0.10/java.util.stream.ForEachOps$ForEachOp.evaluateSequential(ForEachOps.java:151)
	at java.base@21.0.10/java.util.stream.ForEachOps$ForEachOp$OfRef.evaluateSequential(ForEachOps.java:174)
	at java.base@21.0.10/java.util.stream.AbstractPipeline.evaluate(AbstractPipeline.java:234)
	at java.base@21.0.10/java.util.stream.ReferencePipeline.forEach(ReferencePipeline.java:596)
	at java.base@21.0.10/java.util.ArrayList.forEach(ArrayList.java:1596)
	at java.base@21.0.10/java.util.ArrayList.forEach(ArrayList.java:1596)
</failure>
  </testcase>
  <system-out><![CDATA[06:21:51.884 [Test worker] INFO  jetbrains.exodus.io.FileDataWriter -- Uninterruptible file channel will be used
06:21:52.747 [Test worker] INFO  j.exodus.env.EnvironmentImpl -- Exodus environment created: /tmp/xodusKeyValueStorage365548286163475885
06:22:01.136 [Test worker] WARN  o.s.i.i.CIRClasspathImplKt$logger$1 -- Find function by symbol name 'radius_load_dictionary'
06:22:03.266 [Test worker] INFO  o.s.d.a.i.TaintAnalysisUnitRunnerManager -- Starting analysis of 1 methods in 1 units
06:22:04.675 [org.seqra.dataflow.ap.ifds.TaintAnalysisUnitRunnerManager-worker-1 @coroutine#2] WARN  o.s.i.i.CIRClasspathImplKt$logger$1 -- Find function by symbol name 'g_strdup_printf'
06:22:04.677 [org.seqra.dataflow.ap.ifds.TaintAnalysisUnitRunnerManager-worker-1 @coroutine#2] WARN  o.s.i.i.CIRClasspathImplKt$logger$1 -- Ambiguous function resolution for symbol 'g_strdup_printf': [CIRFunctionID(moduleID=MLIRModuleID(id=/tmp/big-projects-work/buggy/wireshark-1.2-buggy/epan/dissectors/packet-radius.c), id=g_strdup_printf), CIRFunctionID(moduleID=MLIRModuleID(id=/tmp/big-projects-work/buggy/wireshark-1.2-buggy/epan/radius_dict.c), id=g_strdup_printf)]
06:22:04.942 [org.seqra.dataflow.ap.ifds.TaintAnalysisUnitRunnerManager-worker-1 @coroutine#2] WARN  o.s.i.i.CIRClasspathImplKt$logger$1 -- Find function by symbol name 'g_string_new'
06:22:04.943 [org.seqra.dataflow.ap.ifds.TaintAnalysisUnitRunnerManager-worker-1 @coroutine#2] WARN  o.s.i.i.CIRClasspathImplKt$logger$1 -- No definition for symbol 'g_string_new', using declaration CIRFunctionID(moduleID=MLIRModuleID(id=/tmp/big-projects-work/buggy/wireshark-1.2-buggy/epan/radius_dict.c), id=g_string_new)
06:22:04.946 [org.seqra.dataflow.ap.ifds.TaintAnalysisUnitRunnerManager-worker-1 @coroutine#2] WARN  o.s.i.i.CIRClasspathImplKt$logger$1 -- Find function by symbol name 'fopen'
06:22:04.947 [org.seqra.dataflow.ap.ifds.TaintAnalysisUnitRunnerManager-worker-1 @coroutine#2] WARN  o.s.i.i.CIRClasspathImplKt$logger$1 -- No definition for symbol 'fopen', using declaration CIRFunctionID(moduleID=MLIRModuleID(id=/tmp/big-projects-work/buggy/wireshark-1.2-buggy/epan/radius_dict.c), id=fopen)
06:22:05.040 [org.seqra.dataflow.ap.ifds.TaintAnalysisUnitRunnerManager-worker-1 @coroutine#2] WARN  o.s.i.i.CIRClasspathImplKt$logger$1 -- Find function by symbol name 'g_hash_table_new'
06:22:05.042 [org.seqra.dataflow.ap.ifds.TaintAnalysisUnitRunnerManager-worker-1 @coroutine#2] WARN  o.s.i.i.CIRClasspathImplKt$logger$1 -- Ambiguous function resolution for symbol 'g_hash_table_new': [CIRFunctionID(moduleID=MLIRModuleID(id=/tmp/big-projects-work/buggy/wireshark-1.2-buggy/epan/dissectors/packet-radius.c), id=g_hash_table_new), CIRFunctionID(moduleID=MLIRModuleID(id=/tmp/big-projects-work/buggy/wireshark-1.2-buggy/epan/radius_dict.c), id=g_hash_table_new)]
06:22:05.044 [org.seqra.dataflow.ap.ifds.TaintAnalysisUnitRunnerManager-worker-1 @coroutine#2] WARN  o.s.i.i.CIRClasspathImplKt$logger$1 -- Find function by symbol name 'Radiuslex'
06:22:05.156 [org.seqra.dataflow.ap.ifds.TaintAnalysisUnitRunnerManager-worker-1 @coroutine#2] WARN  o.s.i.i.CIRClasspathImplKt$logger$1 -- Find function by symbol name 'g_hash_table_foreach'
06:22:05.157 [org.seqra.dataflow.ap.ifds.TaintAnalysisUnitRunnerManager-worker-1 @coroutine#2] WARN  o.s.i.i.CIRClasspathImplKt$logger$1 -- Ambiguous function resolution for symbol 'g_hash_table_foreach': [CIRFunctionID(moduleID=MLIRModuleID(id=/tmp/big-projects-work/buggy/wireshark-1.2-buggy/epan/dissectors/packet-radius.c), id=g_hash_table_foreach), CIRFunctionID(moduleID=MLIRModuleID(id=/tmp/big-projects-work/buggy/wireshark-1.2-buggy/epan/radius_dict.c), id=g_hash_table_foreach)]
06:22:05.159 [org.seqra.dataflow.ap.ifds.TaintAnalysisUnitRunnerManager-worker-1 @coroutine#2] WARN  o.s.i.i.CIRClasspathImplKt$logger$1 -- Find function by symbol name 'g_hash_table_foreach_remove'
06:22:05.161 [org.seqra.dataflow.ap.ifds.TaintAnalysisUnitRunnerManager-worker-1 @coroutine#2] WARN  o.s.i.i.CIRClasspathImplKt$logger$1 -- Ambiguous function resolution for symbol 'g_hash_table_foreach_remove': [CIRFunctionID(moduleID=MLIRModuleID(id=/tmp/big-projects-work/buggy/wireshark-1.2-buggy/epan/dissectors/packet-radius.c), id=g_hash_table_foreach_remove), CIRFunctionID(moduleID=MLIRModuleID(id=/tmp/big-projects-work/buggy/wireshark-1.2-buggy/epan/radius_dict.c), id=g_hash_table_foreach_remove)]
06:22:05.370 [org.seqra.dataflow.ap.ifds.TaintAnalysisUnitRunnerManager-worker-1 @coroutine#2] WARN  o.s.i.i.CIRClasspathImplKt$logger$1 -- Find function by symbol name 'g_string_free'
06:22:05.371 [org.seqra.dataflow.ap.ifds.TaintAnalysisUnitRunnerManager-worker-1 @coroutine#2] WARN  o.s.i.i.CIRClasspathImplKt$logger$1 -- Ambiguous function resolution for symbol 'g_string_free': [CIRFunctionID(moduleID=MLIRModuleID(id=/tmp/big-projects-work/buggy/wireshark-1.2-buggy/epan/dissectors/packet-radius.c), id=g_string_free), CIRFunctionID(moduleID=MLIRModuleID(id=/tmp/big-projects-work/buggy/wireshark-1.2-buggy/epan/radius_dict.c), id=g_string_free)]
06:22:05.407 [org.seqra.dataflow.ap.ifds.TaintAnalysisUnitRunnerManager-worker-1 @coroutine#2] WARN  o.s.i.i.CIRClasspathImplKt$logger$1 -- Find function by symbol name 'g_string_free_and_steal'
06:22:05.407 [org.seqra.dataflow.ap.ifds.TaintAnalysisUnitRunnerManager-worker-1 @coroutine#2] WARN  o.s.i.i.CIRClasspathImplKt$logger$1 -- No definition for symbol 'g_string_free_and_steal', using declaration CIRFunctionID(moduleID=MLIRModuleID(id=/tmp/big-projects-work/buggy/wireshark-1.2-buggy/epan/radius_dict.c), id=g_string_free_and_steal)
06:22:05.409 [org.seqra.dataflow.ap.ifds.TaintAnalysisUnitRunnerManager-worker-1 @coroutine#2] WARN  o.s.i.i.CIRClasspathImplKt$logger$1 -- Find function by symbol name 'destroy_dict'
06:22:05.466 [org.seqra.dataflow.ap.ifds.TaintAnalysisUnitRunnerManager-worker-1 @coroutine#2] WARN  o.s.i.i.CIRClasspathImplKt$logger$1 -- Find function by symbol name 'g_free'
06:22:05.467 [org.seqra.dataflow.ap.ifds.TaintAnalysisUnitRunnerManager-worker-1 @coroutine#2] WARN  o.s.i.i.CIRClasspathImplKt$logger$1 -- Ambiguous function resolution for symbol 'g_free': [CIRFunctionID(moduleID=MLIRModuleID(id=/tmp/big-projects-work/buggy/wireshark-1.2-buggy/epan/dissectors/packet-radius.c), id=g_free), CIRFunctionID(moduleID=MLIRModuleID(id=/tmp/big-projects-work/buggy/wireshark-1.2-buggy/epan/radius_dict.c), id=g_free)]
06:22:05.641 [org.seqra.dataflow.ap.ifds.TaintAnalysisUnitRunnerManager-worker-1 @coroutine#2] WARN  o.s.i.i.CIRClasspathImplKt$logger$1 -- Find function by symbol name 'fclose'
06:22:05.642 [org.seqra.dataflow.ap.ifds.TaintAnalysisUnitRunnerManager-worker-1 @coroutine#2] WARN  o.s.i.i.CIRClasspathImplKt$logger$1 -- No definition for symbol 'fclose', using declaration CIRFunctionID(moduleID=MLIRModuleID(id=/tmp/big-projects-work/buggy/wireshark-1.2-buggy/epan/radius_dict.c), id=fclose)
06:22:05.643 [org.seqra.dataflow.ap.ifds.TaintAnalysisUnitRunnerManager-worker-1 @coroutine#2] WARN  o.s.i.i.CIRClasspathImplKt$logger$1 -- Find function by symbol name '__errno_location'
06:22:05.644 [org.seqra.dataflow.ap.ifds.TaintAnalysisUnitRunnerManager-worker-1 @coroutine#2] WARN  o.s.i.i.CIRClasspathImplKt$logger$1 -- No definition for symbol '__errno_location', using declaration CIRFunctionID(moduleID=MLIRModuleID(id=/tmp/big-projects-work/buggy/wireshark-1.2-buggy/epan/radius_dict.c), id=__errno_location)
06:22:05.644 [org.seqra.dataflow.ap.ifds.TaintAnalysisUnitRunnerManager-worker-1 @coroutine#2] WARN  o.s.i.i.CIRClasspathImplKt$logger$1 -- Find function by symbol name 'strerror'
06:22:05.645 [org.seqra.dataflow.ap.ifds.TaintAnalysisUnitRunnerManager-worker-1 @coroutine#2] WARN  o.s.i.i.CIRClasspathImplKt$logger$1 -- No definition for symbol 'strerror', using declaration CIRFunctionID(moduleID=MLIRModuleID(id=/tmp/big-projects-work/buggy/wireshark-1.2-buggy/epan/radius_dict.c), id=strerror)
06:22:05.645 [org.seqra.dataflow.ap.ifds.TaintAnalysisUnitRunnerManager-worker-1 @coroutine#2] WARN  o.s.i.i.CIRClasspathImplKt$logger$1 -- Find function by symbol name 'g_string_append_printf'
06:22:05.646 [org.seqra.dataflow.ap.ifds.TaintAnalysisUnitRunnerManager-worker-1 @coroutine#2] WARN  o.s.i.i.CIRClasspathImplKt$logger$1 -- Ambiguous function resolution for symbol 'g_string_append_printf': [CIRFunctionID(moduleID=MLIRModuleID(id=/tmp/big-projects-work/buggy/wireshark-1.2-buggy/epan/dissectors/packet-radius.c), id=g_string_append_printf), CIRFunctionID(moduleID=MLIRModuleID(id=/tmp/big-projects-work/buggy/wireshark-1.2-buggy/epan/radius_dict.c), id=g_string_append_printf)]
06:22:05.658 [org.seqra.dataflow.ap.ifds.TaintAnalysisUnitRunnerManager-worker-1 @coroutine#2] WARN  o.s.i.i.CIRClasspathImplKt$logger$1 -- Find function by symbol name 'yy_fatal_error'
06:22:05.682 [org.seqra.dataflow.ap.ifds.TaintAnalysisUnitRunnerManager-worker-1 @coroutine#2] WARN  o.s.i.i.CIRClasspathImplKt$logger$1 -- Find function by symbol name 'yy_get_next_buffer'
06:22:05.714 [org.seqra.dataflow.ap.ifds.TaintAnalysisUnitRunnerManager-worker-1 @coroutine#2] WARN  o.s.i.i.CIRClasspathImplKt$logger$1 -- Find function by symbol name 'yy_get_previous_state'
06:22:05.719 [org.seqra.dataflow.ap.ifds.TaintAnalysisUnitRunnerManager-worker-1 @coroutine#2] WARN  o.s.i.i.CIRClasspathImplKt$logger$1 -- Find function by symbol name 'Radiuswrap'
06:22:05.720 [org.seqra.dataflow.ap.ifds.TaintAnalysisUnitRunnerManager-worker-1 @coroutine#2] WARN  o.s.i.i.CIRClasspathImplKt$logger$1 -- Find function by symbol name 'Radiusrestart'
06:22:05.724 [org.seqra.dataflow.ap.ifds.TaintAnalysisUnitRunnerManager-worker-1 @coroutine#2] WARN  o.s.i.i.CIRClasspathImplKt$logger$1 -- Find function by symbol name 'yy_try_NUL_trans'
06:22:05.729 [org.seqra.dataflow.ap.ifds.TaintAnalysisUnitRunnerManager-worker-1 @coroutine#2] WARN  o.s.i.i.CIRClasspathImplKt$logger$1 -- Find function by symbol name 'Radius_delete_buffer'
06:22:05.732 [org.seqra.dataflow.ap.ifds.TaintAnalysisUnitRunnerManager-worker-1 @coroutine#2] WARN  o.s.i.i.CIRClasspathImplKt$logger$1 -- Find function by symbol name 'Radius_switch_to_buffer'
06:22:06.342 [org.seqra.dataflow.ap.ifds.TaintAnalysisUnitRunnerManager-worker-1 @coroutine#2] WARN  o.s.i.i.CIRClasspathImplKt$logger$1 -- Find function by symbol name 'Radius_create_buffer'
06:22:06.347 [org.seqra.dataflow.ap.ifds.TaintAnalysisUnitRunnerManager-worker-1 @coroutine#2] WARN  o.s.i.i.CIRClasspathImplKt$logger$1 -- Find function by symbol name 'g_strerror'
06:22:06.348 [org.seqra.dataflow.ap.ifds.TaintAnalysisUnitRunnerManager-worker-1 @coroutine#2] WARN  o.s.i.i.CIRClasspathImplKt$logger$1 -- No definition for symbol 'g_strerror', using declaration CIRFunctionID(moduleID=MLIRModuleID(id=/tmp/big-projects-work/buggy/wireshark-1.2-buggy/epan/radius_dict.c), id=g_strerror)
06:22:06.355 [org.seqra.dataflow.ap.ifds.TaintAnalysisUnitRunnerManager-worker-1 @coroutine#2] WARN  o.s.i.i.CIRClasspathImplKt$logger$1 -- Find function by symbol name 'strtol'
06:22:06.356 [org.seqra.dataflow.ap.ifds.TaintAnalysisUnitRunnerManager-worker-1 @coroutine#2] WARN  o.s.i.i.CIRClasspathImplKt$logger$1 -- No definition for symbol 'strtol', using declaration CIRFunctionID(moduleID=MLIRModuleID(id=/tmp/big-projects-work/buggy/wireshark-1.2-buggy/epan/radius_dict.c), id=strtol)
06:22:06.356 [org.seqra.dataflow.ap.ifds.TaintAnalysisUnitRunnerManager-worker-1 @coroutine#2] WARN  o.s.i.i.CIRClasspathImplKt$logger$1 -- Find function by symbol name 'add_value'
06:22:06.690 [org.seqra.dataflow.ap.ifds.TaintAnalysisUnitRunnerManager-worker-1 @coroutine#2] WARN  o.s.i.i.CIRClasspathImplKt$logger$1 -- Find function by symbol name 'g_strdup_inline'
06:22:06.711 [org.seqra.dataflow.ap.ifds.TaintAnalysisUnitRunnerManager-worker-1 @coroutine#2] WARN  o.s.i.i.CIRClasspathImplKt$logger$1 -- Ambiguous function resolution for symbol 'g_strdup_inline': [CIRFunctionID(moduleID=MLIRModuleID(id=/tmp/big-projects-work/buggy/wireshark-1.2-buggy/epan/dissectors/packet-radius.c), id=g_strdup_inline), CIRFunctionID(moduleID=MLIRModuleID(id=/tmp/big-projects-work/buggy/wireshark-1.2-buggy/epan/radius_dict.c), id=g_strdup_inline)]
06:22:06.711 [org.seqra.dataflow.ap.ifds.TaintAnalysisUnitRunnerManager-worker-1 @coroutine#2] WARN  o.s.i.i.CIRClasspathImplKt$logger$1 -- Find function by symbol name 'g_strdup_inline'
06:22:06.712 [org.seqra.dataflow.ap.ifds.TaintAnalysisUnitRunnerManager-worker-1 @coroutine#2] WARN  o.s.i.i.CIRClasspathImplKt$logger$1 -- Ambiguous function resolution for symbol 'g_strdup_inline': [CIRFunctionID(moduleID=MLIRModuleID(id=/tmp/big-projects-work/buggy/wireshark-1.2-buggy/epan/dissectors/packet-radius.c), id=g_strdup_inline), CIRFunctionID(moduleID=MLIRModuleID(id=/tmp/big-projects-work/buggy/wireshark-1.2-buggy/epan/radius_dict.c), id=g_strdup_inline)]
06:22:06.712 [org.seqra.dataflow.ap.ifds.TaintAnalysisUnitRunnerManager-worker-1 @coroutine#2] WARN  o.s.i.i.CIRClasspathImplKt$logger$1 -- Find function by symbol name 'add_attribute'
06:22:06.771 [org.seqra.dataflow.ap.ifds.TaintAnalysisUnitRunnerManager-worker-1 @coroutine#2] WARN  o.s.i.i.CIRClasspathImplKt$logger$1 -- Find function by symbol name 'g_strdup_inline'
06:22:06.771 [org.seqra.dataflow.ap.ifds.TaintAnalysisUnitRunnerManager-worker-1 @coroutine#2] WARN  o.s.i.i.CIRClasspathImplKt$logger$1 -- Ambiguous function resolution for symbol 'g_strdup_inline': [CIRFunctionID(moduleID=MLIRModuleID(id=/tmp/big-projects-work/buggy/wireshark-1.2-buggy/epan/dissectors/packet-radius.c), id=g_strdup_inline), CIRFunctionID(moduleID=MLIRModuleID(id=/tmp/big-projects-work/buggy/wireshark-1.2-buggy/epan/radius_dict.c), id=g_strdup_inline)]
06:22:06.777 [org.seqra.dataflow.ap.ifds.TaintAnalysisUnitRunnerManager-worker-1 @coroutine#2] WARN  o.s.i.i.CIRClasspathImplKt$logger$1 -- Find function by symbol name 'strtoul'
06:22:06.778 [org.seqra.dataflow.ap.ifds.TaintAnalysisUnitRunnerManager-worker-1 @coroutine#2] WARN  o.s.i.i.CIRClasspathImplKt$logger$1 -- No definition for symbol 'strtoul', using declaration CIRFunctionID(moduleID=MLIRModuleID(id=/tmp/big-projects-work/buggy/wireshark-1.2-buggy/epan/radius_dict.c), id=strtoul)
06:22:06.782 [org.seqra.dataflow.ap.ifds.TaintAnalysisUnitRunnerManager-worker-1 @coroutine#2] WARN  o.s.i.i.CIRClasspathImplKt$logger$1 -- Find function by symbol name 'g_strdup_inline'
06:22:06.784 [org.seqra.dataflow.ap.ifds.TaintAnalysisUnitRunnerManager-worker-1 @coroutine#2] WARN  o.s.i.i.CIRClasspathImplKt$logger$1 -- Ambiguous function resolution for symbol 'g_strdup_inline': [CIRFunctionID(moduleID=MLIRModuleID(id=/tmp/big-projects-work/buggy/wireshark-1.2-buggy/epan/dissectors/packet-radius.c), id=g_strdup_inline), CIRFunctionID(moduleID=MLIRModuleID(id=/tmp/big-projects-work/buggy/wireshark-1.2-buggy/epan/radius_dict.c), id=g_strdup_inline)]
06:22:06.785 [org.seqra.dataflow.ap.ifds.TaintAnalysisUnitRunnerManager-worker-1 @coroutine#2] WARN  o.s.i.i.CIRClasspathImplKt$logger$1 -- Find function by symbol name 'g_strdup_inline'
06:22:06.787 [org.seqra.dataflow.ap.ifds.TaintAnalysisUnitRunnerManager-worker-1 @coroutine#2] WARN  o.s.i.i.CIRClasspathImplKt$logger$1 -- Ambiguous function resolution for symbol 'g_strdup_inline': [CIRFunctionID(moduleID=MLIRModuleID(id=/tmp/big-projects-work/buggy/wireshark-1.2-buggy/epan/dissectors/packet-radius.c), id=g_strdup_inline), CIRFunctionID(moduleID=MLIRModuleID(id=/tmp/big-projects-work/buggy/wireshark-1.2-buggy/epan/radius_dict.c), id=g_strdup_inline)]
06:22:06.788 [org.seqra.dataflow.ap.ifds.TaintAnalysisUnitRunnerManager-worker-1 @coroutine#2] WARN  o.s.i.i.CIRClasspathImplKt$logger$1 -- Find function by symbol name 'add_vendor'
06:22:06.802 [org.seqra.dataflow.ap.ifds.TaintAnalysisUnitRunnerManager-worker-1 @coroutine#2] WARN  o.s.i.i.CIRClasspathImplKt$logger$1 -- Find function by symbol name 'g_strdup_inline'
06:22:06.803 [org.seqra.dataflow.ap.ifds.TaintAnalysisUnitRunnerManager-worker-1 @coroutine#2] WARN  o.s.i.i.CIRClasspathImplKt$logger$1 -- Ambiguous function resolution for symbol 'g_strdup_inline': [CIRFunctionID(moduleID=MLIRModuleID(id=/tmp/big-projects-work/buggy/wireshark-1.2-buggy/epan/dissectors/packet-radius.c), id=g_strdup_inline), CIRFunctionID(moduleID=MLIRModuleID(id=/tmp/big-projects-work/buggy/wireshark-1.2-buggy/epan/radius_dict.c), id=g_strdup_inline)]
06:22:06.804 [org.seqra.dataflow.ap.ifds.TaintAnalysisUnitRunnerManager-worker-1 @coroutine#2] WARN  o.s.i.i.CIRClasspathImplKt$logger$1 -- Find function by symbol name 'g_strdup_inline'
06:22:06.806 [org.seqra.dataflow.ap.ifds.TaintAnalysisUnitRunnerManager-worker-1 @coroutine#2] WARN  o.s.i.i.CIRClasspathImplKt$logger$1 -- Ambiguous function resolution for symbol 'g_strdup_inline': [CIRFunctionID(moduleID=MLIRModuleID(id=/tmp/big-projects-work/buggy/wireshark-1.2-buggy/epan/dissectors/packet-radius.c), id=g_strdup_inline), CIRFunctionID(moduleID=MLIRModuleID(id=/tmp/big-projects-work/buggy/wireshark-1.2-buggy/epan/radius_dict.c), id=g_strdup_inline)]
06:22:06.808 [org.seqra.dataflow.ap.ifds.TaintAnalysisUnitRunnerManager-worker-1 @coroutine#2] WARN  o.s.i.i.CIRClasspathImplKt$logger$1 -- Find function by symbol name 'g_strdup_inline'
06:22:06.809 [org.seqra.dataflow.ap.ifds.TaintAnalysisUnitRunnerManager-worker-1 @coroutine#2] WARN  o.s.i.i.CIRClasspathImplKt$logger$1 -- Ambiguous function resolution for symbol 'g_strdup_inline': [CIRFunctionID(moduleID=MLIRModuleID(id=/tmp/big-projects-work/buggy/wireshark-1.2-buggy/epan/dissectors/packet-radius.c), id=g_strdup_inline), CIRFunctionID(moduleID=MLIRModuleID(id=/tmp/big-projects-work/buggy/wireshark-1.2-buggy/epan/radius_dict.c), id=g_strdup_inline)]
06:22:13.643 [org.seqra.dataflow.ap.ifds.TaintAnalysisUnitRunnerManager-progress @coroutine#3] INFO  o.s.d.a.i.TaintAnalysisUnitRunnerManager -- Progress: 3/116
06:22:13.656 [org.seqra.dataflow.ap.ifds.TaintAnalysisUnitRunnerManager-progress @coroutine#3] INFO  o.s.d.a.i.TaintAnalysisUnitRunnerManager -- Memory usage: 12122348792/12884901888 (94.08%)
06:22:23.658 [org.seqra.dataflow.ap.ifds.TaintAnalysisUnitRunnerManager-progress @coroutine#3] INFO  o.s.d.a.i.TaintAnalysisUnitRunnerManager -- Progress: 3/131
06:22:23.658 [org.seqra.dataflow.ap.ifds.TaintAnalysisUnitRunnerManager-progress @coroutine#3] INFO  o.s.d.a.i.TaintAnalysisUnitRunnerManager -- Memory usage: 12413308456/12884901888 (96.34%)
06:22:25.439 [org.seqra.dataflow.ap.ifds.TaintAnalysisUnitRunnerManager-worker-1 @coroutine#2] WARN  o.s.i.i.CIRClasspathImplKt$logger$1 -- Find function by symbol name 'Radius_load_buffer_state'
06:22:25.444 [org.seqra.dataflow.ap.ifds.TaintAnalysisUnitRunnerManager-worker-1 @coroutine#2] WARN  o.s.i.i.CIRClasspathImplKt$logger$1 -- Find function by symbol name 'Radiusensure_buffer_stack'
06:22:25.606 [org.seqra.dataflow.ap.ifds.TaintAnalysisUnitRunnerManager-worker-1 @coroutine#2] WARN  o.s.i.i.CIRClasspathImplKt$logger$1 -- Find function by symbol name 'Radiusfree'
06:22:25.859 [org.seqra.dataflow.ap.ifds.TaintAnalysisUnitRunnerManager-worker-1 @coroutine#2] WARN  o.s.i.i.CIRClasspathImplKt$logger$1 -- Find function by symbol name 'Radiusrealloc'
06:22:25.862 [org.seqra.dataflow.ap.ifds.TaintAnalysisUnitRunnerManager-worker-1 @coroutine#2] WARN  o.s.i.i.CIRClasspathImplKt$logger$1 -- Find function by symbol name 'Radiusalloc'
06:22:25.866 [org.seqra.dataflow.ap.ifds.TaintAnalysisUnitRunnerManager-worker-1 @coroutine#2] WARN  o.s.i.i.CIRClasspathImplKt$logger$1 -- Find function by symbol name 'g_hash_table_lookup'
06:22:25.867 [org.seqra.dataflow.ap.ifds.TaintAnalysisUnitRunnerManager-worker-1 @coroutine#2] WARN  o.s.i.i.CIRClasspathImplKt$logger$1 -- Ambiguous function resolution for symbol 'g_hash_table_lookup': [CIRFunctionID(moduleID=MLIRModuleID(id=/tmp/big-projects-work/buggy/wireshark-1.2-buggy/epan/dissectors/packet-radius.c), id=g_hash_table_lookup), CIRFunctionID(moduleID=MLIRModuleID(id=/tmp/big-projects-work/buggy/wireshark-1.2-buggy/epan/radius_dict.c), id=g_hash_table_lookup)]
06:22:25.867 [org.seqra.dataflow.ap.ifds.TaintAnalysisUnitRunnerManager-worker-1 @coroutine#2] WARN  o.s.i.i.CIRClasspathImplKt$logger$1 -- Find function by symbol name 'g_strdup_inline'
06:22:25.868 [org.seqra.dataflow.ap.ifds.TaintAnalysisUnitRunnerManager-worker-1 @coroutine#2] WARN  o.s.i.i.CIRClasspathImplKt$logger$1 -- Ambiguous function resolution for symbol 'g_strdup_inline': [CIRFunctionID(moduleID=MLIRModuleID(id=/tmp/big-projects-work/buggy/wireshark-1.2-buggy/epan/dissectors/packet-radius.c), id=g_strdup_inline), CIRFunctionID(moduleID=MLIRModuleID(id=/tmp/big-projects-work/buggy/wireshark-1.2-buggy/epan/radius_dict.c), id=g_strdup_inline)]
06:22:25.869 [org.seqra.dataflow.ap.ifds.TaintAnalysisUnitRunnerManager-worker-1 @coroutine#2] WARN  o.s.i.i.CIRClasspathImplKt$logger$1 -- Find function by symbol name 'g_array_append_vals'
06:22:25.870 [org.seqra.dataflow.ap.ifds.TaintAnalysisUnitRunnerManager-worker-1 @coroutine#2] WARN  o.s.i.i.CIRClasspathImplKt$logger$1 -- Ambiguous function resolution for symbol 'g_array_append_vals': [CIRFunctionID(moduleID=MLIRModuleID(id=/tmp/big-projects-work/buggy/wireshark-1.2-buggy/epan/dissectors/packet-radius.c), id=g_array_append_vals), CIRFunctionID(moduleID=MLIRModuleID(id=/tmp/big-projects-work/buggy/wireshark-1.2-buggy/epan/radius_dict.c), id=g_array_append_vals)]
06:22:25.871 [org.seqra.dataflow.ap.ifds.TaintAnalysisUnitRunnerManager-worker-1 @coroutine#2] WARN  o.s.i.i.CIRClasspathImplKt$logger$1 -- Find function by symbol name 'g_array_new'
06:22:25.872 [org.seqra.dataflow.ap.ifds.TaintAnalysisUnitRunnerManager-worker-1 @coroutine#2] WARN  o.s.i.i.CIRClasspathImplKt$logger$1 -- Ambiguous function resolution for symbol 'g_array_new': [CIRFunctionID(moduleID=MLIRModuleID(id=/tmp/big-projects-work/buggy/wireshark-1.2-buggy/epan/dissectors/packet-radius.c), id=g_array_new), CIRFunctionID(moduleID=MLIRModuleID(id=/tmp/big-projects-work/buggy/wireshark-1.2-buggy/epan/radius_dict.c), id=g_array_new)]
06:22:25.873 [org.seqra.dataflow.ap.ifds.TaintAnalysisUnitRunnerManager-worker-1 @coroutine#2] WARN  o.s.i.i.CIRClasspathImplKt$logger$1 -- Find function by symbol name 'g_strdup_inline'
06:22:25.874 [org.seqra.dataflow.ap.ifds.TaintAnalysisUnitRunnerManager-worker-1 @coroutine#2] WARN  o.s.i.i.CIRClasspathImplKt$logger$1 -- Ambiguous function resolution for symbol 'g_strdup_inline': [CIRFunctionID(moduleID=MLIRModuleID(id=/tmp/big-projects-work/buggy/wireshark-1.2-buggy/epan/dissectors/packet-radius.c), id=g_strdup_inline), CIRFunctionID(moduleID=MLIRModuleID(id=/tmp/big-projects-work/buggy/wireshark-1.2-buggy/epan/radius_dict.c), id=g_strdup_inline)]
06:22:25.875 [org.seqra.dataflow.ap.ifds.TaintAnalysisUnitRunnerManager-worker-1 @coroutine#2] WARN  o.s.i.i.CIRClasspathImplKt$logger$1 -- Find function by symbol name 'g_hash_table_insert'
06:22:25.875 [org.seqra.dataflow.ap.ifds.TaintAnalysisUnitRunnerManager-worker-1 @coroutine#2] WARN  o.s.i.i.CIRClasspathImplKt$logger$1 -- Ambiguous function resolution for symbol 'g_hash_table_insert': [CIRFunctionID(moduleID=MLIRModuleID(id=/tmp/big-projects-work/buggy/wireshark-1.2-buggy/epan/dissectors/packet-radius.c), id=g_hash_table_insert), CIRFunctionID(moduleID=MLIRModuleID(id=/tmp/big-projects-work/buggy/wireshark-1.2-buggy/epan/radius_dict.c), id=g_hash_table_insert)]
06:22:25.876 [org.seqra.dataflow.ap.ifds.TaintAnalysisUnitRunnerManager-worker-1 @coroutine#2] WARN  o.s.i.i.CIRClasspathImplKt$logger$1 -- Find function by symbol name 'malloc'
06:22:25.876 [org.seqra.dataflow.ap.ifds.TaintAnalysisUnitRunnerManager-worker-1 @coroutine#2] WARN  o.s.i.i.CIRClasspathImplKt$logger$1 -- No definition for symbol 'malloc', using declaration CIRFunctionID(moduleID=MLIRModuleID(id=/tmp/big-projects-work/buggy/wireshark-1.2-buggy/epan/radius_dict.c), id=malloc)
06:22:25.877 [org.seqra.dataflow.ap.ifds.TaintAnalysisUnitRunnerManager-worker-1 @coroutine#2] WARN  o.s.i.i.CIRClasspathImplKt$logger$1 -- Find function by symbol name 'g_strdup_inline'
06:22:25.877 [org.seqra.dataflow.ap.ifds.TaintAnalysisUnitRunnerManager-worker-1 @coroutine#2] WARN  o.s.i.i.CIRClasspathImplKt$logger$1 -- Ambiguous function resolution for symbol 'g_strdup_inline': [CIRFunctionID(moduleID=MLIRModuleID(id=/tmp/big-projects-work/buggy/wireshark-1.2-buggy/epan/dissectors/packet-radius.c), id=g_strdup_inline), CIRFunctionID(moduleID=MLIRModuleID(id=/tmp/big-projects-work/buggy/wireshark-1.2-buggy/epan/radius_dict.c), id=g_strdup_inline)]
06:22:26.014 [org.seqra.dataflow.ap.ifds.TaintAnalysisUnitRunnerManager-worker-1 @coroutine#2] WARN  o.s.i.i.CIRClasspathImplKt$logger$1 -- Find function by symbol name 'g_malloc'
06:22:26.018 [org.seqra.dataflow.ap.ifds.TaintAnalysisUnitRunnerManager-worker-1 @coroutine#2] WARN  o.s.i.i.CIRClasspathImplKt$logger$1 -- Ambiguous function resolution for symbol 'g_malloc': [CIRFunctionID(moduleID=MLIRModuleID(id=/tmp/big-projects-work/buggy/wireshark-1.2-buggy/epan/dissectors/packet-radius.c), id=g_malloc), CIRFunctionID(moduleID=MLIRModuleID(id=/tmp/big-projects-work/buggy/wireshark-1.2-buggy/epan/radius_dict.c), id=g_malloc)]
06:22:26.020 [org.seqra.dataflow.ap.ifds.TaintAnalysisUnitRunnerManager-worker-1 @coroutine#2] WARN  o.s.i.i.CIRClasspathImplKt$logger$1 -- Find function by symbol name 'add_tlv'
06:22:26.671 [org.seqra.dataflow.ap.ifds.TaintAnalysisUnitRunnerManager-worker-1 @coroutine#2] WARN  o.s.i.i.CIRClasspathImplKt$logger$1 -- Find function by symbol name 'fprintf'
06:22:26.671 [org.seqra.dataflow.ap.ifds.TaintAnalysisUnitRunnerManager-worker-1 @coroutine#2] WARN  o.s.i.i.CIRClasspathImplKt$logger$1 -- No definition for symbol 'fprintf', using declaration CIRFunctionID(moduleID=MLIRModuleID(id=/tmp/big-projects-work/buggy/wireshark-1.2-buggy/epan/radius_dict.c), id=fprintf)
06:22:26.672 [org.seqra.dataflow.ap.ifds.TaintAnalysisUnitRunnerManager-worker-1 @coroutine#2] WARN  o.s.i.i.CIRClasspathImplKt$logger$1 -- Find function by symbol name 'exit'
06:22:26.673 [org.seqra.dataflow.ap.ifds.TaintAnalysisUnitRunnerManager-worker-1 @coroutine#2] WARN  o.s.i.i.CIRClasspathImplKt$logger$1 -- Ambiguous function resolution for symbol 'exit': [CIRFunctionID(moduleID=MLIRModuleID(id=/tmp/big-projects-work/buggy/wireshark-1.2-buggy/epan/dissectors/packet-radius.c), id=exit), CIRFunctionID(moduleID=MLIRModuleID(id=/tmp/big-projects-work/buggy/wireshark-1.2-buggy/epan/radius_dict.c), id=exit)]
06:22:26.679 [org.seqra.dataflow.ap.ifds.TaintAnalysisUnitRunnerManager-worker-1 @coroutine#2] WARN  o.s.i.i.CIRClasspathImplKt$logger$1 -- Find function by symbol name 'g_strdup_inline'
06:22:26.680 [org.seqra.dataflow.ap.ifds.TaintAnalysisUnitRunnerManager-worker-1 @coroutine#2] WARN  o.s.i.i.CIRClasspathImplKt$logger$1 -- Ambiguous function resolution for symbol 'g_strdup_inline': [CIRFunctionID(moduleID=MLIRModuleID(id=/tmp/big-projects-work/buggy/wireshark-1.2-buggy/epan/dissectors/packet-radius.c), id=g_strdup_inline), CIRFunctionID(moduleID=MLIRModuleID(id=/tmp/big-projects-work/buggy/wireshark-1.2-buggy/epan/radius_dict.c), id=g_strdup_inline)]
06:22:26.711 [org.seqra.dataflow.ap.ifds.TaintAnalysisUnitRunnerManager-worker-1 @coroutine#2] WARN  o.s.i.i.CIRClasspathImplKt$logger$1 -- Find function by symbol name 'fread'
06:22:26.712 [org.seqra.dataflow.ap.ifds.TaintAnalysisUnitRunnerManager-worker-1 @coroutine#2] WARN  o.s.i.i.CIRClasspathImplKt$logger$1 -- No definition for symbol 'fread', using declaration CIRFunctionID(moduleID=MLIRModuleID(id=/tmp/big-projects-work/buggy/wireshark-1.2-buggy/epan/radius_dict.c), id=fread)
06:22:26.713 [org.seqra.dataflow.ap.ifds.TaintAnalysisUnitRunnerManager-worker-1 @coroutine#2] WARN  o.s.i.i.CIRClasspathImplKt$logger$1 -- Find function by symbol name 'clearerr'
06:22:26.715 [org.seqra.dataflow.ap.ifds.TaintAnalysisUnitRunnerManager-worker-1 @coroutine#2] WARN  o.s.i.i.CIRClasspathImplKt$logger$1 -- No definition for symbol 'clearerr', using declaration CIRFunctionID(moduleID=MLIRModuleID(id=/tmp/big-projects-work/buggy/wireshark-1.2-buggy/epan/radius_dict.c), id=clearerr)
06:22:26.715 [org.seqra.dataflow.ap.ifds.TaintAnalysisUnitRunnerManager-worker-1 @coroutine#2] WARN  o.s.i.i.CIRClasspathImplKt$logger$1 -- Find function by symbol name 'ferror'
06:22:26.716 [org.seqra.dataflow.ap.ifds.TaintAnalysisUnitRunnerManager-worker-1 @coroutine#2] WARN  o.s.i.i.CIRClasspathImplKt$logger$1 -- No definition for symbol 'ferror', using declaration CIRFunctionID(moduleID=MLIRModuleID(id=/tmp/big-projects-work/buggy/wireshark-1.2-buggy/epan/radius_dict.c), id=ferror)
06:22:26.718 [org.seqra.dataflow.ap.ifds.TaintAnalysisUnitRunnerManager-worker-1 @coroutine#2] WARN  o.s.i.i.CIRClasspathImplKt$logger$1 -- Find function by symbol name 'getc'
06:22:26.719 [org.seqra.dataflow.ap.ifds.TaintAnalysisUnitRunnerManager-worker-1 @coroutine#2] WARN  o.s.i.i.CIRClasspathImplKt$logger$1 -- No definition for symbol 'getc', using declaration CIRFunctionID(moduleID=MLIRModuleID(id=/tmp/big-projects-work/buggy/wireshark-1.2-buggy/epan/radius_dict.c), id=getc)
06:22:26.722 [org.seqra.dataflow.ap.ifds.TaintAnalysisUnitRunnerManager-worker-1 @coroutine#2] WARN  o.s.i.i.CIRClasspathImplKt$logger$1 -- Find function by symbol name 'free'
06:22:26.722 [org.seqra.dataflow.ap.ifds.TaintAnalysisUnitRunnerManager-worker-1 @coroutine#2] WARN  o.s.i.i.CIRClasspathImplKt$logger$1 -- No definition for symbol 'free', using declaration CIRFunctionID(moduleID=MLIRModuleID(id=/tmp/big-projects-work/buggy/wireshark-1.2-buggy/epan/radius_dict.c), id=free)
06:22:26.732 [org.seqra.dataflow.ap.ifds.TaintAnalysisUnitRunnerManager-worker-1 @coroutine#2] WARN  o.s.i.i.CIRClasspathImplKt$logger$1 -- Find function by symbol name 'Radius_init_buffer'
06:22:26.736 [org.seqra.dataflow.ap.ifds.TaintAnalysisUnitRunnerManager-worker-1 @coroutine#2] WARN  o.s.i.i.CIRClasspathImplKt$logger$1 -- Find function by symbol name 'Radius_flush_buffer'
06:22:26.739 [org.seqra.dataflow.ap.ifds.TaintAnalysisUnitRunnerManager-worker-1 @coroutine#2] WARN  o.s.i.i.CIRClasspathImplKt$logger$1 -- Find function by symbol name 'g_hash_table_destroy'
06:22:26.740 [org.seqra.dataflow.ap.ifds.TaintAnalysisUnitRunnerManager-worker-1 @coroutine#2] WARN  o.s.i.i.CIRClasspathImplKt$logger$1 -- Ambiguous function resolution for symbol 'g_hash_table_destroy': [CIRFunctionID(moduleID=MLIRModuleID(id=/tmp/big-projects-work/buggy/wireshark-1.2-buggy/epan/dissectors/packet-radius.c), id=g_hash_table_destroy), CIRFunctionID(moduleID=MLIRModuleID(id=/tmp/big-projects-work/buggy/wireshark-1.2-buggy/epan/radius_dict.c), id=g_hash_table_destroy)]
06:22:26.753 [org.seqra.dataflow.ap.ifds.TaintAnalysisUnitRunnerManager-worker-1 @coroutine#2] WARN  o.s.i.i.CIRClasspathImplKt$logger$1 -- Find function by symbol name 'realloc'
06:22:26.754 [org.seqra.dataflow.ap.ifds.TaintAnalysisUnitRunnerManager-worker-1 @coroutine#2] WARN  o.s.i.i.CIRClasspathImplKt$logger$1 -- No definition for symbol 'realloc', using declaration CIRFunctionID(moduleID=MLIRModuleID(id=/tmp/big-projects-work/buggy/wireshark-1.2-buggy/epan/radius_dict.c), id=realloc)
06:22:26.757 [org.seqra.dataflow.ap.ifds.TaintAnalysisUnitRunnerManager-worker-1 @coroutine#2] WARN  o.s.i.i.CIRClasspathImplKt$logger$1 -- Find function by symbol name 'g_strdup_inline'
06:22:26.757 [org.seqra.dataflow.ap.ifds.TaintAnalysisUnitRunnerManager-worker-1 @coroutine#2] WARN  o.s.i.i.CIRClasspathImplKt$logger$1 -- Ambiguous function resolution for symbol 'g_strdup_inline': [CIRFunctionID(moduleID=MLIRModuleID(id=/tmp/big-projects-work/buggy/wireshark-1.2-buggy/epan/dissectors/packet-radius.c), id=g_strdup_inline), CIRFunctionID(moduleID=MLIRModuleID(id=/tmp/big-projects-work/buggy/wireshark-1.2-buggy/epan/radius_dict.c), id=g_strdup_inline)]
06:22:27.014 [Test worker @coroutine#4] INFO  o.s.d.a.i.TaintAnalysisUnitRunnerManager -- Progress: 656/0
06:22:27.015 [Test worker @coroutine#4] INFO  o.s.d.a.i.TaintAnalysisUnitRunnerManager -- Memory usage: 12310520152/12884901888 (95.54%)
06:22:27.022 [Test worker @coroutine#4] INFO  o.s.d.a.i.TaintAnalysisUnitRunnerManager -- Analysis done in 23.765976593s
06:22:27.023 [Test worker] INFO  o.s.c.s.d.CIRTaintAnalyzer$Loader$logger$1 -- Total vulnerabilities: 114
06:22:27.023 [Test worker] INFO  o.s.c.s.d.CIRTaintAnalyzer$Loader$logger$1 -- Start trace generation
06:22:27.664 [Test worker] INFO  o.s.d.a.i.TaintAnalysisUnitRunnerManager -- Resolved 114/114 traces
06:22:27.664 [Test worker] INFO  o.s.c.s.d.CIRTaintAnalyzer$Loader$logger$1 -- Finish trace generation
06:22:50.215 [Test worker] INFO  o.s.c.s.s.k.KleeCirSeAnalyzer$logger$1 -- cir-klee exit=0 confirmed=false mem_errs=0 precond_violations=0 klee_ms=1015.816418 instr=0 guide_ms=0.558167 assert_ms=0.497625
06:23:10.964 [Test worker] INFO  o.s.c.s.s.k.KleeCirSeAnalyzer$logger$1 -- cir-klee exit=0 confirmed=false mem_errs=0 precond_violations=0 klee_ms=990.897834 instr=0 guide_ms=0.603625 assert_ms=0.493459
06:23:31.915 [Test worker] INFO  o.s.c.s.s.k.KleeCirSeAnalyzer$logger$1 -- cir-klee exit=0 confirmed=false mem_errs=0 precond_violations=0 klee_ms=1029.198334 instr=0 guide_ms=0.590917 assert_ms=0.49375
06:23:52.475 [Test worker] INFO  o.s.c.s.s.k.KleeCirSeAnalyzer$logger$1 -- cir-klee exit=0 confirmed=false mem_errs=0 precond_violations=0 klee_ms=1011.586833 instr=0 guide_ms=0.640041 assert_ms=0.879833
06:24:13.154 [Test worker] INFO  o.s.c.s.s.k.KleeCirSeAnalyzer$logger$1 -- cir-klee exit=0 confirmed=false mem_errs=0 precond_violations=0 klee_ms=1003.733959 instr=0 guide_ms=0.560291 assert_ms=0.486958
06:24:34.720 [Test worker] INFO  o.s.c.s.s.k.KleeCirSeAnalyzer$logger$1 -- cir-klee exit=0 confirmed=false mem_errs=0 precond_violations=0 klee_ms=1002.680792 instr=0 guide_ms=0.606875 assert_ms=0.539791
06:24:55.900 [Test worker] INFO  o.s.c.s.s.k.KleeCirSeAnalyzer$logger$1 -- cir-klee exit=0 confirmed=false mem_errs=0 precond_violations=0 klee_ms=1032.018833 instr=0 guide_ms=0.571042 assert_ms=0.482792
06:25:16.655 [Test worker] INFO  o.s.c.s.s.k.KleeCirSeAnalyzer$logger$1 -- cir-klee exit=0 confirmed=false mem_errs=0 precond_violations=0 klee_ms=1024.831709 instr=0 guide_ms=0.576084 assert_ms=0.478208
06:25:37.617 [Test worker] INFO  o.s.c.s.s.k.KleeCirSeAnalyzer$logger$1 -- cir-klee exit=0 confirmed=false mem_errs=0 precond_violations=0 klee_ms=1010.613875 instr=0 guide_ms=0.576625 assert_ms=0.479708
06:25:58.239 [Test worker] INFO  o.s.c.s.s.k.KleeCirSeAnalyzer$logger$1 -- cir-klee exit=0 confirmed=false mem_errs=0 precond_violations=0 klee_ms=1001.910542 instr=0 guide_ms=0.657792 assert_ms=0.506875
06:26:18.855 [Test worker] INFO  o.s.c.s.s.k.KleeCirSeAnalyzer$logger$1 -- cir-klee exit=0 confirmed=false mem_errs=0 precond_violations=0 klee_ms=1009.491126 instr=0 guide_ms=0.599291 assert_ms=0.498084
06:26:39.677 [Test worker] INFO  o.s.c.s.s.k.KleeCirSeAnalyzer$logger$1 -- cir-klee exit=0 confirmed=false mem_errs=0 precond_violations=0 klee_ms=1012.265 instr=0 guide_ms=9.07875 assert_ms=4.644417
06:27:00.651 [Test worker] INFO  o.s.c.s.s.k.KleeCirSeAnalyzer$logger$1 -- cir-klee exit=0 confirmed=false mem_errs=0 precond_violations=0 klee_ms=1002.686417 instr=0 guide_ms=8.917167 assert_ms=4.092208
06:27:22.699 [Test worker] INFO  o.s.c.s.s.k.KleeCirSeAnalyzer$logger$1 -- cir-klee exit=0 confirmed=false mem_errs=0 precond_violations=0 klee_ms=1081.758458 instr=0 guide_ms=10.722541 assert_ms=11.661125
06:27:24.728 [Test worker] INFO  j.exodus.env.EnvironmentImpl -- Exodus environment created: /tmp/xodusKeyValueStorage17509170012837911104
06:27:25.997 [Test worker] WARN  o.s.i.i.CIRClasspathImplKt$logger$1 -- Find function by symbol name 'destroy_dict'
06:27:25.999 [Test worker] INFO  o.s.d.a.i.TaintAnalysisUnitRunnerManager -- Starting analysis of 1 methods in 1 units
06:27:26.013 [org.seqra.dataflow.ap.ifds.TaintAnalysisUnitRunnerManager-worker-1 @coroutine#122] WARN  o.s.i.i.CIRClasspathImplKt$logger$1 -- Find function by symbol name 'g_hash_table_foreach_remove'
06:27:26.015 [org.seqra.dataflow.ap.ifds.TaintAnalysisUnitRunnerManager-worker-1 @coroutine#122] WARN  o.s.i.i.CIRClasspathImplKt$logger$1 -- Ambiguous function resolution for symbol 'g_hash_table_foreach_remove': [CIRFunctionID(moduleID=MLIRModuleID(id=/tmp/big-projects-work/buggy/wireshark-1.2-buggy/epan/dissectors/packet-radius.c), id=g_hash_table_foreach_remove), CIRFunctionID(moduleID=MLIRModuleID(id=/tmp/big-projects-work/buggy/wireshark-1.2-buggy/epan/radius_dict.c), id=g_hash_table_foreach_remove)]
06:27:26.016 [org.seqra.dataflow.ap.ifds.TaintAnalysisUnitRunnerManager-worker-1 @coroutine#122] WARN  o.s.i.i.CIRClasspathImplKt$logger$1 -- Find function by symbol name 'g_hash_table_destroy'
06:27:26.017 [org.seqra.dataflow.ap.ifds.TaintAnalysisUnitRunnerManager-worker-1 @coroutine#122] WARN  o.s.i.i.CIRClasspathImplKt$logger$1 -- Ambiguous function resolution for symbol 'g_hash_table_destroy': [CIRFunctionID(moduleID=MLIRModuleID(id=/tmp/big-projects-work/buggy/wireshark-1.2-buggy/epan/dissectors/packet-radius.c), id=g_hash_table_destroy), CIRFunctionID(moduleID=MLIRModuleID(id=/tmp/big-projects-work/buggy/wireshark-1.2-buggy/epan/radius_dict.c), id=g_hash_table_destroy)]
06:27:26.018 [org.seqra.dataflow.ap.ifds.TaintAnalysisUnitRunnerManager-worker-1 @coroutine#122] WARN  o.s.i.i.CIRClasspathImplKt$logger$1 -- Find function by symbol name 'g_free'
06:27:26.019 [org.seqra.dataflow.ap.ifds.TaintAnalysisUnitRunnerManager-worker-1 @coroutine#122] WARN  o.s.i.i.CIRClasspathImplKt$logger$1 -- Ambiguous function resolution for symbol 'g_free': [CIRFunctionID(moduleID=MLIRModuleID(id=/tmp/big-projects-work/buggy/wireshark-1.2-buggy/epan/dissectors/packet-radius.c), id=g_free), CIRFunctionID(moduleID=MLIRModuleID(id=/tmp/big-projects-work/buggy/wireshark-1.2-buggy/epan/radius_dict.c), id=g_free)]
06:27:26.040 [Test worker @coroutine#124] INFO  o.s.d.a.i.TaintAnalysisUnitRunnerManager -- Progress: 3/0
06:27:26.040 [Test worker @coroutine#124] INFO  o.s.d.a.i.TaintAnalysisUnitRunnerManager -- Memory usage: 11850175280/12884901888 (91.97%)
06:27:26.040 [Test worker @coroutine#124] INFO  o.s.d.a.i.TaintAnalysisUnitRunnerManager -- Analysis done in 41.537042ms
06:27:26.040 [Test worker] INFO  o.s.c.s.d.CIRTaintAnalyzer$Loader$logger$1 -- Total vulnerabilities: 13
06:27:26.040 [Test worker] INFO  o.s.c.s.d.CIRTaintAnalyzer$Loader$logger$1 -- Start trace generation
06:27:26.045 [Test worker] INFO  o.s.d.a.i.TaintAnalysisUnitRunnerManager -- Resolved 13/13 traces
06:27:26.046 [Test worker] INFO  o.s.c.s.d.CIRTaintAnalyzer$Loader$logger$1 -- Finish trace generation
06:27:27.478 [Test worker] INFO  j.exodus.env.EnvironmentImpl -- Exodus environment created: /tmp/xodusKeyValueStorage1647990750415726539
06:27:28.691 [Test worker] WARN  o.s.i.i.CIRClasspathImplKt$logger$1 -- Find function by symbol name 'destroy_tlvs'
06:27:28.695 [Test worker] INFO  o.s.d.a.i.TaintAnalysisUnitRunnerManager -- Starting analysis of 1 methods in 1 units
06:27:28.709 [org.seqra.dataflow.ap.ifds.TaintAnalysisUnitRunnerManager-worker-1 @coroutine#141] WARN  o.s.i.i.CIRClasspathImplKt$logger$1 -- Find function by symbol name 'g_free'
06:27:28.710 [org.seqra.dataflow.ap.ifds.TaintAnalysisUnitRunnerManager-worker-1 @coroutine#141] WARN  o.s.i.i.CIRClasspathImplKt$logger$1 -- Ambiguous function resolution for symbol 'g_free': [CIRFunctionID(moduleID=MLIRModuleID(id=/tmp/big-projects-work/buggy/wireshark-1.2-buggy/epan/dissectors/packet-radius.c), id=g_free), CIRFunctionID(moduleID=MLIRModuleID(id=/tmp/big-projects-work/buggy/wireshark-1.2-buggy/epan/radius_dict.c), id=g_free)]
06:27:28.751 [Test worker @coroutine#143] INFO  o.s.d.a.i.TaintAnalysisUnitRunnerManager -- Progress: 3/0
06:27:28.752 [Test worker @coroutine#143] INFO  o.s.d.a.i.TaintAnalysisUnitRunnerManager -- Memory usage: 12297432216/12884901888 (95.44%)
06:27:28.752 [Test worker @coroutine#143] INFO  o.s.d.a.i.TaintAnalysisUnitRunnerManager -- Analysis done in 56.976833ms
06:27:28.752 [Test worker] INFO  o.s.c.s.d.CIRTaintAnalyzer$Loader$logger$1 -- Total vulnerabilities: 18
06:27:28.752 [Test worker] INFO  o.s.c.s.d.CIRTaintAnalyzer$Loader$logger$1 -- Start trace generation
06:27:28.760 [Test worker] INFO  o.s.d.a.i.TaintAnalysisUnitRunnerManager -- Resolved 18/18 traces
06:27:28.760 [Test worker] INFO  o.s.c.s.d.CIRTaintAnalyzer$Loader$logger$1 -- Finish trace generation
06:27:50.385 [Test worker] INFO  o.s.c.s.s.k.KleeCirSeAnalyzer$logger$1 -- cir-klee exit=0 confirmed=true mem_errs=1 precond_violations=0 klee_ms=1111.197167 instr=16 guide_ms=0.620584 assert_ms=0.544833
06:27:51.828 [Test worker] INFO  j.exodus.env.EnvironmentImpl -- Exodus environment created: /tmp/xodusKeyValueStorage4206255395041565299
06:27:53.095 [Test worker] WARN  o.s.i.i.CIRClasspathImplKt$logger$1 -- Find function by symbol name 'register_attrs'
06:27:53.117 [Test worker] INFO  o.s.d.a.i.TaintAnalysisUnitRunnerManager -- Starting analysis of 1 methods in 1 units
06:27:53.165 [org.seqra.dataflow.ap.ifds.TaintAnalysisUnitRunnerManager-worker-1 @coroutine#165] WARN  o.s.i.i.CIRClasspathImplKt$logger$1 -- Find function by symbol name 'g_strconcat'
06:27:53.166 [org.seqra.dataflow.ap.ifds.TaintAnalysisUnitRunnerManager-worker-1 @coroutine#165] WARN  o.s.i.i.CIRClasspathImplKt$logger$1 -- No definition for symbol 'g_strconcat', using declaration CIRFunctionID(moduleID=MLIRModuleID(id=/tmp/big-projects-work/buggy/wireshark-1.2-buggy/epan/dissectors/packet-radius.c), id=g_strconcat)
06:27:53.167 [org.seqra.dataflow.ap.ifds.TaintAnalysisUnitRunnerManager-worker-1 @coroutine#165] WARN  o.s.i.i.CIRClasspathImplKt$logger$1 -- Find function by symbol name 'g_array_append_vals'
06:27:53.168 [org.seqra.dataflow.ap.ifds.TaintAnalysisUnitRunnerManager-worker-1 @coroutine#165] WARN  o.s.i.i.CIRClasspathImplKt$logger$1 -- Ambiguous function resolution for symbol 'g_array_append_vals': [CIRFunctionID(moduleID=MLIRModuleID(id=/tmp/big-projects-work/buggy/wireshark-1.2-buggy/epan/dissectors/packet-radius.c), id=g_array_append_vals), CIRFunctionID(moduleID=MLIRModuleID(id=/tmp/big-projects-work/buggy/wireshark-1.2-buggy/epan/radius_dict.c), id=g_array_append_vals)]
06:27:53.168 [org.seqra.dataflow.ap.ifds.TaintAnalysisUnitRunnerManager-worker-1 @coroutine#165] WARN  o.s.i.i.CIRClasspathImplKt$logger$1 -- Find function by symbol name 'g_hash_table_foreach'
06:27:53.169 [org.seqra.dataflow.ap.ifds.TaintAnalysisUnitRunnerManager-worker-1 @coroutine#165] WARN  o.s.i.i.CIRClasspathImplKt$logger$1 -- Ambiguous function resolution for symbol 'g_hash_table_foreach': [CIRFunctionID(moduleID=MLIRModuleID(id=/tmp/big-projects-work/buggy/wireshark-1.2-buggy/epan/dissectors/packet-radius.c), id=g_hash_table_foreach), CIRFunctionID(moduleID=MLIRModuleID(id=/tmp/big-projects-work/buggy/wireshark-1.2-buggy/epan/radius_dict.c), id=g_hash_table_foreach)]
06:27:53.170 [org.seqra.dataflow.ap.ifds.TaintAnalysisUnitRunnerManager-worker-1 @coroutine#165] WARN  o.s.i.i.CIRClasspathImplKt$logger$1 -- Find function by symbol name 'g_strdup_inline'
06:27:53.171 [org.seqra.dataflow.ap.ifds.TaintAnalysisUnitRunnerManager-worker-1 @coroutine#165] WARN  o.s.i.i.CIRClasspathImplKt$logger$1 -- Ambiguous function resolution for symbol 'g_strdup_inline': [CIRFunctionID(moduleID=MLIRModuleID(id=/tmp/big-projects-work/buggy/wireshark-1.2-buggy/epan/dissectors/packet-radius.c), id=g_strdup_inline), CIRFunctionID(moduleID=MLIRModuleID(id=/tmp/big-projects-work/buggy/wireshark-1.2-buggy/epan/radius_dict.c), id=g_strdup_inline)]
06:27:53.172 [org.seqra.dataflow.ap.ifds.TaintAnalysisUnitRunnerManager-worker-1 @coroutine#165] WARN  o.s.i.i.CIRClasspathImplKt$logger$1 -- Find function by symbol name 'g_strdup_inline'
06:27:53.172 [org.seqra.dataflow.ap.ifds.TaintAnalysisUnitRunnerManager-worker-1 @coroutine#165] WARN  o.s.i.i.CIRClasspathImplKt$logger$1 -- Ambiguous function resolution for symbol 'g_strdup_inline': [CIRFunctionID(moduleID=MLIRModuleID(id=/tmp/big-projects-work/buggy/wireshark-1.2-buggy/epan/dissectors/packet-radius.c), id=g_strdup_inline), CIRFunctionID(moduleID=MLIRModuleID(id=/tmp/big-projects-work/buggy/wireshark-1.2-buggy/epan/radius_dict.c), id=g_strdup_inline)]
06:27:53.173 [org.seqra.dataflow.ap.ifds.TaintAnalysisUnitRunnerManager-worker-1 @coroutine#165] WARN  o.s.i.i.CIRClasspathImplKt$logger$1 -- Find function by symbol name 'g_strdup_inline'
06:27:53.173 [org.seqra.dataflow.ap.ifds.TaintAnalysisUnitRunnerManager-worker-1 @coroutine#165] WARN  o.s.i.i.CIRClasspathImplKt$logger$1 -- Ambiguous function resolution for symbol 'g_strdup_inline': [CIRFunctionID(moduleID=MLIRModuleID(id=/tmp/big-projects-work/buggy/wireshark-1.2-buggy/epan/dissectors/packet-radius.c), id=g_strdup_inline), CIRFunctionID(moduleID=MLIRModuleID(id=/tmp/big-projects-work/buggy/wireshark-1.2-buggy/epan/radius_dict.c), id=g_strdup_inline)]
06:27:53.173 [org.seqra.dataflow.ap.ifds.TaintAnalysisUnitRunnerManager-worker-1 @coroutine#165] WARN  o.s.i.i.CIRClasspathImplKt$logger$1 -- Find function by symbol name 'g_strdup_inline'
06:27:53.174 [org.seqra.dataflow.ap.ifds.TaintAnalysisUnitRunnerManager-worker-1 @coroutine#165] WARN  o.s.i.i.CIRClasspathImplKt$logger$1 -- Ambiguous function resolution for symbol 'g_strdup_inline': [CIRFunctionID(moduleID=MLIRModuleID(id=/tmp/big-projects-work/buggy/wireshark-1.2-buggy/epan/dissectors/packet-radius.c), id=g_strdup_inline), CIRFunctionID(moduleID=MLIRModuleID(id=/tmp/big-projects-work/buggy/wireshark-1.2-buggy/epan/radius_dict.c), id=g_strdup_inline)]
06:27:53.177 [Test worker @coroutine#167] INFO  o.s.d.a.i.TaintAnalysisUnitRunnerManager -- Progress: 3/0
06:27:53.178 [Test worker @coroutine#167] INFO  o.s.d.a.i.TaintAnalysisUnitRunnerManager -- Memory usage: 12117657664/12884901888 (94.05%)
06:27:53.178 [Test worker @coroutine#167] INFO  o.s.d.a.i.TaintAnalysisUnitRunnerManager -- Analysis done in 60.774792ms
06:27:53.178 [Test worker] INFO  o.s.c.s.d.CIRTaintAnalyzer$Loader$logger$1 -- Total vulnerabilities: 0
06:27:53.178 [Test worker] INFO  o.s.c.s.d.CIRTaintAnalyzer$Loader$logger$1 -- Start trace generation
06:27:53.178 [Test worker] INFO  o.s.c.s.d.CIRTaintAnalyzer$Loader$logger$1 -- Finish trace generation
06:27:54.639 [Test worker] INFO  j.exodus.env.EnvironmentImpl -- Exodus environment created: /tmp/xodusKeyValueStorage1550439165237678986
06:27:55.708 [Test worker] WARN  o.s.i.i.CIRClasspathImplKt$logger$1 -- Find function by symbol name 'register_radius_fields'
06:27:55.710 [Test worker] INFO  o.s.d.a.i.TaintAnalysisUnitRunnerManager -- Starting analysis of 1 methods in 1 units
06:27:55.738 [org.seqra.dataflow.ap.ifds.TaintAnalysisUnitRunnerManager-worker-1 @coroutine#169] WARN  o.s.i.i.CIRClasspathImplKt$logger$1 -- Find function by symbol name 'g_array_new'
06:27:55.739 [org.seqra.dataflow.ap.ifds.TaintAnalysisUnitRunnerManager-worker-1 @coroutine#169] WARN  o.s.i.i.CIRClasspathImplKt$logger$1 -- Ambiguous function resolution for symbol 'g_array_new': [CIRFunctionID(moduleID=MLIRModuleID(id=/tmp/big-projects-work/buggy/wireshark-1.2-buggy/epan/dissectors/packet-radius.c), id=g_array_new), CIRFunctionID(moduleID=MLIRModuleID(id=/tmp/big-projects-work/buggy/wireshark-1.2-buggy/epan/radius_dict.c), id=g_array_new)]
06:27:55.740 [org.seqra.dataflow.ap.ifds.TaintAnalysisUnitRunnerManager-worker-1 @coroutine#169] WARN  o.s.i.i.CIRClasspathImplKt$logger$1 -- Find function by symbol name 'g_array_append_vals'
06:27:55.741 [org.seqra.dataflow.ap.ifds.TaintAnalysisUnitRunnerManager-worker-1 @coroutine#169] WARN  o.s.i.i.CIRClasspathImplKt$logger$1 -- Ambiguous function resolution for symbol 'g_array_append_vals': [CIRFunctionID(moduleID=MLIRModuleID(id=/tmp/big-projects-work/buggy/wireshark-1.2-buggy/epan/dissectors/packet-radius.c), id=g_array_append_vals), CIRFunctionID(moduleID=MLIRModuleID(id=/tmp/big-projects-work/buggy/wireshark-1.2-buggy/epan/radius_dict.c), id=g_array_append_vals)]
06:27:55.741 [org.seqra.dataflow.ap.ifds.TaintAnalysisUnitRunnerManager-worker-1 @coroutine#169] WARN  o.s.i.i.CIRClasspathImplKt$logger$1 -- Find function by symbol name 'get_persconffile_path'
06:27:55.742 [org.seqra.dataflow.ap.ifds.TaintAnalysisUnitRunnerManager-worker-1 @coroutine#169] WARN  o.s.i.i.CIRClasspathImplKt$logger$1 -- No definition for symbol 'get_persconffile_path', using declaration CIRFunctionID(moduleID=MLIRModuleID(id=/tmp/big-projects-work/buggy/wireshark-1.2-buggy/epan/dissectors/packet-radius.c), id=get_persconffile_path)
06:27:55.742 [org.seqra.dataflow.ap.ifds.TaintAnalysisUnitRunnerManager-worker-1 @coroutine#169] WARN  o.s.i.i.CIRClasspathImplKt$logger$1 -- Find function by symbol name 'test_for_directory'
06:27:55.743 [org.seqra.dataflow.ap.ifds.TaintAnalysisUnitRunnerManager-worker-1 @coroutine#169] WARN  o.s.i.i.CIRClasspathImplKt$logger$1 -- No definition for symbol 'test_for_directory', using declaration CIRFunctionID(moduleID=MLIRModuleID(id=/tmp/big-projects-work/buggy/wireshark-1.2-buggy/epan/dissectors/packet-radius.c), id=test_for_directory)
06:27:55.743 [org.seqra.dataflow.ap.ifds.TaintAnalysisUnitRunnerManager-worker-1 @coroutine#169] WARN  o.s.i.i.CIRClasspathImplKt$logger$1 -- Find function by symbol name 'g_free'
06:27:55.744 [org.seqra.dataflow.ap.ifds.TaintAnalysisUnitRunnerManager-worker-1 @coroutine#169] WARN  o.s.i.i.CIRClasspathImplKt$logger$1 -- Ambiguous function resolution for symbol 'g_free': [CIRFunctionID(moduleID=MLIRModuleID(id=/tmp/big-projects-work/buggy/wireshark-1.2-buggy/epan/dissectors/packet-radius.c), id=g_free), CIRFunctionID(moduleID=MLIRModuleID(id=/tmp/big-projects-work/buggy/wireshark-1.2-buggy/epan/radius_dict.c), id=g_free)]
06:27:55.745 [org.seqra.dataflow.ap.ifds.TaintAnalysisUnitRunnerManager-worker-1 @coroutine#169] WARN  o.s.i.i.CIRClasspathImplKt$logger$1 -- Find function by symbol name 'proto_register_field_array'
06:27:55.746 [org.seqra.dataflow.ap.ifds.TaintAnalysisUnitRunnerManager-worker-1 @coroutine#169] WARN  o.s.i.i.CIRClasspathImplKt$logger$1 -- No definition for symbol 'proto_register_field_array', using declaration CIRFunctionID(moduleID=MLIRModuleID(id=/tmp/big-projects-work/buggy/wireshark-1.2-buggy/epan/dissectors/packet-radius.c), id=proto_register_field_array)
06:27:55.747 [org.seqra.dataflow.ap.ifds.TaintAnalysisUnitRunnerManager-worker-1 @coroutine#169] WARN  o.s.i.i.CIRClasspathImplKt$logger$1 -- Find function by symbol name 'proto_register_subtree_array'
06:27:55.747 [org.seqra.dataflow.ap.ifds.TaintAnalysisUnitRunnerManager-worker-1 @coroutine#169] WARN  o.s.i.i.CIRClasspathImplKt$logger$1 -- No definition for symbol 'proto_register_subtree_array', using declaration CIRFunctionID(moduleID=MLIRModuleID(id=/tmp/big-projects-work/buggy/wireshark-1.2-buggy/epan/dissectors/packet-radius.c), id=proto_register_subtree_array)
06:27:55.747 [org.seqra.dataflow.ap.ifds.TaintAnalysisUnitRunnerManager-worker-1 @coroutine#169] WARN  o.s.i.i.CIRClasspathImplKt$logger$1 -- Find function by symbol name 'g_array_free'
06:27:55.748 [org.seqra.dataflow.ap.ifds.TaintAnalysisUnitRunnerManager-worker-1 @coroutine#169] WARN  o.s.i.i.CIRClasspathImplKt$logger$1 -- Ambiguous function resolution for symbol 'g_array_free': [CIRFunctionID(moduleID=MLIRModuleID(id=/tmp/big-projects-work/buggy/wireshark-1.2-buggy/epan/dissectors/packet-radius.c), id=g_array_free), CIRFunctionID(moduleID=MLIRModuleID(id=/tmp/big-projects-work/buggy/wireshark-1.2-buggy/epan/radius_dict.c), id=g_array_free)]
06:27:55.749 [org.seqra.dataflow.ap.ifds.TaintAnalysisUnitRunnerManager-worker-1 @coroutine#169] WARN  o.s.i.i.CIRClasspathImplKt$logger$1 -- Find function by symbol name 'g_hash_table_new'
06:27:55.750 [org.seqra.dataflow.ap.ifds.TaintAnalysisUnitRunnerManager-worker-1 @coroutine#169] WARN  o.s.i.i.CIRClasspathImplKt$logger$1 -- Ambiguous function resolution for symbol 'g_hash_table_new': [CIRFunctionID(moduleID=MLIRModuleID(id=/tmp/big-projects-work/buggy/wireshark-1.2-buggy/epan/dissectors/packet-radius.c), id=g_hash_table_new), CIRFunctionID(moduleID=MLIRModuleID(id=/tmp/big-projects-work/buggy/wireshark-1.2-buggy/epan/radius_dict.c), id=g_hash_table_new)]
06:27:55.750 [org.seqra.dataflow.ap.ifds.TaintAnalysisUnitRunnerManager-worker-1 @coroutine#169] WARN  o.s.i.i.CIRClasspathImplKt$logger$1 -- Find function by symbol name 'radius_register_avp_dissector'
06:27:55.822 [org.seqra.dataflow.ap.ifds.TaintAnalysisUnitRunnerManager-worker-1 @coroutine#169] WARN  o.s.i.i.CIRClasspathImplKt$logger$1 -- Find function by symbol name 'radius_load_dictionary'
06:27:55.836 [org.seqra.dataflow.ap.ifds.TaintAnalysisUnitRunnerManager-worker-1 @coroutine#169] WARN  o.s.i.i.CIRClasspathImplKt$logger$1 -- Find function by symbol name 'g_hash_table_foreach'
06:27:55.836 [org.seqra.dataflow.ap.ifds.TaintAnalysisUnitRunnerManager-worker-1 @coroutine#169] WARN  o.s.i.i.CIRClasspathImplKt$logger$1 -- Ambiguous function resolution for symbol 'g_hash_table_foreach': [CIRFunctionID(moduleID=MLIRModuleID(id=/tmp/big-projects-work/buggy/wireshark-1.2-buggy/epan/dissectors/packet-radius.c), id=g_hash_table_foreach), CIRFunctionID(moduleID=MLIRModuleID(id=/tmp/big-projects-work/buggy/wireshark-1.2-buggy/epan/radius_dict.c), id=g_hash_table_foreach)]
06:27:55.837 [org.seqra.dataflow.ap.ifds.TaintAnalysisUnitRunnerManager-worker-1 @coroutine#169] WARN  o.s.i.i.CIRClasspathImplKt$logger$1 -- Find function by symbol name 'g_log'
06:27:55.838 [org.seqra.dataflow.ap.ifds.TaintAnalysisUnitRunnerManager-worker-1 @coroutine#169] WARN  o.s.i.i.CIRClasspathImplKt$logger$1 -- No definition for symbol 'g_log', using declaration CIRFunctionID(moduleID=MLIRModuleID(id=/tmp/big-projects-work/buggy/wireshark-1.2-buggy/epan/dissectors/packet-radius.c), id=g_log)
06:27:55.847 [org.seqra.dataflow.ap.ifds.TaintAnalysisUnitRunnerManager-worker-1 @coroutine#169] WARN  o.s.i.i.CIRClasspathImplKt$logger$1 -- Find function by symbol name 'get_datafile_path'
06:27:55.848 [org.seqra.dataflow.ap.ifds.TaintAnalysisUnitRunnerManager-worker-1 @coroutine#169] WARN  o.s.i.i.CIRClasspathImplKt$logger$1 -- No definition for symbol 'get_datafile_path', using declaration CIRFunctionID(moduleID=MLIRModuleID(id=/tmp/big-projects-work/buggy/wireshark-1.2-buggy/epan/dissectors/packet-radius.c), id=get_datafile_path)
06:27:55.854 [org.seqra.dataflow.ap.ifds.TaintAnalysisUnitRunnerManager-worker-1 @coroutine#169] WARN  o.s.i.i.CIRClasspathImplKt$logger$1 -- Find function by symbol name 'exit'
06:27:55.855 [org.seqra.dataflow.ap.ifds.TaintAnalysisUnitRunnerManager-worker-1 @coroutine#169] WARN  o.s.i.i.CIRClasspathImplKt$logger$1 -- Ambiguous function resolution for symbol 'exit': [CIRFunctionID(moduleID=MLIRModuleID(id=/tmp/big-projects-work/buggy/wireshark-1.2-buggy/epan/dissectors/packet-radius.c), id=exit), CIRFunctionID(moduleID=MLIRModuleID(id=/tmp/big-projects-work/buggy/wireshark-1.2-buggy/epan/radius_dict.c), id=exit)]
06:27:55.856 [org.seqra.dataflow.ap.ifds.TaintAnalysisUnitRunnerManager-worker-1 @coroutine#169] WARN  o.s.i.i.CIRClasspathImplKt$logger$1 -- Find function by symbol name 'g_hash_table_lookup'
06:27:55.856 [org.seqra.dataflow.ap.ifds.TaintAnalysisUnitRunnerManager-worker-1 @coroutine#169] WARN  o.s.i.i.CIRClasspathImplKt$logger$1 -- Ambiguous function resolution for symbol 'g_hash_table_lookup': [CIRFunctionID(moduleID=MLIRModuleID(id=/tmp/big-projects-work/buggy/wireshark-1.2-buggy/epan/dissectors/packet-radius.c), id=g_hash_table_lookup), CIRFunctionID(moduleID=MLIRModuleID(id=/tmp/big-projects-work/buggy/wireshark-1.2-buggy/epan/radius_dict.c), id=g_hash_table_lookup)]
06:27:55.857 [org.seqra.dataflow.ap.ifds.TaintAnalysisUnitRunnerManager-worker-1 @coroutine#169] WARN  o.s.i.i.CIRClasspathImplKt$logger$1 -- Find function by symbol name 'g_malloc'
06:27:55.857 [org.seqra.dataflow.ap.ifds.TaintAnalysisUnitRunnerManager-worker-1 @coroutine#169] WARN  o.s.i.i.CIRClasspathImplKt$logger$1 -- Ambiguous function resolution for symbol 'g_malloc': [CIRFunctionID(moduleID=MLIRModuleID(id=/tmp/big-projects-work/buggy/wireshark-1.2-buggy/epan/dissectors/packet-radius.c), id=g_malloc), CIRFunctionID(moduleID=MLIRModuleID(id=/tmp/big-projects-work/buggy/wireshark-1.2-buggy/epan/radius_dict.c), id=g_malloc)]
06:27:55.858 [org.seqra.dataflow.ap.ifds.TaintAnalysisUnitRunnerManager-worker-1 @coroutine#169] WARN  o.s.i.i.CIRClasspathImplKt$logger$1 -- Find function by symbol name 'g_strdup_printf'
06:27:55.858 [org.seqra.dataflow.ap.ifds.TaintAnalysisUnitRunnerManager-worker-1 @coroutine#169] WARN  o.s.i.i.CIRClasspathImplKt$logger$1 -- Ambiguous function resolution for symbol 'g_strdup_printf': [CIRFunctionID(moduleID=MLIRModuleID(id=/tmp/big-projects-work/buggy/wireshark-1.2-buggy/epan/dissectors/packet-radius.c), id=g_strdup_printf), CIRFunctionID(moduleID=MLIRModuleID(id=/tmp/big-projects-work/buggy/wireshark-1.2-buggy/epan/radius_dict.c), id=g_strdup_printf)]
06:27:55.859 [org.seqra.dataflow.ap.ifds.TaintAnalysisUnitRunnerManager-worker-1 @coroutine#169] WARN  o.s.i.i.CIRClasspathImplKt$logger$1 -- Find function by symbol name 'g_hash_table_insert'
06:27:55.860 [org.seqra.dataflow.ap.ifds.TaintAnalysisUnitRunnerManager-worker-1 @coroutine#169] WARN  o.s.i.i.CIRClasspathImplKt$logger$1 -- Ambiguous function resolution for symbol 'g_hash_table_insert': [CIRFunctionID(moduleID=MLIRModuleID(id=/tmp/big-projects-work/buggy/wireshark-1.2-buggy/epan/dissectors/packet-radius.c), id=g_hash_table_insert), CIRFunctionID(moduleID=MLIRModuleID(id=/tmp/big-projects-work/buggy/wireshark-1.2-buggy/epan/radius_dict.c), id=g_hash_table_insert)]
06:27:55.860 [org.seqra.dataflow.ap.ifds.TaintAnalysisUnitRunnerManager-worker-1 @coroutine#169] WARN  o.s.i.i.CIRClasspathImplKt$logger$1 -- Find function by symbol name 'val_to_str'
[...]
06:27:56.867 [org.seqra.dataflow.ap.ifds.TaintAnalysisUnitRunnerManager-worker-1 @coroutine#169] WARN  o.s.i.i.CIRClasspathImplKt$logger$1 -- Find function by symbol name 'g_strdup_inline'
06:27:56.867 [org.seqra.dataflow.ap.ifds.TaintAnalysisUnitRunnerManager-worker-1 @coroutine#169] WARN  o.s.i.i.CIRClasspathImplKt$logger$1 -- Ambiguous function resolution for symbol 'g_strdup_inline': [CIRFunctionID(moduleID=MLIRModuleID(id=/tmp/big-projects-work/buggy/wireshark-1.2-buggy/epan/dissectors/packet-radius.c), id=g_strdup_inline), CIRFunctionID(moduleID=MLIRModuleID(id=/tmp/big-projects-work/buggy/wireshark-1.2-buggy/epan/radius_dict.c), id=g_strdup_inline)]
06:27:56.868 [org.seqra.dataflow.ap.ifds.TaintAnalysisUnitRunnerManager-worker-1 @coroutine#169] WARN  o.s.i.i.CIRClasspathImplKt$logger$1 -- Find function by symbol name 'g_strdup_inline'
06:27:56.869 [org.seqra.dataflow.ap.ifds.TaintAnalysisUnitRunnerManager-worker-1 @coroutine#169] WARN  o.s.i.i.CIRClasspathImplKt$logger$1 -- Ambiguous function resolution for symbol 'g_strdup_inline': [CIRFunctionID(moduleID=MLIRModuleID(id=/tmp/big-projects-work/buggy/wireshark-1.2-buggy/epan/dissectors/packet-radius.c), id=g_strdup_inline), CIRFunctionID(moduleID=MLIRModuleID(id=/tmp/big-projects-work/buggy/wireshark-1.2-buggy/epan/radius_dict.c), id=g_strdup_inline)]
06:27:56.869 [org.seqra.dataflow.ap.ifds.TaintAnalysisUnitRunnerManager-worker-1 @coroutine#169] WARN  o.s.i.i.CIRClasspathImplKt$logger$1 -- Find function by symbol name 'add_attribute'
06:27:56.913 [org.seqra.dataflow.ap.ifds.TaintAnalysisUnitRunnerManager-worker-1 @coroutine#169] WARN  o.s.i.i.CIRClasspathImplKt$logger$1 -- Find function by symbol name 'g_strdup_inline'
06:27:56.914 [org.seqra.dataflow.ap.ifds.TaintAnalysisUnitRunnerManager-worker-1 @coroutine#169] WARN  o.s.i.i.CIRClasspathImplKt$logger$1 -- Ambiguous function resolution for symbol 'g_strdup_inline': [CIRFunctionID(moduleID=MLIRModuleID(id=/tmp/big-projects-work/buggy/wireshark-1.2-buggy/epan/dissectors/packet-radius.c), id=g_strdup_inline), CIRFunctionID(moduleID=MLIRModuleID(id=/tmp/big-projects-work/buggy/wireshark-1.2-buggy/epan/radius_dict.c), id=g_strdup_inline)]
06:27:56.918 [org.seqra.dataflow.ap.ifds.TaintAnalysisUnitRunnerManager-worker-1 @coroutine#169] WARN  o.s.i.i.CIRClasspathImplKt$logger$1 -- Find function by symbol name 'strtoul'
06:27:56.919 [org.seqra.dataflow.ap.ifds.TaintAnalysisUnitRunnerManager-worker-1 @coroutine#169] WARN  o.s.i.i.CIRClasspathImplKt$logger$1 -- No definition for symbol 'strtoul', using declaration CIRFunctionID(moduleID=MLIRModuleID(id=/tmp/big-projects-work/buggy/wireshark-1.2-buggy/epan/radius_dict.c), id=strtoul)
06:27:56.926 [org.seqra.dataflow.ap.ifds.TaintAnalysisUnitRunnerManager-worker-1 @coroutine#169] WARN  o.s.i.i.CIRClasspathImplKt$logger$1 -- Find function by symbol name 'g_strdup_inline'
06:27:56.927 [org.seqra.dataflow.ap.ifds.TaintAnalysisUnitRunnerManager-worker-1 @coroutine#169] WARN  o.s.i.i.CIRClasspathImplKt$logger$1 -- Ambiguous function resolution for symbol 'g_strdup_inline': [CIRFunctionID(moduleID=MLIRModuleID(id=/tmp/big-projects-work/buggy/wireshark-1.2-buggy/epan/dissectors/packet-radius.c), id=g_strdup_inline), CIRFunctionID(moduleID=MLIRModuleID(id=/tmp/big-projects-work/buggy/wireshark-1.2-buggy/epan/radius_dict.c), id=g_strdup_inline)]
06:27:56.927 [org.seqra.dataflow.ap.ifds.TaintAnalysisUnitRunnerManager-worker-1 @coroutine#169] WARN  o.s.i.i.CIRClasspathImplKt$logger$1 -- Find function by symbol name 'g_strdup_inline'
06:27:56.927 [org.seqra.dataflow.ap.ifds.TaintAnalysisUnitRunnerManager-worker-1 @coroutine#169] WARN  o.s.i.i.CIRClasspathImplKt$logger$1 -- Ambiguous function resolution for symbol 'g_strdup_inline': [CIRFunctionID(moduleID=MLIRModuleID(id=/tmp/big-projects-work/buggy/wireshark-1.2-buggy/epan/dissectors/packet-radius.c), id=g_strdup_inline), CIRFunctionID(moduleID=MLIRModuleID(id=/tmp/big-projects-work/buggy/wireshark-1.2-buggy/epan/radius_dict.c), id=g_strdup_inline)]
06:27:56.927 [org.seqra.dataflow.ap.ifds.TaintAnalysisUnitRunnerManager-worker-1 @coroutine#169] WARN  o.s.i.i.CIRClasspathImplKt$logger$1 -- Find function by symbol name 'add_vendor'
06:27:56.932 [org.seqra.dataflow.ap.ifds.TaintAnalysisUnitRunnerManager-worker-1 @coroutine#169] WARN  o.s.i.i.CIRClasspathImplKt$logger$1 -- Find function by symbol name 'g_strdup_inline'
06:27:56.933 [org.seqra.dataflow.ap.ifds.TaintAnalysisUnitRunnerManager-worker-1 @coroutine#169] WARN  o.s.i.i.CIRClasspathImplKt$logger$1 -- Ambiguous function resolution for symbol 'g_strdup_inline': [CIRFunctionID(moduleID=MLIRModuleID(id=/tmp/big-projects-work/buggy/wireshark-1.2-buggy/epan/dissectors/packet-radius.c), id=g_strdup_inline), CIRFunctionID(moduleID=MLIRModuleID(id=/tmp/big-projects-work/buggy/wireshark-1.2-buggy/epan/radius_dict.c), id=g_strdup_inline)]
06:27:56.934 [org.seqra.dataflow.ap.ifds.TaintAnalysisUnitRunnerManager-worker-1 @coroutine#169] WARN  o.s.i.i.CIRClasspathImplKt$logger$1 -- Find function by symbol name 'g_strdup_inline'
06:27:56.934 [org.seqra.dataflow.ap.ifds.TaintAnalysisUnitRunnerManager-worker-1 @coroutine#169] WARN  o.s.i.i.CIRClasspathImplKt$logger$1 -- Ambiguous function resolution for symbol 'g_strdup_inline': [CIRFunctionID(moduleID=MLIRModuleID(id=/tmp/big-projects-work/buggy/wireshark-1.2-buggy/epan/dissectors/packet-radius.c), id=g_strdup_inline), CIRFunctionID(moduleID=MLIRModuleID(id=/tmp/big-projects-work/buggy/wireshark-1.2-buggy/epan/radius_dict.c), id=g_strdup_inline)]
06:27:56.935 [org.seqra.dataflow.ap.ifds.TaintAnalysisUnitRunnerManager-worker-1 @coroutine#169] WARN  o.s.i.i.CIRClasspathImplKt$logger$1 -- Find function by symbol name 'g_strdup_inline'
06:27:56.935 [org.seqra.dataflow.ap.ifds.TaintAnalysisUnitRunnerManager-worker-1 @coroutine#169] WARN  o.s.i.i.CIRClasspathImplKt$logger$1 -- Ambiguous function resolution for symbol 'g_strdup_inline': [CIRFunctionID(moduleID=MLIRModuleID(id=/tmp/big-projects-work/buggy/wireshark-1.2-buggy/epan/dissectors/packet-radius.c), id=g_strdup_inline), CIRFunctionID(moduleID=MLIRModuleID(id=/tmp/big-projects-work/buggy/wireshark-1.2-buggy/epan/radius_dict.c), id=g_strdup_inline)]
06:28:05.714 [org.seqra.dataflow.ap.ifds.TaintAnalysisUnitRunnerManager-progress @coroutine#170] INFO  o.s.d.a.i.TaintAnalysisUnitRunnerManager -- Progress: 50/116
06:28:05.715 [org.seqra.dataflow.ap.ifds.TaintAnalysisUnitRunnerManager-progress @coroutine#170] INFO  o.s.d.a.i.TaintAnalysisUnitRunnerManager -- Memory usage: 11680743568/12884901888 (90.65%)
06:28:15.429 [org.seqra.dataflow.ap.ifds.TaintAnalysisUnitRunnerManager-worker-1 @coroutine#169] WARN  o.s.i.i.CIRClasspathImplKt$logger$1 -- Find function by symbol name 'Radius_load_buffer_state'
06:28:15.433 [org.seqra.dataflow.ap.ifds.TaintAnalysisUnitRunnerManager-worker-1 @coroutine#169] WARN  o.s.i.i.CIRClasspathImplKt$logger$1 -- Find function by symbol name 'Radiusensure_buffer_stack'
06:28:15.440 [org.seqra.dataflow.ap.ifds.TaintAnalysisUnitRunnerManager-worker-1 @coroutine#169] WARN  o.s.i.i.CIRClasspathImplKt$logger$1 -- Find function by symbol name 'Radiusfree'
06:28:15.447 [org.seqra.dataflow.ap.ifds.TaintAnalysisUnitRunnerManager-worker-1 @coroutine#169] WARN  o.s.i.i.CIRClasspathImplKt$logger$1 -- Find function by symbol name 'Radiusrealloc'
06:28:15.449 [org.seqra.dataflow.ap.ifds.TaintAnalysisUnitRunnerManager-worker-1 @coroutine#169] WARN  o.s.i.i.CIRClasspathImplKt$logger$1 -- Find function by symbol name 'Radiusalloc'
06:28:15.450 [org.seqra.dataflow.ap.ifds.TaintAnalysisUnitRunnerManager-worker-1 @coroutine#169] WARN  o.s.i.i.CIRClasspathImplKt$logger$1 -- Find function by symbol name 'g_strdup_inline'
06:28:15.451 [org.seqra.dataflow.ap.ifds.TaintAnalysisUnitRunnerManager-worker-1 @coroutine#169] WARN  o.s.i.i.CIRClasspathImplKt$logger$1 -- Ambiguous function resolution for symbol 'g_strdup_inline': [CIRFunctionID(moduleID=MLIRModuleID(id=/tmp/big-projects-work/buggy/wireshark-1.2-buggy/epan/dissectors/packet-radius.c), id=g_strdup_inline), CIRFunctionID(moduleID=MLIRModuleID(id=/tmp/big-projects-work/buggy/wireshark-1.2-buggy/epan/radius_dict.c), id=g_strdup_inline)]
06:28:15.451 [org.seqra.dataflow.ap.ifds.TaintAnalysisUnitRunnerManager-worker-1 @coroutine#169] WARN  o.s.i.i.CIRClasspathImplKt$logger$1 -- Find function by symbol name 'g_strdup_inline'
06:28:15.452 [org.seqra.dataflow.ap.ifds.TaintAnalysisUnitRunnerManager-worker-1 @coroutine#169] WARN  o.s.i.i.CIRClasspathImplKt$logger$1 -- Ambiguous function resolution for symbol 'g_strdup_inline': [CIRFunctionID(moduleID=MLIRModuleID(id=/tmp/big-projects-work/buggy/wireshark-1.2-buggy/epan/dissectors/packet-radius.c), id=g_strdup_inline), CIRFunctionID(moduleID=MLIRModuleID(id=/tmp/big-projects-work/buggy/wireshark-1.2-buggy/epan/radius_dict.c), id=g_strdup_inline)]
06:28:15.452 [org.seqra.dataflow.ap.ifds.TaintAnalysisUnitRunnerManager-worker-1 @coroutine#169] WARN  o.s.i.i.CIRClasspathImplKt$logger$1 -- Find function by symbol name 'fprintf'
06:28:15.453 [org.seqra.dataflow.ap.ifds.TaintAnalysisUnitRunnerManager-worker-1 @coroutine#169] WARN  o.s.i.i.CIRClasspathImplKt$logger$1 -- No definition for symbol 'fprintf', using declaration CIRFunctionID(moduleID=MLIRModuleID(id=/tmp/big-projects-work/buggy/wireshark-1.2-buggy/epan/radius_dict.c), id=fprintf)
06:28:15.453 [org.seqra.dataflow.ap.ifds.TaintAnalysisUnitRunnerManager-worker-1 @coroutine#169] WARN  o.s.i.i.CIRClasspathImplKt$logger$1 -- Find function by symbol name 'malloc'
06:28:15.454 [org.seqra.dataflow.ap.ifds.TaintAnalysisUnitRunnerManager-worker-1 @coroutine#169] WARN  o.s.i.i.CIRClasspathImplKt$logger$1 -- No definition for symbol 'malloc', using declaration CIRFunctionID(moduleID=MLIRModuleID(id=/tmp/big-projects-work/buggy/wireshark-1.2-buggy/epan/radius_dict.c), id=malloc)
06:28:15.455 [org.seqra.dataflow.ap.ifds.TaintAnalysisUnitRunnerManager-worker-1 @coroutine#169] WARN  o.s.i.i.CIRClasspathImplKt$logger$1 -- Find function by symbol name 'g_strdup_inline'
06:28:15.455 [org.seqra.dataflow.ap.ifds.TaintAnalysisUnitRunnerManager-worker-1 @coroutine#169] WARN  o.s.i.i.CIRClasspathImplKt$logger$1 -- Ambiguous function resolution for symbol 'g_strdup_inline': [CIRFunctionID(moduleID=MLIRModuleID(id=/tmp/big-projects-work/buggy/wireshark-1.2-buggy/epan/dissectors/packet-radius.c), id=g_strdup_inline), CIRFunctionID(moduleID=MLIRModuleID(id=/tmp/big-projects-work/buggy/wireshark-1.2-buggy/epan/radius_dict.c), id=g_strdup_inline)]
06:28:15.532 [org.seqra.dataflow.ap.ifds.TaintAnalysisUnitRunnerManager-worker-1 @coroutine#169] WARN  o.s.i.i.CIRClasspathImplKt$logger$1 -- Find function by symbol name 'Radius_init_buffer'
06:28:15.536 [org.seqra.dataflow.ap.ifds.TaintAnalysisUnitRunnerManager-worker-1 @coroutine#169] WARN  o.s.i.i.CIRClasspathImplKt$logger$1 -- Find function by symbol name 'free'
06:28:15.537 [org.seqra.dataflow.ap.ifds.TaintAnalysisUnitRunnerManager-worker-1 @coroutine#169] WARN  o.s.i.i.CIRClasspathImplKt$logger$1 -- No definition for symbol 'free', using declaration CIRFunctionID(moduleID=MLIRModuleID(id=/tmp/big-projects-work/buggy/wireshark-1.2-buggy/epan/radius_dict.c), id=free)
06:28:15.539 [org.seqra.dataflow.ap.ifds.TaintAnalysisUnitRunnerManager-worker-1 @coroutine#169] WARN  o.s.i.i.CIRClasspathImplKt$logger$1 -- Find function by symbol name 'Radius_flush_buffer'
06:28:15.543 [org.seqra.dataflow.ap.ifds.TaintAnalysisUnitRunnerManager-worker-1 @coroutine#169] WARN  o.s.i.i.CIRClasspathImplKt$logger$1 -- Find function by symbol name 'realloc'
06:28:15.543 [org.seqra.dataflow.ap.ifds.TaintAnalysisUnitRunnerManager-worker-1 @coroutine#169] WARN  o.s.i.i.CIRClasspathImplKt$logger$1 -- No definition for symbol 'realloc', using declaration CIRFunctionID(moduleID=MLIRModuleID(id=/tmp/big-projects-work/buggy/wireshark-1.2-buggy/epan/radius_dict.c), id=realloc)
06:28:15.545 [org.seqra.dataflow.ap.ifds.TaintAnalysisUnitRunnerManager-worker-1 @coroutine#169] WARN  o.s.i.i.CIRClasspathImplKt$logger$1 -- Find function by symbol name 'fread'
06:28:15.546 [org.seqra.dataflow.ap.ifds.TaintAnalysisUnitRunnerManager-worker-1 @coroutine#169] WARN  o.s.i.i.CIRClasspathImplKt$logger$1 -- No definition for symbol 'fread', using declaration CIRFunctionID(moduleID=MLIRModuleID(id=/tmp/big-projects-work/buggy/wireshark-1.2-buggy/epan/radius_dict.c), id=fread)
06:28:15.547 [org.seqra.dataflow.ap.ifds.TaintAnalysisUnitRunnerManager-worker-1 @coroutine#169] WARN  o.s.i.i.CIRClasspathImplKt$logger$1 -- Find function by symbol name 'clearerr'
06:28:15.547 [org.seqra.dataflow.ap.ifds.TaintAnalysisUnitRunnerManager-worker-1 @coroutine#169] WARN  o.s.i.i.CIRClasspathImplKt$logger$1 -- No definition for symbol 'clearerr', using declaration CIRFunctionID(moduleID=MLIRModuleID(id=/tmp/big-projects-work/buggy/wireshark-1.2-buggy/epan/radius_dict.c), id=clearerr)
06:28:15.548 [org.seqra.dataflow.ap.ifds.TaintAnalysisUnitRunnerManager-worker-1 @coroutine#169] WARN  o.s.i.i.CIRClasspathImplKt$logger$1 -- Find function by symbol name 'ferror'
06:28:15.548 [org.seqra.dataflow.ap.ifds.TaintAnalysisUnitRunnerManager-worker-1 @coroutine#169] WARN  o.s.i.i.CIRClasspathImplKt$logger$1 -- No definition for symbol 'ferror', using declaration CIRFunctionID(moduleID=MLIRModuleID(id=/tmp/big-projects-work/buggy/wireshark-1.2-buggy/epan/radius_dict.c), id=ferror)
06:28:15.549 [org.seqra.dataflow.ap.ifds.TaintAnalysisUnitRunnerManager-worker-1 @coroutine#169] WARN  o.s.i.i.CIRClasspathImplKt$logger$1 -- Find function by symbol name 'getc'
06:28:15.549 [org.seqra.dataflow.ap.ifds.TaintAnalysisUnitRunnerManager-worker-1 @coroutine#169] WARN  o.s.i.i.CIRClasspathImplKt$logger$1 -- No definition for symbol 'getc', using declaration CIRFunctionID(moduleID=MLIRModuleID(id=/tmp/big-projects-work/buggy/wireshark-1.2-buggy/epan/radius_dict.c), id=getc)
06:28:15.552 [org.seqra.dataflow.ap.ifds.TaintAnalysisUnitRunnerManager-worker-1 @coroutine#169] WARN  o.s.i.i.CIRClasspathImplKt$logger$1 -- Find function by symbol name 'g_strdup_inline'
06:28:15.553 [org.seqra.dataflow.ap.ifds.TaintAnalysisUnitRunnerManager-worker-1 @coroutine#169] WARN  o.s.i.i.CIRClasspathImplKt$logger$1 -- Ambiguous function resolution for symbol 'g_strdup_inline': [CIRFunctionID(moduleID=MLIRModuleID(id=/tmp/big-projects-work/buggy/wireshark-1.2-buggy/epan/dissectors/packet-radius.c), id=g_strdup_inline), CIRFunctionID(moduleID=MLIRModuleID(id=/tmp/big-projects-work/buggy/wireshark-1.2-buggy/epan/radius_dict.c), id=g_strdup_inline)]
06:28:15.587 [org.seqra.dataflow.ap.ifds.TaintAnalysisUnitRunnerManager-worker-1 @coroutine#169] WARN  o.s.i.i.CIRClasspathImplKt$logger$1 -- Find function by symbol name 'add_tlv'
06:28:15.721 [org.seqra.dataflow.ap.ifds.TaintAnalysisUnitRunnerManager-progress @coroutine#170] INFO  o.s.d.a.i.TaintAnalysisUnitRunnerManager -- Progress: 618/30
06:28:15.721 [org.seqra.dataflow.ap.ifds.TaintAnalysisUnitRunnerManager-progress @coroutine#170] INFO  o.s.d.a.i.TaintAnalysisUnitRunnerManager -- Memory usage: 10531788160/12884901888 (81.74%)
06:28:16.150 [org.seqra.dataflow.ap.ifds.TaintAnalysisUnitRunnerManager-worker-1 @coroutine#169] WARN  o.s.i.i.CIRClasspathImplKt$logger$1 -- Find function by symbol name 'g_strdup_inline'
06:28:16.150 [org.seqra.dataflow.ap.ifds.TaintAnalysisUnitRunnerManager-worker-1 @coroutine#169] WARN  o.s.i.i.CIRClasspathImplKt$logger$1 -- Ambiguous function resolution for symbol 'g_strdup_inline': [CIRFunctionID(moduleID=MLIRModuleID(id=/tmp/big-projects-work/buggy/wireshark-1.2-buggy/epan/dissectors/packet-radius.c), id=g_strdup_inline), CIRFunctionID(moduleID=MLIRModuleID(id=/tmp/big-projects-work/buggy/wireshark-1.2-buggy/epan/radius_dict.c), id=g_strdup_inline)]
06:28:16.208 [Test worker @coroutine#171] INFO  o.s.d.a.i.TaintAnalysisUnitRunnerManager -- Progress: 700/0
06:28:16.209 [Test worker @coroutine#171] INFO  o.s.d.a.i.TaintAnalysisUnitRunnerManager -- Memory usage: 11307734400/12884901888 (87.76%)
06:28:16.209 [Test worker @coroutine#171] INFO  o.s.d.a.i.TaintAnalysisUnitRunnerManager -- Analysis done in 20.498369760s
06:28:16.209 [Test worker] INFO  o.s.c.s.d.CIRTaintAnalyzer$Loader$logger$1 -- Total vulnerabilities: 117
06:28:16.209 [Test worker] INFO  o.s.c.s.d.CIRTaintAnalyzer$Loader$logger$1 -- Start trace generation
06:28:16.371 [Test worker] INFO  o.s.d.a.i.TaintAnalysisUnitRunnerManager -- Resolved 117/117 traces
06:28:16.371 [Test worker] INFO  o.s.c.s.d.CIRTaintAnalyzer$Loader$logger$1 -- Finish trace generation
06:28:39.043 [Test worker] INFO  o.s.c.s.s.k.KleeCirSeAnalyzer$logger$1 -- cir-klee exit=0 confirmed=false mem_errs=0 precond_violations=0 klee_ms=1220.196709 instr=25262 guide_ms=0.610375 assert_ms=0.52975
06:29:01.015 [Test worker] INFO  o.s.c.s.s.k.KleeCirSeAnalyzer$logger$1 -- cir-klee exit=0 confirmed=false mem_errs=0 precond_violations=0 klee_ms=1224.784292 instr=25262 guide_ms=0.601583 assert_ms=0.505375
06:29:22.508 [Test worker] INFO  o.s.c.s.s.k.KleeCirSeAnalyzer$logger$1 -- cir-klee exit=0 confirmed=false mem_errs=0 precond_violations=0 klee_ms=1185.953917 instr=25262 guide_ms=0.593333 assert_ms=0.497667
06:29:44.109 [Test worker] INFO  o.s.c.s.s.k.KleeCirSeAnalyzer$logger$1 -- cir-klee exit=0 confirmed=false mem_errs=0 precond_violations=0 klee_ms=1211.830501 instr=25262 guide_ms=0.573875 assert_ms=0.509125
06:30:05.262 [Test worker] INFO  o.s.c.s.s.k.KleeCirSeAnalyzer$logger$1 -- cir-klee exit=0 confirmed=false mem_errs=0 precond_violations=0 klee_ms=1200.185167 instr=25262 guide_ms=0.573458 assert_ms=0.484875
06:30:27.136 [Test worker] INFO  o.s.c.s.s.k.KleeCirSeAnalyzer$logger$1 -- cir-klee exit=0 confirmed=false mem_errs=0 precond_violations=0 klee_ms=1201.805043 instr=25262 guide_ms=9.85025 assert_ms=4.336917
06:30:47.805 [Test worker] INFO  o.s.c.s.s.k.KleeCirSeAnalyzer$logger$1 -- cir-klee exit=0 confirmed=false mem_errs=0 precond_violations=0 klee_ms=1187.364876 instr=25262 guide_ms=0.558416 assert_ms=0.480958
06:31:09.248 [Test worker] INFO  o.s.c.s.s.k.KleeCirSeAnalyzer$logger$1 -- cir-klee exit=0 confirmed=false mem_errs=0 precond_violations=0 klee_ms=1201.889084 instr=25262 guide_ms=0.589125 assert_ms=0.502667
06:31:30.952 [Test worker] INFO  o.s.c.s.s.k.KleeCirSeAnalyzer$logger$1 -- cir-klee exit=0 confirmed=false mem_errs=0 precond_violations=0 klee_ms=1270.668459 instr=25262 guide_ms=0.605 assert_ms=0.517583
06:31:55.308 [Test worker] INFO  o.s.c.s.s.k.KleeCirSeAnalyzer$logger$1 -- cir-klee exit=0 confirmed=false mem_errs=0 precond_violations=0 klee_ms=2058.919376 instr=25262 guide_ms=5.05475 assert_ms=13.912833
06:32:22.870 [Test worker] INFO  o.s.c.s.s.k.KleeCirSeAnalyzer$logger$1 -- cir-klee exit=0 confirmed=false mem_errs=0 precond_violations=0 klee_ms=1365.965125 instr=25262 guide_ms=27.421 assert_ms=39.29325
06:32:45.316 [Test worker] INFO  o.s.c.s.s.k.KleeCirSeAnalyzer$logger$1 -- cir-klee exit=0 confirmed=false mem_errs=0 precond_violations=0 klee_ms=1174.484709 instr=25262 guide_ms=0.572791 assert_ms=0.4805
06:33:07.263 [Test worker] INFO  o.s.c.s.s.k.KleeCirSeAnalyzer$logger$1 -- cir-klee exit=0 confirmed=false mem_errs=0 precond_violations=0 klee_ms=1228.386459 instr=25262 guide_ms=0.572292 assert_ms=0.551708
06:33:29.078 [Test worker] INFO  o.s.c.s.s.k.KleeCirSeAnalyzer$logger$1 -- cir-klee exit=0 confirmed=false mem_errs=0 precond_violations=0 klee_ms=1423.632459 instr=25262 guide_ms=0.680041 assert_ms=0.559791
06:33:49.838 [Test worker] INFO  o.s.c.s.s.k.KleeCirSeAnalyzer$logger$1 -- cir-klee exit=0 confirmed=false mem_errs=0 precond_violations=0 klee_ms=1178.499709 instr=25262 guide_ms=0.593375 assert_ms=0.509125
06:34:10.632 [Test worker] INFO  o.s.c.s.s.k.KleeCirSeAnalyzer$logger$1 -- cir-klee exit=0 confirmed=false mem_errs=0 precond_violations=0 klee_ms=1172.189668 instr=25262 guide_ms=9.684333 assert_ms=4.391416
]]></system-out>
  <system-err><![CDATA[]]></system-err>
</testsuite>
