<?xml version="1.0" encoding="UTF-8"?>
<testsuite name="org.seqra.cir.sast.BigProjectsEntrypointsTest" tests="5" skipped="0" failures="2" errors="0" timestamp="2026-06-01T21:36:22" hostname="225efb33133e" time="70.156">
  <properties/>
  <testcase name="501116-v1.0.0:radius_load_dictionary" classname="org.seqra.cir.sast.BigProjectsEntrypointsTest" time="38.575"/>
  <testcase name="501116-v1.0.0:destroy_dict" classname="org.seqra.cir.sast.BigProjectsEntrypointsTest" time="2.686">
    <failure message="org.opentest4j.AssertionFailedError: Expected a use-after-free in 501116-v1.0.0:destroy_dict (destroy_dict) but found none" type="org.opentest4j.AssertionFailedError">org.opentest4j.AssertionFailedError: Expected a use-after-free in 501116-v1.0.0:destroy_dict (destroy_dict) but found none
	at app//org.junit.jupiter.api.AssertionUtils.fail(AssertionUtils.java:38)
	at app//org.junit.jupiter.api.Assertions.fail(Assertions.java:138)
	at app//kotlin.test.junit5.JUnit5Asserter.fail(JUnitSupport.kt:56)
	at app//kotlin.test.Asserter$DefaultImpls.assertTrue(Assertions.kt:694)
	at app//kotlin.test.junit5.JUnit5Asserter.assertTrue(JUnitSupport.kt:30)
	at app//kotlin.test.Asserter$DefaultImpls.assertTrue(Assertions.kt:704)
	at app//kotlin.test.junit5.JUnit5Asserter.assertTrue(JUnitSupport.kt:30)
	at app//kotlin.test.AssertionsKt__AssertionsKt.assertTrue(Assertions.kt:44)
	at app//kotlin.test.AssertionsKt.assertTrue(Unknown Source)
	at app//org.seqra.cir.sast.BigProjectsEntrypointsTest.bigProject(BigProjectsEntrypointsTest.kt:39)
	at java.base@21.0.10/java.lang.reflect.Method.invoke(Method.java:580)
	at java.base@21.0.10/java.util.stream.ForEachOps$ForEachOp$OfRef.accept(ForEachOps.java:184)
	at java.base@21.0.10/java.util.stream.ReferencePipeline$3$1.accept(ReferencePipeline.java:197)
	at java.base@21.0.10/java.util.stream.ReferencePipeline$2$1.accept(ReferencePipeline.java:179)
	at java.base@21.0.10/java.util.stream.ReferencePipeline$3$1.accept(ReferencePipeline.java:197)
	at java.base@21.0.10/java.util.stream.ForEachOps$ForEachOp$OfRef.accept(ForEachOps.java:184)
	at java.base@21.0.10/java.util.stream.ReferencePipeline$3$1.accept(ReferencePipeline.java:197)
	at java.base@21.0.10/java.util.stream.ReferencePipeline$3$1.accept(ReferencePipeline.java:197)
	at java.base@21.0.10/java.util.stream.ReferencePipeline$3$1.accept(ReferencePipeline.java:197)
	at java.base@21.0.10/java.util.stream.ForEachOps$ForEachOp$OfRef.accept(ForEachOps.java:184)
	at java.base@21.0.10/java.util.stream.ReferencePipeline$3$1.accept(ReferencePipeline.java:197)
	at java.base@21.0.10/java.util.ArrayList$ArrayListSpliterator.forEachRemaining(ArrayList.java:1708)
	at java.base@21.0.10/java.util.stream.ReferencePipeline$Head.forEach(ReferencePipeline.java:762)
	at java.base@21.0.10/java.util.stream.ReferencePipeline$7$1.accept(ReferencePipeline.java:276)
	at java.base@21.0.10/java.util.stream.ReferencePipeline$3$1.accept(ReferencePipeline.java:197)
	at java.base@21.0.10/java.util.stream.ReferencePipeline$3$1.accept(ReferencePipeline.java:197)
	at java.base@21.0.10/java.util.stream.ReferencePipeline$3$1.accept(ReferencePipeline.java:197)
	at java.base@21.0.10/java.util.Spliterators$ArraySpliterator.forEachRemaining(Spliterators.java:1024)
	at java.base@21.0.10/java.util.stream.AbstractPipeline.copyInto(AbstractPipeline.java:509)
	at java.base@21.0.10/java.util.stream.AbstractPipeline.wrapAndCopyInto(AbstractPipeline.java:499)
	at java.base@21.0.10/java.util.stream.ForEachOps$ForEachOp.evaluateSequential(ForEachOps.java:151)
	at java.base@21.0.10/java.util.stream.ForEachOps$ForEachOp$OfRef.evaluateSequential(ForEachOps.java:174)
	at java.base@21.0.10/java.util.stream.AbstractPipeline.evaluate(AbstractPipeline.java:234)
	at java.base@21.0.10/java.util.stream.ReferencePipeline.forEach(ReferencePipeline.java:596)
	at java.base@21.0.10/java.util.stream.ReferencePipeline$7$1.accept(ReferencePipeline.java:276)
	at java.base@21.0.10/java.util.stream.ReferencePipeline$3$1.accept(ReferencePipeline.java:197)
	at java.base@21.0.10/java.util.stream.ReferencePipeline$3$1.accept(ReferencePipeline.java:197)
	at java.base@21.0.10/java.util.stream.ReferencePipeline$3$1.accept(ReferencePipeline.java:197)
	at java.base@21.0.10/java.util.ArrayList$ArrayListSpliterator.forEachRemaining(ArrayList.java:1708)
	at java.base@21.0.10/java.util.stream.AbstractPipeline.copyInto(AbstractPipeline.java:509)
	at java.base@21.0.10/java.util.stream.AbstractPipeline.wrapAndCopyInto(AbstractPipeline.java:499)
	at java.base@21.0.10/java.util.stream.ForEachOps$ForEachOp.evaluateSequential(ForEachOps.java:151)
	at java.base@21.0.10/java.util.stream.ForEachOps$ForEachOp$OfRef.evaluateSequential(ForEachOps.java:174)
	at java.base@21.0.10/java.util.stream.AbstractPipeline.evaluate(AbstractPipeline.java:234)
	at java.base@21.0.10/java.util.stream.ReferencePipeline.forEach(ReferencePipeline.java:596)
	at java.base@21.0.10/java.util.stream.ReferencePipeline$7$1.accept(ReferencePipeline.java:276)
	at java.base@21.0.10/java.util.ArrayList$ArrayListSpliterator.forEachRemaining(ArrayList.java:1708)
	at java.base@21.0.10/java.util.stream.AbstractPipeline.copyInto(AbstractPipeline.java:509)
	at java.base@21.0.10/java.util.stream.AbstractPipeline.wrapAndCopyInto(AbstractPipeline.java:499)
	at java.base@21.0.10/java.util.stream.ForEachOps$ForEachOp.evaluateSequential(ForEachOps.java:151)
	at java.base@21.0.10/java.util.stream.ForEachOps$ForEachOp$OfRef.evaluateSequential(ForEachOps.java:174)
	at java.base@21.0.10/java.util.stream.AbstractPipeline.evaluate(AbstractPipeline.java:234)
	at java.base@21.0.10/java.util.stream.ReferencePipeline.forEach(ReferencePipeline.java:596)
	at java.base@21.0.10/java.util.ArrayList.forEach(ArrayList.java:1596)
	at java.base@21.0.10/java.util.ArrayList.forEach(ArrayList.java:1596)
</failure>
  </testcase>
  <testcase name="501116-v1.0.0:destroy_tlvs" classname="org.seqra.cir.sast.BigProjectsEntrypointsTest" time="2.727"/>
  <testcase name="501116-v1.0.0:register_attrs" classname="org.seqra.cir.sast.BigProjectsEntrypointsTest" time="2.624">
    <failure message="org.opentest4j.AssertionFailedError: Expected a use-after-free in 501116-v1.0.0:register_attrs (register_attrs) but found none" type="org.opentest4j.AssertionFailedError">org.opentest4j.AssertionFailedError: Expected a use-after-free in 501116-v1.0.0:register_attrs (register_attrs) but found none
	at app//org.junit.jupiter.api.AssertionUtils.fail(AssertionUtils.java:38)
	at app//org.junit.jupiter.api.Assertions.fail(Assertions.java:138)
	at app//kotlin.test.junit5.JUnit5Asserter.fail(JUnitSupport.kt:56)
	at app//kotlin.test.Asserter$DefaultImpls.assertTrue(Assertions.kt:694)
	at app//kotlin.test.junit5.JUnit5Asserter.assertTrue(JUnitSupport.kt:30)
	at app//kotlin.test.Asserter$DefaultImpls.assertTrue(Assertions.kt:704)
	at app//kotlin.test.junit5.JUnit5Asserter.assertTrue(JUnitSupport.kt:30)
	at app//kotlin.test.AssertionsKt__AssertionsKt.assertTrue(Assertions.kt:44)
	at app//kotlin.test.AssertionsKt.assertTrue(Unknown Source)
	at app//org.seqra.cir.sast.BigProjectsEntrypointsTest.bigProject(BigProjectsEntrypointsTest.kt:39)
	at java.base@21.0.10/java.lang.reflect.Method.invoke(Method.java:580)
	at java.base@21.0.10/java.util.stream.ForEachOps$ForEachOp$OfRef.accept(ForEachOps.java:184)
	at java.base@21.0.10/java.util.stream.ReferencePipeline$3$1.accept(ReferencePipeline.java:197)
	at java.base@21.0.10/java.util.stream.ReferencePipeline$2$1.accept(ReferencePipeline.java:179)
	at java.base@21.0.10/java.util.stream.ReferencePipeline$3$1.accept(ReferencePipeline.java:197)
	at java.base@21.0.10/java.util.stream.ForEachOps$ForEachOp$OfRef.accept(ForEachOps.java:184)
	at java.base@21.0.10/java.util.stream.ReferencePipeline$3$1.accept(ReferencePipeline.java:197)
	at java.base@21.0.10/java.util.stream.ReferencePipeline$3$1.accept(ReferencePipeline.java:197)
	at java.base@21.0.10/java.util.stream.ReferencePipeline$3$1.accept(ReferencePipeline.java:197)
	at java.base@21.0.10/java.util.stream.ForEachOps$ForEachOp$OfRef.accept(ForEachOps.java:184)
	at java.base@21.0.10/java.util.stream.ReferencePipeline$3$1.accept(ReferencePipeline.java:197)
	at java.base@21.0.10/java.util.ArrayList$ArrayListSpliterator.forEachRemaining(ArrayList.java:1708)
	at java.base@21.0.10/java.util.stream.ReferencePipeline$Head.forEach(ReferencePipeline.java:762)
	at java.base@21.0.10/java.util.stream.ReferencePipeline$7$1.accept(ReferencePipeline.java:276)
	at java.base@21.0.10/java.util.stream.ReferencePipeline$3$1.accept(ReferencePipeline.java:197)
	at java.base@21.0.10/java.util.stream.ReferencePipeline$3$1.accept(ReferencePipeline.java:197)
	at java.base@21.0.10/java.util.stream.ReferencePipeline$3$1.accept(ReferencePipeline.java:197)
	at java.base@21.0.10/java.util.Spliterators$ArraySpliterator.forEachRemaining(Spliterators.java:1024)
	at java.base@21.0.10/java.util.stream.AbstractPipeline.copyInto(AbstractPipeline.java:509)
	at java.base@21.0.10/java.util.stream.AbstractPipeline.wrapAndCopyInto(AbstractPipeline.java:499)
	at java.base@21.0.10/java.util.stream.ForEachOps$ForEachOp.evaluateSequential(ForEachOps.java:151)
	at java.base@21.0.10/java.util.stream.ForEachOps$ForEachOp$OfRef.evaluateSequential(ForEachOps.java:174)
	at java.base@21.0.10/java.util.stream.AbstractPipeline.evaluate(AbstractPipeline.java:234)
	at java.base@21.0.10/java.util.stream.ReferencePipeline.forEach(ReferencePipeline.java:596)
	at java.base@21.0.10/java.util.stream.ReferencePipeline$7$1.accept(ReferencePipeline.java:276)
	at java.base@21.0.10/java.util.stream.ReferencePipeline$3$1.accept(ReferencePipeline.java:197)
	at java.base@21.0.10/java.util.stream.ReferencePipeline$3$1.accept(ReferencePipeline.java:197)
	at java.base@21.0.10/java.util.stream.ReferencePipeline$3$1.accept(ReferencePipeline.java:197)
	at java.base@21.0.10/java.util.ArrayList$ArrayListSpliterator.forEachRemaining(ArrayList.java:1708)
	at java.base@21.0.10/java.util.stream.AbstractPipeline.copyInto(AbstractPipeline.java:509)
	at java.base@21.0.10/java.util.stream.AbstractPipeline.wrapAndCopyInto(AbstractPipeline.java:499)
	at java.base@21.0.10/java.util.stream.ForEachOps$ForEachOp.evaluateSequential(ForEachOps.java:151)
	at java.base@21.0.10/java.util.stream.ForEachOps$ForEachOp$OfRef.evaluateSequential(ForEachOps.java:174)
	at java.base@21.0.10/java.util.stream.AbstractPipeline.evaluate(AbstractPipeline.java:234)
	at java.base@21.0.10/java.util.stream.ReferencePipeline.forEach(ReferencePipeline.java:596)
	at java.base@21.0.10/java.util.stream.ReferencePipeline$7$1.accept(ReferencePipeline.java:276)
	at java.base@21.0.10/java.util.ArrayList$ArrayListSpliterator.forEachRemaining(ArrayList.java:1708)
	at java.base@21.0.10/java.util.stream.AbstractPipeline.copyInto(AbstractPipeline.java:509)
	at java.base@21.0.10/java.util.stream.AbstractPipeline.wrapAndCopyInto(AbstractPipeline.java:499)
	at java.base@21.0.10/java.util.stream.ForEachOps$ForEachOp.evaluateSequential(ForEachOps.java:151)
	at java.base@21.0.10/java.util.stream.ForEachOps$ForEachOp$OfRef.evaluateSequential(ForEachOps.java:174)
	at java.base@21.0.10/java.util.stream.AbstractPipeline.evaluate(AbstractPipeline.java:234)
	at java.base@21.0.10/java.util.stream.ReferencePipeline.forEach(ReferencePipeline.java:596)
	at java.base@21.0.10/java.util.ArrayList.forEach(ArrayList.java:1596)
	at java.base@21.0.10/java.util.ArrayList.forEach(ArrayList.java:1596)
</failure>
  </testcase>
  <testcase name="501116-v1.0.0:register_radius_fields" classname="org.seqra.cir.sast.BigProjectsEntrypointsTest" time="23.538"/>
  <system-out><![CDATA[21:36:26.466 [Test worker] INFO  jetbrains.exodus.io.FileDataWriter -- Uninterruptible file channel will be used
21:36:27.347 [Test worker] INFO  j.exodus.env.EnvironmentImpl -- Exodus environment created: /tmp/xodusKeyValueStorage5905361800947065990
21:36:35.184 [Test worker] WARN  o.s.i.i.CIRClasspathImplKt$logger$1 -- Find function by symbol name 'radius_load_dictionary'
21:36:37.130 [Test worker] INFO  o.s.d.a.i.TaintAnalysisUnitRunnerManager -- Starting analysis of 1 methods in 1 units
21:36:38.353 [org.seqra.dataflow.ap.ifds.TaintAnalysisUnitRunnerManager-worker-1 @coroutine#2] WARN  o.s.i.i.CIRClasspathImplKt$logger$1 -- Find function by symbol name 'g_strdup_printf'
21:36:38.354 [org.seqra.dataflow.ap.ifds.TaintAnalysisUnitRunnerManager-worker-1 @coroutine#2] WARN  o.s.i.i.CIRClasspathImplKt$logger$1 -- Ambiguous function resolution for symbol 'g_strdup_printf': [CIRFunctionID(moduleID=MLIRModuleID(id=/tmp/big-projects-work/buggy/wireshark-1.2-buggy/epan/dissectors/packet-radius.c), id=g_strdup_printf), CIRFunctionID(moduleID=MLIRModuleID(id=/tmp/big-projects-work/buggy/wireshark-1.2-buggy/epan/radius_dict.c), id=g_strdup_printf)]
21:36:38.590 [org.seqra.dataflow.ap.ifds.TaintAnalysisUnitRunnerManager-worker-1 @coroutine#2] WARN  o.s.i.i.CIRClasspathImplKt$logger$1 -- Find function by symbol name 'g_string_new'
21:36:38.591 [org.seqra.dataflow.ap.ifds.TaintAnalysisUnitRunnerManager-worker-1 @coroutine#2] WARN  o.s.i.i.CIRClasspathImplKt$logger$1 -- No definition for symbol 'g_string_new', using declaration CIRFunctionID(moduleID=MLIRModuleID(id=/tmp/big-projects-work/buggy/wireshark-1.2-buggy/epan/radius_dict.c), id=g_string_new)
21:36:38.592 [org.seqra.dataflow.ap.ifds.TaintAnalysisUnitRunnerManager-worker-1 @coroutine#2] WARN  o.s.i.i.CIRClasspathImplKt$logger$1 -- Find function by symbol name 'fopen'
21:36:38.593 [org.seqra.dataflow.ap.ifds.TaintAnalysisUnitRunnerManager-worker-1 @coroutine#2] WARN  o.s.i.i.CIRClasspathImplKt$logger$1 -- No definition for symbol 'fopen', using declaration CIRFunctionID(moduleID=MLIRModuleID(id=/tmp/big-projects-work/buggy/wireshark-1.2-buggy/epan/radius_dict.c), id=fopen)
21:36:38.681 [org.seqra.dataflow.ap.ifds.TaintAnalysisUnitRunnerManager-worker-1 @coroutine#2] WARN  o.s.i.i.CIRClasspathImplKt$logger$1 -- Find function by symbol name 'g_hash_table_new'
21:36:38.683 [org.seqra.dataflow.ap.ifds.TaintAnalysisUnitRunnerManager-worker-1 @coroutine#2] WARN  o.s.i.i.CIRClasspathImplKt$logger$1 -- Ambiguous function resolution for symbol 'g_hash_table_new': [CIRFunctionID(moduleID=MLIRModuleID(id=/tmp/big-projects-work/buggy/wireshark-1.2-buggy/epan/dissectors/packet-radius.c), id=g_hash_table_new), CIRFunctionID(moduleID=MLIRModuleID(id=/tmp/big-projects-work/buggy/wireshark-1.2-buggy/epan/radius_dict.c), id=g_hash_table_new)]
21:36:38.686 [org.seqra.dataflow.ap.ifds.TaintAnalysisUnitRunnerManager-worker-1 @coroutine#2] WARN  o.s.i.i.CIRClasspathImplKt$logger$1 -- Find function by symbol name 'Radiuslex'
21:36:38.808 [org.seqra.dataflow.ap.ifds.TaintAnalysisUnitRunnerManager-worker-1 @coroutine#2] WARN  o.s.i.i.CIRClasspathImplKt$logger$1 -- Find function by symbol name 'g_hash_table_foreach'
21:36:38.809 [org.seqra.dataflow.ap.ifds.TaintAnalysisUnitRunnerManager-worker-1 @coroutine#2] WARN  o.s.i.i.CIRClasspathImplKt$logger$1 -- Ambiguous function resolution for symbol 'g_hash_table_foreach': [CIRFunctionID(moduleID=MLIRModuleID(id=/tmp/big-projects-work/buggy/wireshark-1.2-buggy/epan/dissectors/packet-radius.c), id=g_hash_table_foreach), CIRFunctionID(moduleID=MLIRModuleID(id=/tmp/big-projects-work/buggy/wireshark-1.2-buggy/epan/radius_dict.c), id=g_hash_table_foreach)]
21:36:38.812 [org.seqra.dataflow.ap.ifds.TaintAnalysisUnitRunnerManager-worker-1 @coroutine#2] WARN  o.s.i.i.CIRClasspathImplKt$logger$1 -- Find function by symbol name 'g_hash_table_foreach_remove'
21:36:38.813 [org.seqra.dataflow.ap.ifds.TaintAnalysisUnitRunnerManager-worker-1 @coroutine#2] WARN  o.s.i.i.CIRClasspathImplKt$logger$1 -- Ambiguous function resolution for symbol 'g_hash_table_foreach_remove': [CIRFunctionID(moduleID=MLIRModuleID(id=/tmp/big-projects-work/buggy/wireshark-1.2-buggy/epan/dissectors/packet-radius.c), id=g_hash_table_foreach_remove), CIRFunctionID(moduleID=MLIRModuleID(id=/tmp/big-projects-work/buggy/wireshark-1.2-buggy/epan/radius_dict.c), id=g_hash_table_foreach_remove)]
21:36:39.020 [org.seqra.dataflow.ap.ifds.TaintAnalysisUnitRunnerManager-worker-1 @coroutine#2] WARN  o.s.i.i.CIRClasspathImplKt$logger$1 -- Find function by symbol name 'g_string_free'
21:36:39.021 [org.seqra.dataflow.ap.ifds.TaintAnalysisUnitRunnerManager-worker-1 @coroutine#2] WARN  o.s.i.i.CIRClasspathImplKt$logger$1 -- Ambiguous function resolution for symbol 'g_string_free': [CIRFunctionID(moduleID=MLIRModuleID(id=/tmp/big-projects-work/buggy/wireshark-1.2-buggy/epan/dissectors/packet-radius.c), id=g_string_free), CIRFunctionID(moduleID=MLIRModuleID(id=/tmp/big-projects-work/buggy/wireshark-1.2-buggy/epan/radius_dict.c), id=g_string_free)]
21:36:39.064 [org.seqra.dataflow.ap.ifds.TaintAnalysisUnitRunnerManager-worker-1 @coroutine#2] WARN  o.s.i.i.CIRClasspathImplKt$logger$1 -- Find function by symbol name 'g_string_free_and_steal'
21:36:39.065 [org.seqra.dataflow.ap.ifds.TaintAnalysisUnitRunnerManager-worker-1 @coroutine#2] WARN  o.s.i.i.CIRClasspathImplKt$logger$1 -- No definition for symbol 'g_string_free_and_steal', using declaration CIRFunctionID(moduleID=MLIRModuleID(id=/tmp/big-projects-work/buggy/wireshark-1.2-buggy/epan/radius_dict.c), id=g_string_free_and_steal)
21:36:39.066 [org.seqra.dataflow.ap.ifds.TaintAnalysisUnitRunnerManager-worker-1 @coroutine#2] WARN  o.s.i.i.CIRClasspathImplKt$logger$1 -- Find function by symbol name 'destroy_dict'
21:36:39.097 [org.seqra.dataflow.ap.ifds.TaintAnalysisUnitRunnerManager-worker-1 @coroutine#2] WARN  o.s.i.i.CIRClasspathImplKt$logger$1 -- Find function by symbol name 'g_free'
21:36:39.098 [org.seqra.dataflow.ap.ifds.TaintAnalysisUnitRunnerManager-worker-1 @coroutine#2] WARN  o.s.i.i.CIRClasspathImplKt$logger$1 -- Ambiguous function resolution for symbol 'g_free': [CIRFunctionID(moduleID=MLIRModuleID(id=/tmp/big-projects-work/buggy/wireshark-1.2-buggy/epan/dissectors/packet-radius.c), id=g_free), CIRFunctionID(moduleID=MLIRModuleID(id=/tmp/big-projects-work/buggy/wireshark-1.2-buggy/epan/radius_dict.c), id=g_free)]
21:36:39.271 [org.seqra.dataflow.ap.ifds.TaintAnalysisUnitRunnerManager-worker-1 @coroutine#2] WARN  o.s.i.i.CIRClasspathImplKt$logger$1 -- Find function by symbol name 'fclose'
21:36:39.272 [org.seqra.dataflow.ap.ifds.TaintAnalysisUnitRunnerManager-worker-1 @coroutine#2] WARN  o.s.i.i.CIRClasspathImplKt$logger$1 -- No definition for symbol 'fclose', using declaration CIRFunctionID(moduleID=MLIRModuleID(id=/tmp/big-projects-work/buggy/wireshark-1.2-buggy/epan/radius_dict.c), id=fclose)
21:36:39.273 [org.seqra.dataflow.ap.ifds.TaintAnalysisUnitRunnerManager-worker-1 @coroutine#2] WARN  o.s.i.i.CIRClasspathImplKt$logger$1 -- Find function by symbol name '__errno_location'
21:36:39.273 [org.seqra.dataflow.ap.ifds.TaintAnalysisUnitRunnerManager-worker-1 @coroutine#2] WARN  o.s.i.i.CIRClasspathImplKt$logger$1 -- No definition for symbol '__errno_location', using declaration CIRFunctionID(moduleID=MLIRModuleID(id=/tmp/big-projects-work/buggy/wireshark-1.2-buggy/epan/radius_dict.c), id=__errno_location)
21:36:39.274 [org.seqra.dataflow.ap.ifds.TaintAnalysisUnitRunnerManager-worker-1 @coroutine#2] WARN  o.s.i.i.CIRClasspathImplKt$logger$1 -- Find function by symbol name 'strerror'
21:36:39.274 [org.seqra.dataflow.ap.ifds.TaintAnalysisUnitRunnerManager-worker-1 @coroutine#2] WARN  o.s.i.i.CIRClasspathImplKt$logger$1 -- No definition for symbol 'strerror', using declaration CIRFunctionID(moduleID=MLIRModuleID(id=/tmp/big-projects-work/buggy/wireshark-1.2-buggy/epan/radius_dict.c), id=strerror)
21:36:39.276 [org.seqra.dataflow.ap.ifds.TaintAnalysisUnitRunnerManager-worker-1 @coroutine#2] WARN  o.s.i.i.CIRClasspathImplKt$logger$1 -- Find function by symbol name 'g_string_append_printf'
21:36:39.277 [org.seqra.dataflow.ap.ifds.TaintAnalysisUnitRunnerManager-worker-1 @coroutine#2] WARN  o.s.i.i.CIRClasspathImplKt$logger$1 -- Ambiguous function resolution for symbol 'g_string_append_printf': [CIRFunctionID(moduleID=MLIRModuleID(id=/tmp/big-projects-work/buggy/wireshark-1.2-buggy/epan/dissectors/packet-radius.c), id=g_string_append_printf), CIRFunctionID(moduleID=MLIRModuleID(id=/tmp/big-projects-work/buggy/wireshark-1.2-buggy/epan/radius_dict.c), id=g_string_append_printf)]
21:36:39.293 [org.seqra.dataflow.ap.ifds.TaintAnalysisUnitRunnerManager-worker-1 @coroutine#2] WARN  o.s.i.i.CIRClasspathImplKt$logger$1 -- Find function by symbol name 'yy_fatal_error'
21:36:39.313 [org.seqra.dataflow.ap.ifds.TaintAnalysisUnitRunnerManager-worker-1 @coroutine#2] WARN  o.s.i.i.CIRClasspathImplKt$logger$1 -- Find function by symbol name 'yy_get_next_buffer'
21:36:39.343 [org.seqra.dataflow.ap.ifds.TaintAnalysisUnitRunnerManager-worker-1 @coroutine#2] WARN  o.s.i.i.CIRClasspathImplKt$logger$1 -- Find function by symbol name 'yy_get_previous_state'
21:36:39.349 [org.seqra.dataflow.ap.ifds.TaintAnalysisUnitRunnerManager-worker-1 @coroutine#2] WARN  o.s.i.i.CIRClasspathImplKt$logger$1 -- Find function by symbol name 'Radiuswrap'
21:36:39.350 [org.seqra.dataflow.ap.ifds.TaintAnalysisUnitRunnerManager-worker-1 @coroutine#2] WARN  o.s.i.i.CIRClasspathImplKt$logger$1 -- Find function by symbol name 'Radiusrestart'
21:36:39.354 [org.seqra.dataflow.ap.ifds.TaintAnalysisUnitRunnerManager-worker-1 @coroutine#2] WARN  o.s.i.i.CIRClasspathImplKt$logger$1 -- Find function by symbol name 'yy_try_NUL_trans'
21:36:39.361 [org.seqra.dataflow.ap.ifds.TaintAnalysisUnitRunnerManager-worker-1 @coroutine#2] WARN  o.s.i.i.CIRClasspathImplKt$logger$1 -- Find function by symbol name 'Radius_delete_buffer'
21:36:39.365 [org.seqra.dataflow.ap.ifds.TaintAnalysisUnitRunnerManager-worker-1 @coroutine#2] WARN  o.s.i.i.CIRClasspathImplKt$logger$1 -- Find function by symbol name 'Radius_switch_to_buffer'
21:36:39.912 [org.seqra.dataflow.ap.ifds.TaintAnalysisUnitRunnerManager-worker-1 @coroutine#2] WARN  o.s.i.i.CIRClasspathImplKt$logger$1 -- Find function by symbol name 'Radius_create_buffer'
21:36:39.915 [org.seqra.dataflow.ap.ifds.TaintAnalysisUnitRunnerManager-worker-1 @coroutine#2] WARN  o.s.i.i.CIRClasspathImplKt$logger$1 -- Find function by symbol name 'g_strerror'
21:36:39.916 [org.seqra.dataflow.ap.ifds.TaintAnalysisUnitRunnerManager-worker-1 @coroutine#2] WARN  o.s.i.i.CIRClasspathImplKt$logger$1 -- No definition for symbol 'g_strerror', using declaration CIRFunctionID(moduleID=MLIRModuleID(id=/tmp/big-projects-work/buggy/wireshark-1.2-buggy/epan/radius_dict.c), id=g_strerror)
21:36:39.921 [org.seqra.dataflow.ap.ifds.TaintAnalysisUnitRunnerManager-worker-1 @coroutine#2] WARN  o.s.i.i.CIRClasspathImplKt$logger$1 -- Find function by symbol name 'strtol'
21:36:39.922 [org.seqra.dataflow.ap.ifds.TaintAnalysisUnitRunnerManager-worker-1 @coroutine#2] WARN  o.s.i.i.CIRClasspathImplKt$logger$1 -- No definition for symbol 'strtol', using declaration CIRFunctionID(moduleID=MLIRModuleID(id=/tmp/big-projects-work/buggy/wireshark-1.2-buggy/epan/radius_dict.c), id=strtol)
21:36:39.923 [org.seqra.dataflow.ap.ifds.TaintAnalysisUnitRunnerManager-worker-1 @coroutine#2] WARN  o.s.i.i.CIRClasspathImplKt$logger$1 -- Find function by symbol name 'add_value'
21:36:40.169 [org.seqra.dataflow.ap.ifds.TaintAnalysisUnitRunnerManager-worker-1 @coroutine#2] WARN  o.s.i.i.CIRClasspathImplKt$logger$1 -- Find function by symbol name 'g_strdup_inline'
21:36:40.186 [org.seqra.dataflow.ap.ifds.TaintAnalysisUnitRunnerManager-worker-1 @coroutine#2] WARN  o.s.i.i.CIRClasspathImplKt$logger$1 -- Ambiguous function resolution for symbol 'g_strdup_inline': [CIRFunctionID(moduleID=MLIRModuleID(id=/tmp/big-projects-work/buggy/wireshark-1.2-buggy/epan/dissectors/packet-radius.c), id=g_strdup_inline), CIRFunctionID(moduleID=MLIRModuleID(id=/tmp/big-projects-work/buggy/wireshark-1.2-buggy/epan/radius_dict.c), id=g_strdup_inline)]
21:36:40.186 [org.seqra.dataflow.ap.ifds.TaintAnalysisUnitRunnerManager-worker-1 @coroutine#2] WARN  o.s.i.i.CIRClasspathImplKt$logger$1 -- Find function by symbol name 'g_strdup_inline'
21:36:40.187 [org.seqra.dataflow.ap.ifds.TaintAnalysisUnitRunnerManager-worker-1 @coroutine#2] WARN  o.s.i.i.CIRClasspathImplKt$logger$1 -- Ambiguous function resolution for symbol 'g_strdup_inline': [CIRFunctionID(moduleID=MLIRModuleID(id=/tmp/big-projects-work/buggy/wireshark-1.2-buggy/epan/dissectors/packet-radius.c), id=g_strdup_inline), CIRFunctionID(moduleID=MLIRModuleID(id=/tmp/big-projects-work/buggy/wireshark-1.2-buggy/epan/radius_dict.c), id=g_strdup_inline)]
21:36:40.187 [org.seqra.dataflow.ap.ifds.TaintAnalysisUnitRunnerManager-worker-1 @coroutine#2] WARN  o.s.i.i.CIRClasspathImplKt$logger$1 -- Find function by symbol name 'add_attribute'
21:36:40.216 [org.seqra.dataflow.ap.ifds.TaintAnalysisUnitRunnerManager-worker-1 @coroutine#2] WARN  o.s.i.i.CIRClasspathImplKt$logger$1 -- Find function by symbol name 'g_strdup_inline'
21:36:40.217 [org.seqra.dataflow.ap.ifds.TaintAnalysisUnitRunnerManager-worker-1 @coroutine#2] WARN  o.s.i.i.CIRClasspathImplKt$logger$1 -- Ambiguous function resolution for symbol 'g_strdup_inline': [CIRFunctionID(moduleID=MLIRModuleID(id=/tmp/big-projects-work/buggy/wireshark-1.2-buggy/epan/dissectors/packet-radius.c), id=g_strdup_inline), CIRFunctionID(moduleID=MLIRModuleID(id=/tmp/big-projects-work/buggy/wireshark-1.2-buggy/epan/radius_dict.c), id=g_strdup_inline)]
21:36:40.219 [org.seqra.dataflow.ap.ifds.TaintAnalysisUnitRunnerManager-worker-1 @coroutine#2] WARN  o.s.i.i.CIRClasspathImplKt$logger$1 -- Find function by symbol name 'strtoul'
21:36:40.219 [org.seqra.dataflow.ap.ifds.TaintAnalysisUnitRunnerManager-worker-1 @coroutine#2] WARN  o.s.i.i.CIRClasspathImplKt$logger$1 -- No definition for symbol 'strtoul', using declaration CIRFunctionID(moduleID=MLIRModuleID(id=/tmp/big-projects-work/buggy/wireshark-1.2-buggy/epan/radius_dict.c), id=strtoul)
21:36:40.231 [org.seqra.dataflow.ap.ifds.TaintAnalysisUnitRunnerManager-worker-1 @coroutine#2] WARN  o.s.i.i.CIRClasspathImplKt$logger$1 -- Find function by symbol name 'g_strdup_inline'
21:36:40.232 [org.seqra.dataflow.ap.ifds.TaintAnalysisUnitRunnerManager-worker-1 @coroutine#2] WARN  o.s.i.i.CIRClasspathImplKt$logger$1 -- Ambiguous function resolution for symbol 'g_strdup_inline': [CIRFunctionID(moduleID=MLIRModuleID(id=/tmp/big-projects-work/buggy/wireshark-1.2-buggy/epan/dissectors/packet-radius.c), id=g_strdup_inline), CIRFunctionID(moduleID=MLIRModuleID(id=/tmp/big-projects-work/buggy/wireshark-1.2-buggy/epan/radius_dict.c), id=g_strdup_inline)]
21:36:40.232 [org.seqra.dataflow.ap.ifds.TaintAnalysisUnitRunnerManager-worker-1 @coroutine#2] WARN  o.s.i.i.CIRClasspathImplKt$logger$1 -- Find function by symbol name 'g_strdup_inline'
21:36:40.233 [org.seqra.dataflow.ap.ifds.TaintAnalysisUnitRunnerManager-worker-1 @coroutine#2] WARN  o.s.i.i.CIRClasspathImplKt$logger$1 -- Ambiguous function resolution for symbol 'g_strdup_inline': [CIRFunctionID(moduleID=MLIRModuleID(id=/tmp/big-projects-work/buggy/wireshark-1.2-buggy/epan/dissectors/packet-radius.c), id=g_strdup_inline), CIRFunctionID(moduleID=MLIRModuleID(id=/tmp/big-projects-work/buggy/wireshark-1.2-buggy/epan/radius_dict.c), id=g_strdup_inline)]
21:36:40.233 [org.seqra.dataflow.ap.ifds.TaintAnalysisUnitRunnerManager-worker-1 @coroutine#2] WARN  o.s.i.i.CIRClasspathImplKt$logger$1 -- Find function by symbol name 'add_vendor'
21:36:40.240 [org.seqra.dataflow.ap.ifds.TaintAnalysisUnitRunnerManager-worker-1 @coroutine#2] WARN  o.s.i.i.CIRClasspathImplKt$logger$1 -- Find function by symbol name 'g_strdup_inline'
21:36:40.241 [org.seqra.dataflow.ap.ifds.TaintAnalysisUnitRunnerManager-worker-1 @coroutine#2] WARN  o.s.i.i.CIRClasspathImplKt$logger$1 -- Ambiguous function resolution for symbol 'g_strdup_inline': [CIRFunctionID(moduleID=MLIRModuleID(id=/tmp/big-projects-work/buggy/wireshark-1.2-buggy/epan/dissectors/packet-radius.c), id=g_strdup_inline), CIRFunctionID(moduleID=MLIRModuleID(id=/tmp/big-projects-work/buggy/wireshark-1.2-buggy/epan/radius_dict.c), id=g_strdup_inline)]
21:36:40.242 [org.seqra.dataflow.ap.ifds.TaintAnalysisUnitRunnerManager-worker-1 @coroutine#2] WARN  o.s.i.i.CIRClasspathImplKt$logger$1 -- Find function by symbol name 'g_strdup_inline'
21:36:40.243 [org.seqra.dataflow.ap.ifds.TaintAnalysisUnitRunnerManager-worker-1 @coroutine#2] WARN  o.s.i.i.CIRClasspathImplKt$logger$1 -- Ambiguous function resolution for symbol 'g_strdup_inline': [CIRFunctionID(moduleID=MLIRModuleID(id=/tmp/big-projects-work/buggy/wireshark-1.2-buggy/epan/dissectors/packet-radius.c), id=g_strdup_inline), CIRFunctionID(moduleID=MLIRModuleID(id=/tmp/big-projects-work/buggy/wireshark-1.2-buggy/epan/radius_dict.c), id=g_strdup_inline)]
21:36:40.245 [org.seqra.dataflow.ap.ifds.TaintAnalysisUnitRunnerManager-worker-1 @coroutine#2] WARN  o.s.i.i.CIRClasspathImplKt$logger$1 -- Find function by symbol name 'g_strdup_inline'
21:36:40.246 [org.seqra.dataflow.ap.ifds.TaintAnalysisUnitRunnerManager-worker-1 @coroutine#2] WARN  o.s.i.i.CIRClasspathImplKt$logger$1 -- Ambiguous function resolution for symbol 'g_strdup_inline': [CIRFunctionID(moduleID=MLIRModuleID(id=/tmp/big-projects-work/buggy/wireshark-1.2-buggy/epan/dissectors/packet-radius.c), id=g_strdup_inline), CIRFunctionID(moduleID=MLIRModuleID(id=/tmp/big-projects-work/buggy/wireshark-1.2-buggy/epan/radius_dict.c), id=g_strdup_inline)]
21:36:47.449 [org.seqra.dataflow.ap.ifds.TaintAnalysisUnitRunnerManager-progress @coroutine#3] INFO  o.s.d.a.i.TaintAnalysisUnitRunnerManager -- Progress: 3/116
21:36:47.460 [org.seqra.dataflow.ap.ifds.TaintAnalysisUnitRunnerManager-progress @coroutine#3] INFO  o.s.d.a.i.TaintAnalysisUnitRunnerManager -- Memory usage: 12621440496/12884901888 (97.96%)
21:36:57.463 [org.seqra.dataflow.ap.ifds.TaintAnalysisUnitRunnerManager-progress @coroutine#3] INFO  o.s.d.a.i.TaintAnalysisUnitRunnerManager -- Progress: 3/134
21:36:57.464 [org.seqra.dataflow.ap.ifds.TaintAnalysisUnitRunnerManager-progress @coroutine#3] INFO  o.s.d.a.i.TaintAnalysisUnitRunnerManager -- Memory usage: 12571500000/12884901888 (97.57%)
21:36:58.565 [org.seqra.dataflow.ap.ifds.TaintAnalysisUnitRunnerManager-worker-1 @coroutine#2] WARN  o.s.i.i.CIRClasspathImplKt$logger$1 -- Find function by symbol name 'Radius_load_buffer_state'
21:36:58.569 [org.seqra.dataflow.ap.ifds.TaintAnalysisUnitRunnerManager-worker-1 @coroutine#2] WARN  o.s.i.i.CIRClasspathImplKt$logger$1 -- Find function by symbol name 'Radiusensure_buffer_stack'
21:36:58.703 [org.seqra.dataflow.ap.ifds.TaintAnalysisUnitRunnerManager-worker-1 @coroutine#2] WARN  o.s.i.i.CIRClasspathImplKt$logger$1 -- Find function by symbol name 'Radiusfree'
21:36:58.927 [org.seqra.dataflow.ap.ifds.TaintAnalysisUnitRunnerManager-worker-1 @coroutine#2] WARN  o.s.i.i.CIRClasspathImplKt$logger$1 -- Find function by symbol name 'Radiusrealloc'
21:36:58.929 [org.seqra.dataflow.ap.ifds.TaintAnalysisUnitRunnerManager-worker-1 @coroutine#2] WARN  o.s.i.i.CIRClasspathImplKt$logger$1 -- Find function by symbol name 'Radiusalloc'
21:36:58.933 [org.seqra.dataflow.ap.ifds.TaintAnalysisUnitRunnerManager-worker-1 @coroutine#2] WARN  o.s.i.i.CIRClasspathImplKt$logger$1 -- Find function by symbol name 'g_hash_table_lookup'
21:36:58.934 [org.seqra.dataflow.ap.ifds.TaintAnalysisUnitRunnerManager-worker-1 @coroutine#2] WARN  o.s.i.i.CIRClasspathImplKt$logger$1 -- Ambiguous function resolution for symbol 'g_hash_table_lookup': [CIRFunctionID(moduleID=MLIRModuleID(id=/tmp/big-projects-work/buggy/wireshark-1.2-buggy/epan/dissectors/packet-radius.c), id=g_hash_table_lookup), CIRFunctionID(moduleID=MLIRModuleID(id=/tmp/big-projects-work/buggy/wireshark-1.2-buggy/epan/radius_dict.c), id=g_hash_table_lookup)]
21:36:58.934 [org.seqra.dataflow.ap.ifds.TaintAnalysisUnitRunnerManager-worker-1 @coroutine#2] WARN  o.s.i.i.CIRClasspathImplKt$logger$1 -- Find function by symbol name 'g_strdup_inline'
21:36:58.935 [org.seqra.dataflow.ap.ifds.TaintAnalysisUnitRunnerManager-worker-1 @coroutine#2] WARN  o.s.i.i.CIRClasspathImplKt$logger$1 -- Ambiguous function resolution for symbol 'g_strdup_inline': [CIRFunctionID(moduleID=MLIRModuleID(id=/tmp/big-projects-work/buggy/wireshark-1.2-buggy/epan/dissectors/packet-radius.c), id=g_strdup_inline), CIRFunctionID(moduleID=MLIRModuleID(id=/tmp/big-projects-work/buggy/wireshark-1.2-buggy/epan/radius_dict.c), id=g_strdup_inline)]
21:36:58.935 [org.seqra.dataflow.ap.ifds.TaintAnalysisUnitRunnerManager-worker-1 @coroutine#2] WARN  o.s.i.i.CIRClasspathImplKt$logger$1 -- Find function by symbol name 'g_array_append_vals'
21:36:58.936 [org.seqra.dataflow.ap.ifds.TaintAnalysisUnitRunnerManager-worker-1 @coroutine#2] WARN  o.s.i.i.CIRClasspathImplKt$logger$1 -- Ambiguous function resolution for symbol 'g_array_append_vals': [CIRFunctionID(moduleID=MLIRModuleID(id=/tmp/big-projects-work/buggy/wireshark-1.2-buggy/epan/dissectors/packet-radius.c), id=g_array_append_vals), CIRFunctionID(moduleID=MLIRModuleID(id=/tmp/big-projects-work/buggy/wireshark-1.2-buggy/epan/radius_dict.c), id=g_array_append_vals)]
21:36:58.937 [org.seqra.dataflow.ap.ifds.TaintAnalysisUnitRunnerManager-worker-1 @coroutine#2] WARN  o.s.i.i.CIRClasspathImplKt$logger$1 -- Find function by symbol name 'g_array_new'
21:36:58.937 [org.seqra.dataflow.ap.ifds.TaintAnalysisUnitRunnerManager-worker-1 @coroutine#2] WARN  o.s.i.i.CIRClasspathImplKt$logger$1 -- Ambiguous function resolution for symbol 'g_array_new': [CIRFunctionID(moduleID=MLIRModuleID(id=/tmp/big-projects-work/buggy/wireshark-1.2-buggy/epan/dissectors/packet-radius.c), id=g_array_new), CIRFunctionID(moduleID=MLIRModuleID(id=/tmp/big-projects-work/buggy/wireshark-1.2-buggy/epan/radius_dict.c), id=g_array_new)]
21:36:58.938 [org.seqra.dataflow.ap.ifds.TaintAnalysisUnitRunnerManager-worker-1 @coroutine#2] WARN  o.s.i.i.CIRClasspathImplKt$logger$1 -- Find function by symbol name 'g_strdup_inline'
21:36:58.939 [org.seqra.dataflow.ap.ifds.TaintAnalysisUnitRunnerManager-worker-1 @coroutine#2] WARN  o.s.i.i.CIRClasspathImplKt$logger$1 -- Ambiguous function resolution for symbol 'g_strdup_inline': [CIRFunctionID(moduleID=MLIRModuleID(id=/tmp/big-projects-work/buggy/wireshark-1.2-buggy/epan/dissectors/packet-radius.c), id=g_strdup_inline), CIRFunctionID(moduleID=MLIRModuleID(id=/tmp/big-projects-work/buggy/wireshark-1.2-buggy/epan/radius_dict.c), id=g_strdup_inline)]
21:36:58.939 [org.seqra.dataflow.ap.ifds.TaintAnalysisUnitRunnerManager-worker-1 @coroutine#2] WARN  o.s.i.i.CIRClasspathImplKt$logger$1 -- Find function by symbol name 'g_hash_table_insert'
21:36:58.940 [org.seqra.dataflow.ap.ifds.TaintAnalysisUnitRunnerManager-worker-1 @coroutine#2] WARN  o.s.i.i.CIRClasspathImplKt$logger$1 -- Ambiguous function resolution for symbol 'g_hash_table_insert': [CIRFunctionID(moduleID=MLIRModuleID(id=/tmp/big-projects-work/buggy/wireshark-1.2-buggy/epan/dissectors/packet-radius.c), id=g_hash_table_insert), CIRFunctionID(moduleID=MLIRModuleID(id=/tmp/big-projects-work/buggy/wireshark-1.2-buggy/epan/radius_dict.c), id=g_hash_table_insert)]
21:36:58.940 [org.seqra.dataflow.ap.ifds.TaintAnalysisUnitRunnerManager-worker-1 @coroutine#2] WARN  o.s.i.i.CIRClasspathImplKt$logger$1 -- Find function by symbol name 'malloc'
21:36:58.941 [org.seqra.dataflow.ap.ifds.TaintAnalysisUnitRunnerManager-worker-1 @coroutine#2] WARN  o.s.i.i.CIRClasspathImplKt$logger$1 -- No definition for symbol 'malloc', using declaration CIRFunctionID(moduleID=MLIRModuleID(id=/tmp/big-projects-work/buggy/wireshark-1.2-buggy/epan/radius_dict.c), id=malloc)
21:36:58.942 [org.seqra.dataflow.ap.ifds.TaintAnalysisUnitRunnerManager-worker-1 @coroutine#2] WARN  o.s.i.i.CIRClasspathImplKt$logger$1 -- Find function by symbol name 'g_strdup_inline'
21:36:58.943 [org.seqra.dataflow.ap.ifds.TaintAnalysisUnitRunnerManager-worker-1 @coroutine#2] WARN  o.s.i.i.CIRClasspathImplKt$logger$1 -- Ambiguous function resolution for symbol 'g_strdup_inline': [CIRFunctionID(moduleID=MLIRModuleID(id=/tmp/big-projects-work/buggy/wireshark-1.2-buggy/epan/dissectors/packet-radius.c), id=g_strdup_inline), CIRFunctionID(moduleID=MLIRModuleID(id=/tmp/big-projects-work/buggy/wireshark-1.2-buggy/epan/radius_dict.c), id=g_strdup_inline)]
21:36:58.985 [org.seqra.dataflow.ap.ifds.TaintAnalysisUnitRunnerManager-worker-1 @coroutine#2] WARN  o.s.i.i.CIRClasspathImplKt$logger$1 -- Find function by symbol name 'g_malloc'
21:36:58.986 [org.seqra.dataflow.ap.ifds.TaintAnalysisUnitRunnerManager-worker-1 @coroutine#2] WARN  o.s.i.i.CIRClasspathImplKt$logger$1 -- Ambiguous function resolution for symbol 'g_malloc': [CIRFunctionID(moduleID=MLIRModuleID(id=/tmp/big-projects-work/buggy/wireshark-1.2-buggy/epan/dissectors/packet-radius.c), id=g_malloc), CIRFunctionID(moduleID=MLIRModuleID(id=/tmp/big-projects-work/buggy/wireshark-1.2-buggy/epan/radius_dict.c), id=g_malloc)]
21:36:58.987 [org.seqra.dataflow.ap.ifds.TaintAnalysisUnitRunnerManager-worker-1 @coroutine#2] WARN  o.s.i.i.CIRClasspathImplKt$logger$1 -- Find function by symbol name 'add_tlv'
21:36:59.639 [org.seqra.dataflow.ap.ifds.TaintAnalysisUnitRunnerManager-worker-1 @coroutine#2] WARN  o.s.i.i.CIRClasspathImplKt$logger$1 -- Find function by symbol name 'fprintf'
21:36:59.640 [org.seqra.dataflow.ap.ifds.TaintAnalysisUnitRunnerManager-worker-1 @coroutine#2] WARN  o.s.i.i.CIRClasspathImplKt$logger$1 -- No definition for symbol 'fprintf', using declaration CIRFunctionID(moduleID=MLIRModuleID(id=/tmp/big-projects-work/buggy/wireshark-1.2-buggy/epan/radius_dict.c), id=fprintf)
21:36:59.641 [org.seqra.dataflow.ap.ifds.TaintAnalysisUnitRunnerManager-worker-1 @coroutine#2] WARN  o.s.i.i.CIRClasspathImplKt$logger$1 -- Find function by symbol name 'exit'
21:36:59.641 [org.seqra.dataflow.ap.ifds.TaintAnalysisUnitRunnerManager-worker-1 @coroutine#2] WARN  o.s.i.i.CIRClasspathImplKt$logger$1 -- Ambiguous function resolution for symbol 'exit': [CIRFunctionID(moduleID=MLIRModuleID(id=/tmp/big-projects-work/buggy/wireshark-1.2-buggy/epan/dissectors/packet-radius.c), id=exit), CIRFunctionID(moduleID=MLIRModuleID(id=/tmp/big-projects-work/buggy/wireshark-1.2-buggy/epan/radius_dict.c), id=exit)]
21:36:59.648 [org.seqra.dataflow.ap.ifds.TaintAnalysisUnitRunnerManager-worker-1 @coroutine#2] WARN  o.s.i.i.CIRClasspathImplKt$logger$1 -- Find function by symbol name 'g_strdup_inline'
21:36:59.649 [org.seqra.dataflow.ap.ifds.TaintAnalysisUnitRunnerManager-worker-1 @coroutine#2] WARN  o.s.i.i.CIRClasspathImplKt$logger$1 -- Ambiguous function resolution for symbol 'g_strdup_inline': [CIRFunctionID(moduleID=MLIRModuleID(id=/tmp/big-projects-work/buggy/wireshark-1.2-buggy/epan/dissectors/packet-radius.c), id=g_strdup_inline), CIRFunctionID(moduleID=MLIRModuleID(id=/tmp/big-projects-work/buggy/wireshark-1.2-buggy/epan/radius_dict.c), id=g_strdup_inline)]
21:36:59.681 [org.seqra.dataflow.ap.ifds.TaintAnalysisUnitRunnerManager-worker-1 @coroutine#2] WARN  o.s.i.i.CIRClasspathImplKt$logger$1 -- Find function by symbol name 'fread'
21:36:59.681 [org.seqra.dataflow.ap.ifds.TaintAnalysisUnitRunnerManager-worker-1 @coroutine#2] WARN  o.s.i.i.CIRClasspathImplKt$logger$1 -- No definition for symbol 'fread', using declaration CIRFunctionID(moduleID=MLIRModuleID(id=/tmp/big-projects-work/buggy/wireshark-1.2-buggy/epan/radius_dict.c), id=fread)
21:36:59.683 [org.seqra.dataflow.ap.ifds.TaintAnalysisUnitRunnerManager-worker-1 @coroutine#2] WARN  o.s.i.i.CIRClasspathImplKt$logger$1 -- Find function by symbol name 'clearerr'
21:36:59.683 [org.seqra.dataflow.ap.ifds.TaintAnalysisUnitRunnerManager-worker-1 @coroutine#2] WARN  o.s.i.i.CIRClasspathImplKt$logger$1 -- No definition for symbol 'clearerr', using declaration CIRFunctionID(moduleID=MLIRModuleID(id=/tmp/big-projects-work/buggy/wireshark-1.2-buggy/epan/radius_dict.c), id=clearerr)
21:36:59.683 [org.seqra.dataflow.ap.ifds.TaintAnalysisUnitRunnerManager-worker-1 @coroutine#2] WARN  o.s.i.i.CIRClasspathImplKt$logger$1 -- Find function by symbol name 'ferror'
21:36:59.684 [org.seqra.dataflow.ap.ifds.TaintAnalysisUnitRunnerManager-worker-1 @coroutine#2] WARN  o.s.i.i.CIRClasspathImplKt$logger$1 -- No definition for symbol 'ferror', using declaration CIRFunctionID(moduleID=MLIRModuleID(id=/tmp/big-projects-work/buggy/wireshark-1.2-buggy/epan/radius_dict.c), id=ferror)
21:36:59.685 [org.seqra.dataflow.ap.ifds.TaintAnalysisUnitRunnerManager-worker-1 @coroutine#2] WARN  o.s.i.i.CIRClasspathImplKt$logger$1 -- Find function by symbol name 'getc'
21:36:59.685 [org.seqra.dataflow.ap.ifds.TaintAnalysisUnitRunnerManager-worker-1 @coroutine#2] WARN  o.s.i.i.CIRClasspathImplKt$logger$1 -- No definition for symbol 'getc', using declaration CIRFunctionID(moduleID=MLIRModuleID(id=/tmp/big-projects-work/buggy/wireshark-1.2-buggy/epan/radius_dict.c), id=getc)
21:36:59.688 [org.seqra.dataflow.ap.ifds.TaintAnalysisUnitRunnerManager-worker-1 @coroutine#2] WARN  o.s.i.i.CIRClasspathImplKt$logger$1 -- Find function by symbol name 'free'
21:36:59.689 [org.seqra.dataflow.ap.ifds.TaintAnalysisUnitRunnerManager-worker-1 @coroutine#2] WARN  o.s.i.i.CIRClasspathImplKt$logger$1 -- No definition for symbol 'free', using declaration CIRFunctionID(moduleID=MLIRModuleID(id=/tmp/big-projects-work/buggy/wireshark-1.2-buggy/epan/radius_dict.c), id=free)
21:36:59.698 [org.seqra.dataflow.ap.ifds.TaintAnalysisUnitRunnerManager-worker-1 @coroutine#2] WARN  o.s.i.i.CIRClasspathImplKt$logger$1 -- Find function by symbol name 'Radius_init_buffer'
21:36:59.702 [org.seqra.dataflow.ap.ifds.TaintAnalysisUnitRunnerManager-worker-1 @coroutine#2] WARN  o.s.i.i.CIRClasspathImplKt$logger$1 -- Find function by symbol name 'Radius_flush_buffer'
21:36:59.706 [org.seqra.dataflow.ap.ifds.TaintAnalysisUnitRunnerManager-worker-1 @coroutine#2] WARN  o.s.i.i.CIRClasspathImplKt$logger$1 -- Find function by symbol name 'g_hash_table_destroy'
21:36:59.708 [org.seqra.dataflow.ap.ifds.TaintAnalysisUnitRunnerManager-worker-1 @coroutine#2] WARN  o.s.i.i.CIRClasspathImplKt$logger$1 -- Ambiguous function resolution for symbol 'g_hash_table_destroy': [CIRFunctionID(moduleID=MLIRModuleID(id=/tmp/big-projects-work/buggy/wireshark-1.2-buggy/epan/dissectors/packet-radius.c), id=g_hash_table_destroy), CIRFunctionID(moduleID=MLIRModuleID(id=/tmp/big-projects-work/buggy/wireshark-1.2-buggy/epan/radius_dict.c), id=g_hash_table_destroy)]
21:36:59.721 [org.seqra.dataflow.ap.ifds.TaintAnalysisUnitRunnerManager-worker-1 @coroutine#2] WARN  o.s.i.i.CIRClasspathImplKt$logger$1 -- Find function by symbol name 'realloc'
21:36:59.722 [org.seqra.dataflow.ap.ifds.TaintAnalysisUnitRunnerManager-worker-1 @coroutine#2] WARN  o.s.i.i.CIRClasspathImplKt$logger$1 -- No definition for symbol 'realloc', using declaration CIRFunctionID(moduleID=MLIRModuleID(id=/tmp/big-projects-work/buggy/wireshark-1.2-buggy/epan/radius_dict.c), id=realloc)
21:36:59.724 [org.seqra.dataflow.ap.ifds.TaintAnalysisUnitRunnerManager-worker-1 @coroutine#2] WARN  o.s.i.i.CIRClasspathImplKt$logger$1 -- Find function by symbol name 'g_strdup_inline'
21:36:59.725 [org.seqra.dataflow.ap.ifds.TaintAnalysisUnitRunnerManager-worker-1 @coroutine#2] WARN  o.s.i.i.CIRClasspathImplKt$logger$1 -- Ambiguous function resolution for symbol 'g_strdup_inline': [CIRFunctionID(moduleID=MLIRModuleID(id=/tmp/big-projects-work/buggy/wireshark-1.2-buggy/epan/dissectors/packet-radius.c), id=g_strdup_inline), CIRFunctionID(moduleID=MLIRModuleID(id=/tmp/big-projects-work/buggy/wireshark-1.2-buggy/epan/radius_dict.c), id=g_strdup_inline)]
21:36:59.965 [Test worker @coroutine#4] INFO  o.s.d.a.i.TaintAnalysisUnitRunnerManager -- Progress: 656/0
21:36:59.965 [Test worker @coroutine#4] INFO  o.s.d.a.i.TaintAnalysisUnitRunnerManager -- Memory usage: 12467217680/12884901888 (96.76%)
21:36:59.971 [Test worker @coroutine#4] INFO  o.s.d.a.i.TaintAnalysisUnitRunnerManager -- Analysis done in 22.847308218s
21:36:59.972 [Test worker] INFO  o.s.c.s.d.CIRTaintAnalyzer$Loader$logger$1 -- Total vulnerabilities: 114
21:36:59.973 [Test worker] INFO  o.s.c.s.d.CIRTaintAnalyzer$Loader$logger$1 -- Start trace generation
21:37:00.479 [Test worker] INFO  o.s.d.a.i.TaintAnalysisUnitRunnerManager -- Resolved 114/114 traces
21:37:00.479 [Test worker] INFO  o.s.c.s.d.CIRTaintAnalyzer$Loader$logger$1 -- Finish trace generation
21:37:02.181 [Test worker] INFO  j.exodus.env.EnvironmentImpl -- Exodus environment created: /tmp/xodusKeyValueStorage12539734008395484869
21:37:03.335 [Test worker] WARN  o.s.i.i.CIRClasspathImplKt$logger$1 -- Find function by symbol name 'destroy_dict'
21:37:03.336 [Test worker] INFO  o.s.d.a.i.TaintAnalysisUnitRunnerManager -- Starting analysis of 1 methods in 1 units
21:37:03.354 [org.seqra.dataflow.ap.ifds.TaintAnalysisUnitRunnerManager-worker-1 @coroutine#122] WARN  o.s.i.i.CIRClasspathImplKt$logger$1 -- Find function by symbol name 'g_hash_table_foreach_remove'
21:37:03.355 [org.seqra.dataflow.ap.ifds.TaintAnalysisUnitRunnerManager-worker-1 @coroutine#122] WARN  o.s.i.i.CIRClasspathImplKt$logger$1 -- Ambiguous function resolution for symbol 'g_hash_table_foreach_remove': [CIRFunctionID(moduleID=MLIRModuleID(id=/tmp/big-projects-work/buggy/wireshark-1.2-buggy/epan/dissectors/packet-radius.c), id=g_hash_table_foreach_remove), CIRFunctionID(moduleID=MLIRModuleID(id=/tmp/big-projects-work/buggy/wireshark-1.2-buggy/epan/radius_dict.c), id=g_hash_table_foreach_remove)]
21:37:03.361 [org.seqra.dataflow.ap.ifds.TaintAnalysisUnitRunnerManager-worker-1 @coroutine#122] WARN  o.s.i.i.CIRClasspathImplKt$logger$1 -- Find function by symbol name 'g_hash_table_destroy'
21:37:03.363 [org.seqra.dataflow.ap.ifds.TaintAnalysisUnitRunnerManager-worker-1 @coroutine#122] WARN  o.s.i.i.CIRClasspathImplKt$logger$1 -- Ambiguous function resolution for symbol 'g_hash_table_destroy': [CIRFunctionID(moduleID=MLIRModuleID(id=/tmp/big-projects-work/buggy/wireshark-1.2-buggy/epan/dissectors/packet-radius.c), id=g_hash_table_destroy), CIRFunctionID(moduleID=MLIRModuleID(id=/tmp/big-projects-work/buggy/wireshark-1.2-buggy/epan/radius_dict.c), id=g_hash_table_destroy)]
21:37:03.365 [org.seqra.dataflow.ap.ifds.TaintAnalysisUnitRunnerManager-worker-1 @coroutine#122] WARN  o.s.i.i.CIRClasspathImplKt$logger$1 -- Find function by symbol name 'g_free'
21:37:03.367 [org.seqra.dataflow.ap.ifds.TaintAnalysisUnitRunnerManager-worker-1 @coroutine#122] WARN  o.s.i.i.CIRClasspathImplKt$logger$1 -- Ambiguous function resolution for symbol 'g_free': [CIRFunctionID(moduleID=MLIRModuleID(id=/tmp/big-projects-work/buggy/wireshark-1.2-buggy/epan/dissectors/packet-radius.c), id=g_free), CIRFunctionID(moduleID=MLIRModuleID(id=/tmp/big-projects-work/buggy/wireshark-1.2-buggy/epan/radius_dict.c), id=g_free)]
21:37:03.388 [Test worker @coroutine#124] INFO  o.s.d.a.i.TaintAnalysisUnitRunnerManager -- Progress: 3/0
21:37:03.389 [Test worker @coroutine#124] INFO  o.s.d.a.i.TaintAnalysisUnitRunnerManager -- Memory usage: 12334344376/12884901888 (95.73%)
21:37:03.389 [Test worker @coroutine#124] INFO  o.s.d.a.i.TaintAnalysisUnitRunnerManager -- Analysis done in 52.516ms
21:37:03.389 [Test worker] INFO  o.s.c.s.d.CIRTaintAnalyzer$Loader$logger$1 -- Total vulnerabilities: 13
21:37:03.389 [Test worker] INFO  o.s.c.s.d.CIRTaintAnalyzer$Loader$logger$1 -- Start trace generation
21:37:03.394 [Test worker] INFO  o.s.d.a.i.TaintAnalysisUnitRunnerManager -- Resolved 13/13 traces
21:37:03.394 [Test worker] INFO  o.s.c.s.d.CIRTaintAnalyzer$Loader$logger$1 -- Finish trace generation
21:37:04.846 [Test worker] INFO  j.exodus.env.EnvironmentImpl -- Exodus environment created: /tmp/xodusKeyValueStorage3611172050607568677
21:37:06.099 [Test worker] WARN  o.s.i.i.CIRClasspathImplKt$logger$1 -- Find function by symbol name 'destroy_tlvs'
21:37:06.103 [Test worker] INFO  o.s.d.a.i.TaintAnalysisUnitRunnerManager -- Starting analysis of 1 methods in 1 units
21:37:06.118 [org.seqra.dataflow.ap.ifds.TaintAnalysisUnitRunnerManager-worker-1 @coroutine#141] WARN  o.s.i.i.CIRClasspathImplKt$logger$1 -- Find function by symbol name 'g_free'
21:37:06.119 [org.seqra.dataflow.ap.ifds.TaintAnalysisUnitRunnerManager-worker-1 @coroutine#141] WARN  o.s.i.i.CIRClasspathImplKt$logger$1 -- Ambiguous function resolution for symbol 'g_free': [CIRFunctionID(moduleID=MLIRModuleID(id=/tmp/big-projects-work/buggy/wireshark-1.2-buggy/epan/dissectors/packet-radius.c), id=g_free), CIRFunctionID(moduleID=MLIRModuleID(id=/tmp/big-projects-work/buggy/wireshark-1.2-buggy/epan/radius_dict.c), id=g_free)]
21:37:06.147 [Test worker @coroutine#143] INFO  o.s.d.a.i.TaintAnalysisUnitRunnerManager -- Progress: 3/0
21:37:06.147 [Test worker @coroutine#143] INFO  o.s.d.a.i.TaintAnalysisUnitRunnerManager -- Memory usage: 11991032416/12884901888 (93.06%)
21:37:06.147 [Test worker @coroutine#143] INFO  o.s.d.a.i.TaintAnalysisUnitRunnerManager -- Analysis done in 44.844750ms
21:37:06.148 [Test worker] INFO  o.s.c.s.d.CIRTaintAnalyzer$Loader$logger$1 -- Total vulnerabilities: 18
21:37:06.148 [Test worker] INFO  o.s.c.s.d.CIRTaintAnalyzer$Loader$logger$1 -- Start trace generation
21:37:06.153 [Test worker] INFO  o.s.d.a.i.TaintAnalysisUnitRunnerManager -- Resolved 18/18 traces
21:37:06.153 [Test worker] INFO  o.s.c.s.d.CIRTaintAnalyzer$Loader$logger$1 -- Finish trace generation
21:37:07.629 [Test worker] INFO  j.exodus.env.EnvironmentImpl -- Exodus environment created: /tmp/xodusKeyValueStorage4690025429087750227
21:37:08.688 [Test worker] WARN  o.s.i.i.CIRClasspathImplKt$logger$1 -- Find function by symbol name 'register_attrs'
21:37:08.713 [Test worker] INFO  o.s.d.a.i.TaintAnalysisUnitRunnerManager -- Starting analysis of 1 methods in 1 units
21:37:08.763 [org.seqra.dataflow.ap.ifds.TaintAnalysisUnitRunnerManager-worker-1 @coroutine#165] WARN  o.s.i.i.CIRClasspathImplKt$logger$1 -- Find function by symbol name 'g_strconcat'
21:37:08.763 [org.seqra.dataflow.ap.ifds.TaintAnalysisUnitRunnerManager-worker-1 @coroutine#165] WARN  o.s.i.i.CIRClasspathImplKt$logger$1 -- No definition for symbol 'g_strconcat', using declaration CIRFunctionID(moduleID=MLIRModuleID(id=/tmp/big-projects-work/buggy/wireshark-1.2-buggy/epan/dissectors/packet-radius.c), id=g_strconcat)
21:37:08.764 [org.seqra.dataflow.ap.ifds.TaintAnalysisUnitRunnerManager-worker-1 @coroutine#165] WARN  o.s.i.i.CIRClasspathImplKt$logger$1 -- Find function by symbol name 'g_array_append_vals'
21:37:08.766 [org.seqra.dataflow.ap.ifds.TaintAnalysisUnitRunnerManager-worker-1 @coroutine#165] WARN  o.s.i.i.CIRClasspathImplKt$logger$1 -- Ambiguous function resolution for symbol 'g_array_append_vals': [CIRFunctionID(moduleID=MLIRModuleID(id=/tmp/big-projects-work/buggy/wireshark-1.2-buggy/epan/dissectors/packet-radius.c), id=g_array_append_vals), CIRFunctionID(moduleID=MLIRModuleID(id=/tmp/big-projects-work/buggy/wireshark-1.2-buggy/epan/radius_dict.c), id=g_array_append_vals)]
21:37:08.767 [org.seqra.dataflow.ap.ifds.TaintAnalysisUnitRunnerManager-worker-1 @coroutine#165] WARN  o.s.i.i.CIRClasspathImplKt$logger$1 -- Find function by symbol name 'g_hash_table_foreach'
21:37:08.767 [org.seqra.dataflow.ap.ifds.TaintAnalysisUnitRunnerManager-worker-1 @coroutine#165] WARN  o.s.i.i.CIRClasspathImplKt$logger$1 -- Ambiguous function resolution for symbol 'g_hash_table_foreach': [CIRFunctionID(moduleID=MLIRModuleID(id=/tmp/big-projects-work/buggy/wireshark-1.2-buggy/epan/dissectors/packet-radius.c), id=g_hash_table_foreach), CIRFunctionID(moduleID=MLIRModuleID(id=/tmp/big-projects-work/buggy/wireshark-1.2-buggy/epan/radius_dict.c), id=g_hash_table_foreach)]
21:37:08.770 [org.seqra.dataflow.ap.ifds.TaintAnalysisUnitRunnerManager-worker-1 @coroutine#165] WARN  o.s.i.i.CIRClasspathImplKt$logger$1 -- Find function by symbol name 'g_strdup_inline'
21:37:08.774 [org.seqra.dataflow.ap.ifds.TaintAnalysisUnitRunnerManager-worker-1 @coroutine#165] WARN  o.s.i.i.CIRClasspathImplKt$logger$1 -- Ambiguous function resolution for symbol 'g_strdup_inline': [CIRFunctionID(moduleID=MLIRModuleID(id=/tmp/big-projects-work/buggy/wireshark-1.2-buggy/epan/dissectors/packet-radius.c), id=g_strdup_inline), CIRFunctionID(moduleID=MLIRModuleID(id=/tmp/big-projects-work/buggy/wireshark-1.2-buggy/epan/radius_dict.c), id=g_strdup_inline)]
21:37:08.775 [org.seqra.dataflow.ap.ifds.TaintAnalysisUnitRunnerManager-worker-1 @coroutine#165] WARN  o.s.i.i.CIRClasspathImplKt$logger$1 -- Find function by symbol name 'g_strdup_inline'
21:37:08.777 [org.seqra.dataflow.ap.ifds.TaintAnalysisUnitRunnerManager-worker-1 @coroutine#165] WARN  o.s.i.i.CIRClasspathImplKt$logger$1 -- Ambiguous function resolution for symbol 'g_strdup_inline': [CIRFunctionID(moduleID=MLIRModuleID(id=/tmp/big-projects-work/buggy/wireshark-1.2-buggy/epan/dissectors/packet-radius.c), id=g_strdup_inline), CIRFunctionID(moduleID=MLIRModuleID(id=/tmp/big-projects-work/buggy/wireshark-1.2-buggy/epan/radius_dict.c), id=g_strdup_inline)]
21:37:08.777 [org.seqra.dataflow.ap.ifds.TaintAnalysisUnitRunnerManager-worker-1 @coroutine#165] WARN  o.s.i.i.CIRClasspathImplKt$logger$1 -- Find function by symbol name 'g_strdup_inline'
21:37:08.779 [org.seqra.dataflow.ap.ifds.TaintAnalysisUnitRunnerManager-worker-1 @coroutine#165] WARN  o.s.i.i.CIRClasspathImplKt$logger$1 -- Ambiguous function resolution for symbol 'g_strdup_inline': [CIRFunctionID(moduleID=MLIRModuleID(id=/tmp/big-projects-work/buggy/wireshark-1.2-buggy/epan/dissectors/packet-radius.c), id=g_strdup_inline), CIRFunctionID(moduleID=MLIRModuleID(id=/tmp/big-projects-work/buggy/wireshark-1.2-buggy/epan/radius_dict.c), id=g_strdup_inline)]
21:37:08.779 [org.seqra.dataflow.ap.ifds.TaintAnalysisUnitRunnerManager-worker-1 @coroutine#165] WARN  o.s.i.i.CIRClasspathImplKt$logger$1 -- Find function by symbol name 'g_strdup_inline'
21:37:08.781 [org.seqra.dataflow.ap.ifds.TaintAnalysisUnitRunnerManager-worker-1 @coroutine#165] WARN  o.s.i.i.CIRClasspathImplKt$logger$1 -- Ambiguous function resolution for symbol 'g_strdup_inline': [CIRFunctionID(moduleID=MLIRModuleID(id=/tmp/big-projects-work/buggy/wireshark-1.2-buggy/epan/dissectors/packet-radius.c), id=g_strdup_inline), CIRFunctionID(moduleID=MLIRModuleID(id=/tmp/big-projects-work/buggy/wireshark-1.2-buggy/epan/radius_dict.c), id=g_strdup_inline)]
21:37:08.783 [Test worker @coroutine#167] INFO  o.s.d.a.i.TaintAnalysisUnitRunnerManager -- Progress: 3/0
21:37:08.783 [Test worker @coroutine#167] INFO  o.s.d.a.i.TaintAnalysisUnitRunnerManager -- Memory usage: 12526297512/12884901888 (97.22%)
21:37:08.784 [Test worker @coroutine#167] INFO  o.s.d.a.i.TaintAnalysisUnitRunnerManager -- Analysis done in 70.069083ms
21:37:08.784 [Test worker] INFO  o.s.c.s.d.CIRTaintAnalyzer$Loader$logger$1 -- Total vulnerabilities: 0
21:37:08.784 [Test worker] INFO  o.s.c.s.d.CIRTaintAnalyzer$Loader$logger$1 -- Start trace generation
21:37:08.784 [Test worker] INFO  o.s.c.s.d.CIRTaintAnalyzer$Loader$logger$1 -- Finish trace generation
21:37:10.253 [Test worker] INFO  j.exodus.env.EnvironmentImpl -- Exodus environment created: /tmp/xodusKeyValueStorage7796253168030123877
21:37:11.340 [Test worker] WARN  o.s.i.i.CIRClasspathImplKt$logger$1 -- Find function by symbol name 'register_radius_fields'
21:37:11.342 [Test worker] INFO  o.s.d.a.i.TaintAnalysisUnitRunnerManager -- Starting analysis of 1 methods in 1 units
21:37:11.385 [org.seqra.dataflow.ap.ifds.TaintAnalysisUnitRunnerManager-worker-1 @coroutine#169] WARN  o.s.i.i.CIRClasspathImplKt$logger$1 -- Find function by symbol name 'g_array_new'
21:37:11.386 [org.seqra.dataflow.ap.ifds.TaintAnalysisUnitRunnerManager-worker-1 @coroutine#169] WARN  o.s.i.i.CIRClasspathImplKt$logger$1 -- Ambiguous function resolution for symbol 'g_array_new': [CIRFunctionID(moduleID=MLIRModuleID(id=/tmp/big-projects-work/buggy/wireshark-1.2-buggy/epan/dissectors/packet-radius.c), id=g_array_new), CIRFunctionID(moduleID=MLIRModuleID(id=/tmp/big-projects-work/buggy/wireshark-1.2-buggy/epan/radius_dict.c), id=g_array_new)]
21:37:11.387 [org.seqra.dataflow.ap.ifds.TaintAnalysisUnitRunnerManager-worker-1 @coroutine#169] WARN  o.s.i.i.CIRClasspathImplKt$logger$1 -- Find function by symbol name 'g_array_append_vals'
21:37:11.388 [org.seqra.dataflow.ap.ifds.TaintAnalysisUnitRunnerManager-worker-1 @coroutine#169] WARN  o.s.i.i.CIRClasspathImplKt$logger$1 -- Ambiguous function resolution for symbol 'g_array_append_vals': [CIRFunctionID(moduleID=MLIRModuleID(id=/tmp/big-projects-work/buggy/wireshark-1.2-buggy/epan/dissectors/packet-radius.c), id=g_array_append_vals), CIRFunctionID(moduleID=MLIRModuleID(id=/tmp/big-projects-work/buggy/wireshark-1.2-buggy/epan/radius_dict.c), id=g_array_append_vals)]
21:37:11.388 [org.seqra.dataflow.ap.ifds.TaintAnalysisUnitRunnerManager-worker-1 @coroutine#169] WARN  o.s.i.i.CIRClasspathImplKt$logger$1 -- Find function by symbol name 'get_persconffile_path'
21:37:11.388 [org.seqra.dataflow.ap.ifds.TaintAnalysisUnitRunnerManager-worker-1 @coroutine#169] WARN  o.s.i.i.CIRClasspathImplKt$logger$1 -- No definition for symbol 'get_persconffile_path', using declaration CIRFunctionID(moduleID=MLIRModuleID(id=/tmp/big-projects-work/buggy/wireshark-1.2-buggy/epan/dissectors/packet-radius.c), id=get_persconffile_path)
21:37:11.389 [org.seqra.dataflow.ap.ifds.TaintAnalysisUnitRunnerManager-worker-1 @coroutine#169] WARN  o.s.i.i.CIRClasspathImplKt$logger$1 -- Find function by symbol name 'test_for_directory'
21:37:11.389 [org.seqra.dataflow.ap.ifds.TaintAnalysisUnitRunnerManager-worker-1 @coroutine#169] WARN  o.s.i.i.CIRClasspathImplKt$logger$1 -- No definition for symbol 'test_for_directory', using declaration CIRFunctionID(moduleID=MLIRModuleID(id=/tmp/big-projects-work/buggy/wireshark-1.2-buggy/epan/dissectors/packet-radius.c), id=test_for_directory)
21:37:11.390 [org.seqra.dataflow.ap.ifds.TaintAnalysisUnitRunnerManager-worker-1 @coroutine#169] WARN  o.s.i.i.CIRClasspathImplKt$logger$1 -- Find function by symbol name 'g_free'
21:37:11.391 [org.seqra.dataflow.ap.ifds.TaintAnalysisUnitRunnerManager-worker-1 @coroutine#169] WARN  o.s.i.i.CIRClasspathImplKt$logger$1 -- Ambiguous function resolution for symbol 'g_free': [CIRFunctionID(moduleID=MLIRModuleID(id=/tmp/big-projects-work/buggy/wireshark-1.2-buggy/epan/dissectors/packet-radius.c), id=g_free), CIRFunctionID(moduleID=MLIRModuleID(id=/tmp/big-projects-work/buggy/wireshark-1.2-buggy/epan/radius_dict.c), id=g_free)]
21:37:11.392 [org.seqra.dataflow.ap.ifds.TaintAnalysisUnitRunnerManager-worker-1 @coroutine#169] WARN  o.s.i.i.CIRClasspathImplKt$logger$1 -- Find function by symbol name 'proto_register_field_array'
21:37:11.392 [org.seqra.dataflow.ap.ifds.TaintAnalysisUnitRunnerManager-worker-1 @coroutine#169] WARN  o.s.i.i.CIRClasspathImplKt$logger$1 -- No definition for symbol 'proto_register_field_array', using declaration CIRFunctionID(moduleID=MLIRModuleID(id=/tmp/big-projects-work/buggy/wireshark-1.2-buggy/epan/dissectors/packet-radius.c), id=proto_register_field_array)
21:37:11.393 [org.seqra.dataflow.ap.ifds.TaintAnalysisUnitRunnerManager-worker-1 @coroutine#169] WARN  o.s.i.i.CIRClasspathImplKt$logger$1 -- Find function by symbol name 'proto_register_subtree_array'
21:37:11.394 [org.seqra.dataflow.ap.ifds.TaintAnalysisUnitRunnerManager-worker-1 @coroutine#169] WARN  o.s.i.i.CIRClasspathImplKt$logger$1 -- No definition for symbol 'proto_register_subtree_array', using declaration CIRFunctionID(moduleID=MLIRModuleID(id=/tmp/big-projects-work/buggy/wireshark-1.2-buggy/epan/dissectors/packet-radius.c), id=proto_register_subtree_array)
21:37:11.394 [org.seqra.dataflow.ap.ifds.TaintAnalysisUnitRunnerManager-worker-1 @coroutine#169] WARN  o.s.i.i.CIRClasspathImplKt$logger$1 -- Find function by symbol name 'g_array_free'
21:37:11.395 [org.seqra.dataflow.ap.ifds.TaintAnalysisUnitRunnerManager-worker-1 @coroutine#169] WARN  o.s.i.i.CIRClasspathImplKt$logger$1 -- Ambiguous function resolution for symbol 'g_array_free': [CIRFunctionID(moduleID=MLIRModuleID(id=/tmp/big-projects-work/buggy/wireshark-1.2-buggy/epan/dissectors/packet-radius.c), id=g_array_free), CIRFunctionID(moduleID=MLIRModuleID(id=/tmp/big-projects-work/buggy/wireshark-1.2-buggy/epan/radius_dict.c), id=g_array_free)]
21:37:11.397 [org.seqra.dataflow.ap.ifds.TaintAnalysisUnitRunnerManager-worker-1 @coroutine#169] WARN  o.s.i.i.CIRClasspathImplKt$logger$1 -- Find function by symbol name 'g_hash_table_new'
21:37:11.397 [org.seqra.dataflow.ap.ifds.TaintAnalysisUnitRunnerManager-worker-1 @coroutine#169] WARN  o.s.i.i.CIRClasspathImplKt$logger$1 -- Ambiguous function resolution for symbol 'g_hash_table_new': [CIRFunctionID(moduleID=MLIRModuleID(id=/tmp/big-projects-work/buggy/wireshark-1.2-buggy/epan/dissectors/packet-radius.c), id=g_hash_table_new), CIRFunctionID(moduleID=MLIRModuleID(id=/tmp/big-projects-work/buggy/wireshark-1.2-buggy/epan/radius_dict.c), id=g_hash_table_new)]
21:37:11.398 [org.seqra.dataflow.ap.ifds.TaintAnalysisUnitRunnerManager-worker-1 @coroutine#169] WARN  o.s.i.i.CIRClasspathImplKt$logger$1 -- Find function by symbol name 'radius_register_avp_dissector'
21:37:11.614 [org.seqra.dataflow.ap.ifds.TaintAnalysisUnitRunnerManager-worker-1 @coroutine#169] WARN  o.s.i.i.CIRClasspathImplKt$logger$1 -- Find function by symbol name 'radius_load_dictionary'
21:37:11.647 [org.seqra.dataflow.ap.ifds.TaintAnalysisUnitRunnerManager-worker-1 @coroutine#169] WARN  o.s.i.i.CIRClasspathImplKt$logger$1 -- Find function by symbol name 'g_hash_table_foreach'
21:37:11.648 [org.seqra.dataflow.ap.ifds.TaintAnalysisUnitRunnerManager-worker-1 @coroutine#169] WARN  o.s.i.i.CIRClasspathImplKt$logger$1 -- Ambiguous function resolution for symbol 'g_hash_table_foreach': [CIRFunctionID(moduleID=MLIRModuleID(id=/tmp/big-projects-work/buggy/wireshark-1.2-buggy/epan/dissectors/packet-radius.c), id=g_hash_table_foreach), CIRFunctionID(moduleID=MLIRModuleID(id=/tmp/big-projects-work/buggy/wireshark-1.2-buggy/epan/radius_dict.c), id=g_hash_table_foreach)]
21:37:11.649 [org.seqra.dataflow.ap.ifds.TaintAnalysisUnitRunnerManager-worker-1 @coroutine#169] WARN  o.s.i.i.CIRClasspathImplKt$logger$1 -- Find function by symbol name 'g_log'
21:37:11.649 [org.seqra.dataflow.ap.ifds.TaintAnalysisUnitRunnerManager-worker-1 @coroutine#169] WARN  o.s.i.i.CIRClasspathImplKt$logger$1 -- No definition for symbol 'g_log', using declaration CIRFunctionID(moduleID=MLIRModuleID(id=/tmp/big-projects-work/buggy/wireshark-1.2-buggy/epan/dissectors/packet-radius.c), id=g_log)
21:37:11.666 [org.seqra.dataflow.ap.ifds.TaintAnalysisUnitRunnerManager-worker-1 @coroutine#169] WARN  o.s.i.i.CIRClasspathImplKt$logger$1 -- Find function by symbol name 'get_datafile_path'
21:37:11.667 [org.seqra.dataflow.ap.ifds.TaintAnalysisUnitRunnerManager-worker-1 @coroutine#169] WARN  o.s.i.i.CIRClasspathImplKt$logger$1 -- No definition for symbol 'get_datafile_path', using declaration CIRFunctionID(moduleID=MLIRModuleID(id=/tmp/big-projects-work/buggy/wireshark-1.2-buggy/epan/dissectors/packet-radius.c), id=get_datafile_path)
21:37:11.677 [org.seqra.dataflow.ap.ifds.TaintAnalysisUnitRunnerManager-worker-1 @coroutine#169] WARN  o.s.i.i.CIRClasspathImplKt$logger$1 -- Find function by symbol name 'exit'
21:37:11.678 [org.seqra.dataflow.ap.ifds.TaintAnalysisUnitRunnerManager-worker-1 @coroutine#169] WARN  o.s.i.i.CIRClasspathImplKt$logger$1 -- Ambiguous function resolution for symbol 'exit': [CIRFunctionID(moduleID=MLIRModuleID(id=/tmp/big-projects-work/buggy/wireshark-1.2-buggy/epan/dissectors/packet-radius.c), id=exit), CIRFunctionID(moduleID=MLIRModuleID(id=/tmp/big-projects-work/buggy/wireshark-1.2-buggy/epan/radius_dict.c), id=exit)]
21:37:11.678 [org.seqra.dataflow.ap.ifds.TaintAnalysisUnitRunnerManager-worker-1 @coroutine#169] WARN  o.s.i.i.CIRClasspathImplKt$logger$1 -- Find function by symbol name 'g_hash_table_lookup'
21:37:11.679 [org.seqra.dataflow.ap.ifds.TaintAnalysisUnitRunnerManager-worker-1 @coroutine#169] WARN  o.s.i.i.CIRClasspathImplKt$logger$1 -- Ambiguous function resolution for symbol 'g_hash_table_lookup': [CIRFunctionID(moduleID=MLIRModuleID(id=/tmp/big-projects-work/buggy/wireshark-1.2-buggy/epan/dissectors/packet-radius.c), id=g_hash_table_lookup), CIRFunctionID(moduleID=MLIRModuleID(id=/tmp/big-projects-work/buggy/wireshark-1.2-buggy/epan/radius_dict.c), id=g_hash_table_lookup)]
21:37:11.680 [org.seqra.dataflow.ap.ifds.TaintAnalysisUnitRunnerManager-worker-1 @coroutine#169] WARN  o.s.i.i.CIRClasspathImplKt$logger$1 -- Find function by symbol name 'g_malloc'
21:37:11.681 [org.seqra.dataflow.ap.ifds.TaintAnalysisUnitRunnerManager-worker-1 @coroutine#169] WARN  o.s.i.i.CIRClasspathImplKt$logger$1 -- Ambiguous function resolution for symbol 'g_malloc': [CIRFunctionID(moduleID=MLIRModuleID(id=/tmp/big-projects-work/buggy/wireshark-1.2-buggy/epan/dissectors/packet-radius.c), id=g_malloc), CIRFunctionID(moduleID=MLIRModuleID(id=/tmp/big-projects-work/buggy/wireshark-1.2-buggy/epan/radius_dict.c), id=g_malloc)]
21:37:11.682 [org.seqra.dataflow.ap.ifds.TaintAnalysisUnitRunnerManager-worker-1 @coroutine#169] WARN  o.s.i.i.CIRClasspathImplKt$logger$1 -- Find function by symbol name 'g_strdup_printf'
21:37:11.683 [org.seqra.dataflow.ap.ifds.TaintAnalysisUnitRunnerManager-worker-1 @coroutine#169] WARN  o.s.i.i.CIRClasspathImplKt$logger$1 -- Ambiguous function resolution for symbol 'g_strdup_printf': [CIRFunctionID(moduleID=MLIRModuleID(id=/tmp/big-projects-work/buggy/wireshark-1.2-buggy/epan/dissectors/packet-radius.c), id=g_strdup_printf), CIRFunctionID(moduleID=MLIRModuleID(id=/tmp/big-projects-work/buggy/wireshark-1.2-buggy/epan/radius_dict.c), id=g_strdup_printf)]
21:37:11.684 [org.seqra.dataflow.ap.ifds.TaintAnalysisUnitRunnerManager-worker-1 @coroutine#169] WARN  o.s.i.i.CIRClasspathImplKt$logger$1 -- Find function by symbol name 'g_hash_table_insert'
21:37:11.684 [org.seqra.dataflow.ap.ifds.TaintAnalysisUnitRunnerManager-worker-1 @coroutine#169] WARN  o.s.i.i.CIRClasspathImplKt$logger$1 -- Ambiguous function resolution for symbol 'g_hash_table_insert': [CIRFunctionID(moduleID=MLIRModuleID(id=/tmp/big-projects-work/buggy/wireshark-1.2-buggy/epan/dissectors/packet-radius.c), id=g_hash_table_insert), CIRFunctionID(moduleID=MLIRModuleID(id=/tmp/big-projects-work/buggy/wireshark-1.2-buggy/epan/radius_dict.c), id=g_hash_table_insert)]
21:37:11.686 [org.seqra.dataflow.ap.ifds.TaintAnalysisUnitRunnerManager-worker-1 @coroutine#169] WARN  o.s.i.i.CIRClasspathImplKt$logger$1 -- Find function by symbol name 'val_to_str'
21:37:11.686 [org.seqra.dataflow.ap.ifds.TaintAnalysisUnitRunnerManager-worker-1 @coroutine#169] WARN  o.s.i.i.CIRClasspathImplKt$logger$1 -- No definition for symbol 'val_to_str', using declaration CIRFunctionID(moduleID=MLIRModuleID(id=/tmp/big-projects-work/buggy/wireshark-1.2-buggy/epan/dissectors/packet-radius.c), id=val_to_str)
21:37:11.688 [org.seqra.dataflow.ap.ifds.TaintAnalysisUnitRunnerManager-worker-1 @coroutine#169] WARN  o.s.i.i.CIRClasspathImplKt$logger$1 -- Find function by symbol name 'g_string_new'
21:37:11.688 [org.seqra.dataflow.ap.ifds.TaintAnalysisUnitRunnerManager-worker-1 @coroutine#169] WARN  o.s.i.i.CIRClasspathImplKt$logger$1 -- No definition for symbol 'g_string_new', using declaration CIRFunctionID(moduleID=MLIRModuleID(id=/tmp/big-projects-work/buggy/wireshark-1.2-buggy/epan/radius_dict.c), id=g_string_new)
21:37:11.689 [org.seqra.dataflow.ap.ifds.TaintAnalysisUnitRunnerManager-worker-1 @coroutine#169] WARN  o.s.i.i.CIRClasspathImplKt$logger$1 -- Find function by symbol name 'fopen'
21:37:11.689 [org.seqra.dataflow.ap.ifds.TaintAnalysisUnitRunnerManager-worker-1 @coroutine#169] WARN  o.s.i.i.CIRClasspathImplKt$logger$1 -- No definition for symbol 'fopen', using declaration CIRFunctionID(moduleID=MLIRModuleID(id=/tmp/big-projects-work/buggy/wireshark-1.2-buggy/epan/radius_dict.c), id=fopen)
21:37:11.689 [org.seqra.dataflow.ap.ifds.TaintAnalysisUnitRunnerManager-worker-1 @coroutine#169] WARN  o.s.i.i.CIRClasspathImplKt$logger$1 -- Find function by symbol name 'Radiuslex'
21:37:11.808 [org.seqra.dataflow.ap.ifds.TaintAnalysisUnitRunnerManager-worker-1 @coroutine#169] WARN  o.s.i.i.CIRClasspathImplKt$logger$1 -- Find function by symbol name 'g_hash_table_foreach_remove'
21:37:11.809 [org.seqra.dataflow.ap.ifds.TaintAnalysisUnitRunnerManager-worker-1 @coroutine#169] WARN  o.s.i.i.CIRClasspathImplKt$logger$1 -- Ambiguous function resolution for symbol 'g_hash_table_foreach_remove': [CIRFunctionID(moduleID=MLIRModuleID(id=/tmp/big-projects-work/buggy/wireshark-1.2-buggy/epan/dissectors/packet-radius.c), id=g_hash_table_foreach_remove), CIRFunctionID(moduleID=MLIRModuleID(id=/tmp/big-projects-work/buggy/wireshark-1.2-buggy/epan/radius_dict.c), id=g_hash_table_foreach_remove)]
21:37:11.810 [org.seqra.dataflow.ap.ifds.TaintAnalysisUnitRunnerManager-worker-1 @coroutine#169] WARN  o.s.i.i.CIRClasspathImplKt$logger$1 -- Find function by symbol name 'g_string_free'
21:37:11.811 [org.seqra.dataflow.ap.ifds.TaintAnalysisUnitRunnerManager-worker-1 @coroutine#169] WARN  o.s.i.i.CIRClasspathImplKt$logger$1 -- Ambiguous function resolution for symbol 'g_string_free': [CIRFunctionID(moduleID=MLIRModuleID(id=/tmp/big-projects-work/buggy/wireshark-1.2-buggy/epan/dissectors/packet-radius.c), id=g_string_free), CIRFunctionID(moduleID=MLIRModuleID(id=/tmp/big-projects-work/buggy/wireshark-1.2-buggy/epan/radius_dict.c), id=g_string_free)]
21:37:11.818 [org.seqra.dataflow.ap.ifds.TaintAnalysisUnitRunnerManager-worker-1 @coroutine#169] WARN  o.s.i.i.CIRClasspathImplKt$logger$1 -- Find function by symbol name 'g_string_free_and_steal'
21:37:11.819 [org.seqra.dataflow.ap.ifds.TaintAnalysisUnitRunnerManager-worker-1 @coroutine#169] WARN  o.s.i.i.CIRClasspathImplKt$logger$1 -- No definition for symbol 'g_string_free_and_steal', using declaration CIRFunctionID(moduleID=MLIRModuleID(id=/tmp/big-projects-work/buggy/wireshark-1.2-buggy/epan/radius_dict.c), id=g_string_free_and_steal)
21:37:11.820 [org.seqra.dataflow.ap.ifds.TaintAnalysisUnitRunnerManager-worker-1 @coroutine#169] WARN  o.s.i.i.CIRClasspathImplKt$logger$1 -- Find function by symbol name 'destroy_dict'
21:37:11.908 [org.seqra.dataflow.ap.ifds.TaintAnalysisUnitRunnerManager-worker-1 @coroutine#169] WARN  o.s.i.i.CIRClasspathImplKt$logger$1 -- Find function by symbol name 'fclose'
21:37:11.909 [org.seqra.dataflow.ap.ifds.TaintAnalysisUnitRunnerManager-worker-1 @coroutine#169] WARN  o.s.i.i.CIRClasspathImplKt$logger$1 -- No definition for symbol 'fclose', using declaration CIRFunctionID(moduleID=MLIRModuleID(id=/tmp/big-projects-work/buggy/wireshark-1.2-buggy/epan/radius_dict.c), id=fclose)
21:37:11.910 [org.seqra.dataflow.ap.ifds.TaintAnalysisUnitRunnerManager-worker-1 @coroutine#169] WARN  o.s.i.i.CIRClasspathImplKt$logger$1 -- Find function by symbol name '__errno_location'
21:37:11.910 [org.seqra.dataflow.ap.ifds.TaintAnalysisUnitRunnerManager-worker-1 @coroutine#169] WARN  o.s.i.i.CIRClasspathImplKt$logger$1 -- No definition for symbol '__errno_location', using declaration CIRFunctionID(moduleID=MLIRModuleID(id=/tmp/big-projects-work/buggy/wireshark-1.2-buggy/epan/radius_dict.c), id=__errno_location)
21:37:11.911 [org.seqra.dataflow.ap.ifds.TaintAnalysisUnitRunnerManager-worker-1 @coroutine#169] WARN  o.s.i.i.CIRClasspathImplKt$logger$1 -- Find function by symbol name 'strerror'
21:37:11.911 [org.seqra.dataflow.ap.ifds.TaintAnalysisUnitRunnerManager-worker-1 @coroutine#169] WARN  o.s.i.i.CIRClasspathImplKt$logger$1 -- No definition for symbol 'strerror', using declaration CIRFunctionID(moduleID=MLIRModuleID(id=/tmp/big-projects-work/buggy/wireshark-1.2-buggy/epan/radius_dict.c), id=strerror)
21:37:11.912 [org.seqra.dataflow.ap.ifds.TaintAnalysisUnitRunnerManager-worker-1 @coroutine#169] WARN  o.s.i.i.CIRClasspathImplKt$logger$1 -- Find function by symbol name 'g_string_append_printf'
21:37:11.912 [org.seqra.dataflow.ap.ifds.TaintAnalysisUnitRunnerManager-worker-1 @coroutine#169] WARN  o.s.i.i.CIRClasspathImplKt$logger$1 -- Ambiguous function resolution for symbol 'g_string_append_printf': [CIRFunctionID(moduleID=MLIRModuleID(id=/tmp/big-projects-work/buggy/wireshark-1.2-buggy/epan/dissectors/packet-radius.c), id=g_string_append_printf), CIRFunctionID(moduleID=MLIRModuleID(id=/tmp/big-projects-work/buggy/wireshark-1.2-buggy/epan/radius_dict.c), id=g_string_append_printf)]
21:37:11.938 [org.seqra.dataflow.ap.ifds.TaintAnalysisUnitRunnerManager-worker-1 @coroutine#169] WARN  o.s.i.i.CIRClasspathImplKt$logger$1 -- Find function by symbol name 'g_hash_table_destroy'
21:37:11.938 [org.seqra.dataflow.ap.ifds.TaintAnalysisUnitRunnerManager-worker-1 @coroutine#169] WARN  o.s.i.i.CIRClasspathImplKt$logger$1 -- Ambiguous function resolution for symbol 'g_hash_table_destroy': [CIRFunctionID(moduleID=MLIRModuleID(id=/tmp/big-projects-work/buggy/wireshark-1.2-buggy/epan/dissectors/packet-radius.c), id=g_hash_table_destroy), CIRFunctionID(moduleID=MLIRModuleID(id=/tmp/big-projects-work/buggy/wireshark-1.2-buggy/epan/radius_dict.c), id=g_hash_table_destroy)]
21:37:11.948 [org.seqra.dataflow.ap.ifds.TaintAnalysisUnitRunnerManager-worker-1 @coroutine#169] WARN  o.s.i.i.CIRClasspathImplKt$logger$1 -- Find function by symbol name 'yy_fatal_error'
21:37:11.949 [org.seqra.dataflow.ap.ifds.TaintAnalysisUnitRunnerManager-worker-1 @coroutine#169] WARN  o.s.i.i.CIRClasspathImplKt$logger$1 -- Find function by symbol name 'yy_get_next_buffer'
21:37:11.967 [org.seqra.dataflow.ap.ifds.TaintAnalysisUnitRunnerManager-worker-1 @coroutine#169] WARN  o.s.i.i.CIRClasspathImplKt$logger$1 -- Find function by symbol name 'yy_get_previous_state'
21:37:11.971 [org.seqra.dataflow.ap.ifds.TaintAnalysisUnitRunnerManager-worker-1 @coroutine#169] WARN  o.s.i.i.CIRClasspathImplKt$logger$1 -- Find function by symbol name 'Radiuswrap'
21:37:11.972 [org.seqra.dataflow.ap.ifds.TaintAnalysisUnitRunnerManager-worker-1 @coroutine#169] WARN  o.s.i.i.CIRClasspathImplKt$logger$1 -- Find function by symbol name 'Radiusrestart'
21:37:11.974 [org.seqra.dataflow.ap.ifds.TaintAnalysisUnitRunnerManager-worker-1 @coroutine#169] WARN  o.s.i.i.CIRClasspathImplKt$logger$1 -- Find function by symbol name 'yy_try_NUL_trans'
21:37:11.978 [org.seqra.dataflow.ap.ifds.TaintAnalysisUnitRunnerManager-worker-1 @coroutine#169] WARN  o.s.i.i.CIRClasspathImplKt$logger$1 -- Find function by symbol name 'Radius_delete_buffer'
21:37:11.982 [org.seqra.dataflow.ap.ifds.TaintAnalysisUnitRunnerManager-worker-1 @coroutine#169] WARN  o.s.i.i.CIRClasspathImplKt$logger$1 -- Find function by symbol name 'Radius_switch_to_buffer'
21:37:12.461 [org.seqra.dataflow.ap.ifds.TaintAnalysisUnitRunnerManager-worker-1 @coroutine#169] WARN  o.s.i.i.CIRClasspathImplKt$logger$1 -- Find function by symbol name 'Radius_create_buffer'
21:37:12.470 [org.seqra.dataflow.ap.ifds.TaintAnalysisUnitRunnerManager-worker-1 @coroutine#169] WARN  o.s.i.i.CIRClasspathImplKt$logger$1 -- Find function by symbol name 'g_strerror'
21:37:12.471 [org.seqra.dataflow.ap.ifds.TaintAnalysisUnitRunnerManager-worker-1 @coroutine#169] WARN  o.s.i.i.CIRClasspathImplKt$logger$1 -- No definition for symbol 'g_strerror', using declaration CIRFunctionID(moduleID=MLIRModuleID(id=/tmp/big-projects-work/buggy/wireshark-1.2-buggy/epan/radius_dict.c), id=g_strerror)
21:37:12.478 [org.seqra.dataflow.ap.ifds.TaintAnalysisUnitRunnerManager-worker-1 @coroutine#169] WARN  o.s.i.i.CIRClasspathImplKt$logger$1 -- Find function by symbol name 'strtol'
21:37:12.478 [org.seqra.dataflow.ap.ifds.TaintAnalysisUnitRunnerManager-worker-1 @coroutine#169] WARN  o.s.i.i.CIRClasspathImplKt$logger$1 -- No definition for symbol 'strtol', using declaration CIRFunctionID(moduleID=MLIRModuleID(id=/tmp/big-projects-work/buggy/wireshark-1.2-buggy/epan/radius_dict.c), id=strtol)
21:37:12.479 [org.seqra.dataflow.ap.ifds.TaintAnalysisUnitRunnerManager-worker-1 @coroutine#169] WARN  o.s.i.i.CIRClasspathImplKt$logger$1 -- Find function by symbol name 'add_value'
21:37:12.585 [org.seqra.dataflow.ap.ifds.TaintAnalysisUnitRunnerManager-worker-1 @coroutine#169] WARN  o.s.i.i.CIRClasspathImplKt$logger$1 -- Find function by symbol name 'g_strdup_inline'
21:37:12.586 [org.seqra.dataflow.ap.ifds.TaintAnalysisUnitRunnerManager-worker-1 @coroutine#169] WARN  o.s.i.i.CIRClasspathImplKt$logger$1 -- Ambiguous function resolution for symbol 'g_strdup_inline': [CIRFunctionID(moduleID=MLIRModuleID(id=/tmp/big-projects-work/buggy/wireshark-1.2-buggy/epan/dissectors/packet-radius.c), id=g_strdup_inline), CIRFunctionID(moduleID=MLIRModuleID(id=/tmp/big-projects-work/buggy/wireshark-1.2-buggy/epan/radius_dict.c), id=g_strdup_inline)]
21:37:12.586 [org.seqra.dataflow.ap.ifds.TaintAnalysisUnitRunnerManager-worker-1 @coroutine#169] WARN  o.s.i.i.CIRClasspathImplKt$logger$1 -- Find function by symbol name 'g_strdup_inline'
21:37:12.587 [org.seqra.dataflow.ap.ifds.TaintAnalysisUnitRunnerManager-worker-1 @coroutine#169] WARN  o.s.i.i.CIRClasspathImplKt$logger$1 -- Ambiguous function resolution for symbol 'g_strdup_inline': [CIRFunctionID(moduleID=MLIRModuleID(id=/tmp/big-projects-work/buggy/wireshark-1.2-buggy/epan/dissectors/packet-radius.c), id=g_strdup_inline), CIRFunctionID(moduleID=MLIRModuleID(id=/tmp/big-projects-work/buggy/wireshark-1.2-buggy/epan/radius_dict.c), id=g_strdup_inline)]
21:37:12.587 [org.seqra.dataflow.ap.ifds.TaintAnalysisUnitRunnerManager-worker-1 @coroutine#169] WARN  o.s.i.i.CIRClasspathImplKt$logger$1 -- Find function by symbol name 'add_attribute'
21:37:12.612 [org.seqra.dataflow.ap.ifds.TaintAnalysisUnitRunnerManager-worker-1 @coroutine#169] WARN  o.s.i.i.CIRClasspathImplKt$logger$1 -- Find function by symbol name 'g_strdup_inline'
21:37:12.613 [org.seqra.dataflow.ap.ifds.TaintAnalysisUnitRunnerManager-worker-1 @coroutine#169] WARN  o.s.i.i.CIRClasspathImplKt$logger$1 -- Ambiguous function resolution for symbol 'g_strdup_inline': [CIRFunctionID(moduleID=MLIRModuleID(id=/tmp/big-projects-work/buggy/wireshark-1.2-buggy/epan/dissectors/packet-radius.c), id=g_strdup_inline), CIRFunctionID(moduleID=MLIRModuleID(id=/tmp/big-projects-work/buggy/wireshark-1.2-buggy/epan/radius_dict.c), id=g_strdup_inline)]
21:37:12.614 [org.seqra.dataflow.ap.ifds.TaintAnalysisUnitRunnerManager-worker-1 @coroutine#169] WARN  o.s.i.i.CIRClasspathImplKt$logger$1 -- Find function by symbol name 'strtoul'
21:37:12.615 [org.seqra.dataflow.ap.ifds.TaintAnalysisUnitRunnerManager-worker-1 @coroutine#169] WARN  o.s.i.i.CIRClasspathImplKt$logger$1 -- No definition for symbol 'strtoul', using declaration CIRFunctionID(moduleID=MLIRModuleID(id=/tmp/big-projects-work/buggy/wireshark-1.2-buggy/epan/radius_dict.c), id=strtoul)
21:37:12.616 [org.seqra.dataflow.ap.ifds.TaintAnalysisUnitRunnerManager-worker-1 @coroutine#169] WARN  o.s.i.i.CIRClasspathImplKt$logger$1 -- Find function by symbol name 'g_strdup_inline'
21:37:12.616 [org.seqra.dataflow.ap.ifds.TaintAnalysisUnitRunnerManager-worker-1 @coroutine#169] WARN  o.s.i.i.CIRClasspathImplKt$logger$1 -- Ambiguous function resolution for symbol 'g_strdup_inline': [CIRFunctionID(moduleID=MLIRModuleID(id=/tmp/big-projects-work/buggy/wireshark-1.2-buggy/epan/dissectors/packet-radius.c), id=g_strdup_inline), CIRFunctionID(moduleID=MLIRModuleID(id=/tmp/big-projects-work/buggy/wireshark-1.2-buggy/epan/radius_dict.c), id=g_strdup_inline)]
21:37:12.616 [org.seqra.dataflow.ap.ifds.TaintAnalysisUnitRunnerManager-worker-1 @coroutine#169] WARN  o.s.i.i.CIRClasspathImplKt$logger$1 -- Find function by symbol name 'g_strdup_inline'
21:37:12.617 [org.seqra.dataflow.ap.ifds.TaintAnalysisUnitRunnerManager-worker-1 @coroutine#169] WARN  o.s.i.i.CIRClasspathImplKt$logger$1 -- Ambiguous function resolution for symbol 'g_strdup_inline': [CIRFunctionID(moduleID=MLIRModuleID(id=/tmp/big-projects-work/buggy/wireshark-1.2-buggy/epan/dissectors/packet-radius.c), id=g_strdup_inline), CIRFunctionID(moduleID=MLIRModuleID(id=/tmp/big-projects-work/buggy/wireshark-1.2-buggy/epan/radius_dict.c), id=g_strdup_inline)]
21:37:12.617 [org.seqra.dataflow.ap.ifds.TaintAnalysisUnitRunnerManager-worker-1 @coroutine#169] WARN  o.s.i.i.CIRClasspathImplKt$logger$1 -- Find function by symbol name 'add_vendor'
21:37:12.622 [org.seqra.dataflow.ap.ifds.TaintAnalysisUnitRunnerManager-worker-1 @coroutine#169] WARN  o.s.i.i.CIRClasspathImplKt$logger$1 -- Find function by symbol name 'g_strdup_inline'
21:37:12.622 [org.seqra.dataflow.ap.ifds.TaintAnalysisUnitRunnerManager-worker-1 @coroutine#169] WARN  o.s.i.i.CIRClasspathImplKt$logger$1 -- Ambiguous function resolution for symbol 'g_strdup_inline': [CIRFunctionID(moduleID=MLIRModuleID(id=/tmp/big-projects-work/buggy/wireshark-1.2-buggy/epan/dissectors/packet-radius.c), id=g_strdup_inline), CIRFunctionID(moduleID=MLIRModuleID(id=/tmp/big-projects-work/buggy/wireshark-1.2-buggy/epan/radius_dict.c), id=g_strdup_inline)]
21:37:12.623 [org.seqra.dataflow.ap.ifds.TaintAnalysisUnitRunnerManager-worker-1 @coroutine#169] WARN  o.s.i.i.CIRClasspathImplKt$logger$1 -- Find function by symbol name 'g_strdup_inline'
21:37:12.623 [org.seqra.dataflow.ap.ifds.TaintAnalysisUnitRunnerManager-worker-1 @coroutine#169] WARN  o.s.i.i.CIRClasspathImplKt$logger$1 -- Ambiguous function resolution for symbol 'g_strdup_inline': [CIRFunctionID(moduleID=MLIRModuleID(id=/tmp/big-projects-work/buggy/wireshark-1.2-buggy/epan/dissectors/packet-radius.c), id=g_strdup_inline), CIRFunctionID(moduleID=MLIRModuleID(id=/tmp/big-projects-work/buggy/wireshark-1.2-buggy/epan/radius_dict.c), id=g_strdup_inline)]
21:37:12.624 [org.seqra.dataflow.ap.ifds.TaintAnalysisUnitRunnerManager-worker-1 @coroutine#169] WARN  o.s.i.i.CIRClasspathImplKt$logger$1 -- Find function by symbol name 'g_strdup_inline'
21:37:12.625 [org.seqra.dataflow.ap.ifds.TaintAnalysisUnitRunnerManager-worker-1 @coroutine#169] WARN  o.s.i.i.CIRClasspathImplKt$logger$1 -- Ambiguous function resolution for symbol 'g_strdup_inline': [CIRFunctionID(moduleID=MLIRModuleID(id=/tmp/big-projects-work/buggy/wireshark-1.2-buggy/epan/dissectors/packet-radius.c), id=g_strdup_inline), CIRFunctionID(moduleID=MLIRModuleID(id=/tmp/big-projects-work/buggy/wireshark-1.2-buggy/epan/radius_dict.c), id=g_strdup_inline)]
21:37:21.345 [org.seqra.dataflow.ap.ifds.TaintAnalysisUnitRunnerManager-progress @coroutine#170] INFO  o.s.d.a.i.TaintAnalysisUnitRunnerManager -- Progress: 50/116
21:37:21.346 [org.seqra.dataflow.ap.ifds.TaintAnalysisUnitRunnerManager-progress @coroutine#170] INFO  o.s.d.a.i.TaintAnalysisUnitRunnerManager -- Memory usage: 11653938872/12884901888 (90.45%)
21:37:31.321 [org.seqra.dataflow.ap.ifds.TaintAnalysisUnitRunnerManager-worker-1 @coroutine#169] WARN  o.s.i.i.CIRClasspathImplKt$logger$1 -- Find function by symbol name 'Radius_load_buffer_state'
21:37:31.324 [org.seqra.dataflow.ap.ifds.TaintAnalysisUnitRunnerManager-worker-1 @coroutine#169] WARN  o.s.i.i.CIRClasspathImplKt$logger$1 -- Find function by symbol name 'Radiusensure_buffer_stack'
21:37:31.331 [org.seqra.dataflow.ap.ifds.TaintAnalysisUnitRunnerManager-worker-1 @coroutine#169] WARN  o.s.i.i.CIRClasspathImplKt$logger$1 -- Find function by symbol name 'Radiusfree'
21:37:31.337 [org.seqra.dataflow.ap.ifds.TaintAnalysisUnitRunnerManager-worker-1 @coroutine#169] WARN  o.s.i.i.CIRClasspathImplKt$logger$1 -- Find function by symbol name 'Radiusrealloc'
21:37:31.339 [org.seqra.dataflow.ap.ifds.TaintAnalysisUnitRunnerManager-worker-1 @coroutine#169] WARN  o.s.i.i.CIRClasspathImplKt$logger$1 -- Find function by symbol name 'Radiusalloc'
21:37:31.340 [org.seqra.dataflow.ap.ifds.TaintAnalysisUnitRunnerManager-worker-1 @coroutine#169] WARN  o.s.i.i.CIRClasspathImplKt$logger$1 -- Find function by symbol name 'g_strdup_inline'
21:37:31.341 [org.seqra.dataflow.ap.ifds.TaintAnalysisUnitRunnerManager-worker-1 @coroutine#169] WARN  o.s.i.i.CIRClasspathImplKt$logger$1 -- Ambiguous function resolution for symbol 'g_strdup_inline': [CIRFunctionID(moduleID=MLIRModuleID(id=/tmp/big-projects-work/buggy/wireshark-1.2-buggy/epan/dissectors/packet-radius.c), id=g_strdup_inline), CIRFunctionID(moduleID=MLIRModuleID(id=/tmp/big-projects-work/buggy/wireshark-1.2-buggy/epan/radius_dict.c), id=g_strdup_inline)]
21:37:31.341 [org.seqra.dataflow.ap.ifds.TaintAnalysisUnitRunnerManager-worker-1 @coroutine#169] WARN  o.s.i.i.CIRClasspathImplKt$logger$1 -- Find function by symbol name 'g_strdup_inline'
21:37:31.342 [org.seqra.dataflow.ap.ifds.TaintAnalysisUnitRunnerManager-worker-1 @coroutine#169] WARN  o.s.i.i.CIRClasspathImplKt$logger$1 -- Ambiguous function resolution for symbol 'g_strdup_inline': [CIRFunctionID(moduleID=MLIRModuleID(id=/tmp/big-projects-work/buggy/wireshark-1.2-buggy/epan/dissectors/packet-radius.c), id=g_strdup_inline), CIRFunctionID(moduleID=MLIRModuleID(id=/tmp/big-projects-work/buggy/wireshark-1.2-buggy/epan/radius_dict.c), id=g_strdup_inline)]
21:37:31.342 [org.seqra.dataflow.ap.ifds.TaintAnalysisUnitRunnerManager-worker-1 @coroutine#169] WARN  o.s.i.i.CIRClasspathImplKt$logger$1 -- Find function by symbol name 'fprintf'
21:37:31.342 [org.seqra.dataflow.ap.ifds.TaintAnalysisUnitRunnerManager-worker-1 @coroutine#169] WARN  o.s.i.i.CIRClasspathImplKt$logger$1 -- No definition for symbol 'fprintf', using declaration CIRFunctionID(moduleID=MLIRModuleID(id=/tmp/big-projects-work/buggy/wireshark-1.2-buggy/epan/radius_dict.c), id=fprintf)
21:37:31.343 [org.seqra.dataflow.ap.ifds.TaintAnalysisUnitRunnerManager-worker-1 @coroutine#169] WARN  o.s.i.i.CIRClasspathImplKt$logger$1 -- Find function by symbol name 'malloc'
21:37:31.343 [org.seqra.dataflow.ap.ifds.TaintAnalysisUnitRunnerManager-worker-1 @coroutine#169] WARN  o.s.i.i.CIRClasspathImplKt$logger$1 -- No definition for symbol 'malloc', using declaration CIRFunctionID(moduleID=MLIRModuleID(id=/tmp/big-projects-work/buggy/wireshark-1.2-buggy/epan/radius_dict.c), id=malloc)
21:37:31.344 [org.seqra.dataflow.ap.ifds.TaintAnalysisUnitRunnerManager-worker-1 @coroutine#169] WARN  o.s.i.i.CIRClasspathImplKt$logger$1 -- Find function by symbol name 'g_strdup_inline'
21:37:31.345 [org.seqra.dataflow.ap.ifds.TaintAnalysisUnitRunnerManager-worker-1 @coroutine#169] WARN  o.s.i.i.CIRClasspathImplKt$logger$1 -- Ambiguous function resolution for symbol 'g_strdup_inline': [CIRFunctionID(moduleID=MLIRModuleID(id=/tmp/big-projects-work/buggy/wireshark-1.2-buggy/epan/dissectors/packet-radius.c), id=g_strdup_inline), CIRFunctionID(moduleID=MLIRModuleID(id=/tmp/big-projects-work/buggy/wireshark-1.2-buggy/epan/radius_dict.c), id=g_strdup_inline)]
21:37:31.347 [org.seqra.dataflow.ap.ifds.TaintAnalysisUnitRunnerManager-progress @coroutine#170] INFO  o.s.d.a.i.TaintAnalysisUnitRunnerManager -- Progress: 437/17
21:37:31.347 [org.seqra.dataflow.ap.ifds.TaintAnalysisUnitRunnerManager-progress @coroutine#170] INFO  o.s.d.a.i.TaintAnalysisUnitRunnerManager -- Memory usage: 11974187936/12884901888 (92.93%)
21:37:31.421 [org.seqra.dataflow.ap.ifds.TaintAnalysisUnitRunnerManager-worker-1 @coroutine#169] WARN  o.s.i.i.CIRClasspathImplKt$logger$1 -- Find function by symbol name 'Radius_init_buffer'
21:37:31.424 [org.seqra.dataflow.ap.ifds.TaintAnalysisUnitRunnerManager-worker-1 @coroutine#169] WARN  o.s.i.i.CIRClasspathImplKt$logger$1 -- Find function by symbol name 'free'
21:37:31.425 [org.seqra.dataflow.ap.ifds.TaintAnalysisUnitRunnerManager-worker-1 @coroutine#169] WARN  o.s.i.i.CIRClasspathImplKt$logger$1 -- No definition for symbol 'free', using declaration CIRFunctionID(moduleID=MLIRModuleID(id=/tmp/big-projects-work/buggy/wireshark-1.2-buggy/epan/radius_dict.c), id=free)
21:37:31.426 [org.seqra.dataflow.ap.ifds.TaintAnalysisUnitRunnerManager-worker-1 @coroutine#169] WARN  o.s.i.i.CIRClasspathImplKt$logger$1 -- Find function by symbol name 'Radius_flush_buffer'
21:37:31.429 [org.seqra.dataflow.ap.ifds.TaintAnalysisUnitRunnerManager-worker-1 @coroutine#169] WARN  o.s.i.i.CIRClasspathImplKt$logger$1 -- Find function by symbol name 'realloc'
21:37:31.429 [org.seqra.dataflow.ap.ifds.TaintAnalysisUnitRunnerManager-worker-1 @coroutine#169] WARN  o.s.i.i.CIRClasspathImplKt$logger$1 -- No definition for symbol 'realloc', using declaration CIRFunctionID(moduleID=MLIRModuleID(id=/tmp/big-projects-work/buggy/wireshark-1.2-buggy/epan/radius_dict.c), id=realloc)
21:37:31.430 [org.seqra.dataflow.ap.ifds.TaintAnalysisUnitRunnerManager-worker-1 @coroutine#169] WARN  o.s.i.i.CIRClasspathImplKt$logger$1 -- Find function by symbol name 'fread'
21:37:31.430 [org.seqra.dataflow.ap.ifds.TaintAnalysisUnitRunnerManager-worker-1 @coroutine#169] WARN  o.s.i.i.CIRClasspathImplKt$logger$1 -- No definition for symbol 'fread', using declaration CIRFunctionID(moduleID=MLIRModuleID(id=/tmp/big-projects-work/buggy/wireshark-1.2-buggy/epan/radius_dict.c), id=fread)
21:37:31.431 [org.seqra.dataflow.ap.ifds.TaintAnalysisUnitRunnerManager-worker-1 @coroutine#169] WARN  o.s.i.i.CIRClasspathImplKt$logger$1 -- Find function by symbol name 'clearerr'
21:37:31.432 [org.seqra.dataflow.ap.ifds.TaintAnalysisUnitRunnerManager-worker-1 @coroutine#169] WARN  o.s.i.i.CIRClasspathImplKt$logger$1 -- No definition for symbol 'clearerr', using declaration CIRFunctionID(moduleID=MLIRModuleID(id=/tmp/big-projects-work/buggy/wireshark-1.2-buggy/epan/radius_dict.c), id=clearerr)
21:37:31.432 [org.seqra.dataflow.ap.ifds.TaintAnalysisUnitRunnerManager-worker-1 @coroutine#169] WARN  o.s.i.i.CIRClasspathImplKt$logger$1 -- Find function by symbol name 'ferror'
21:37:31.433 [org.seqra.dataflow.ap.ifds.TaintAnalysisUnitRunnerManager-worker-1 @coroutine#169] WARN  o.s.i.i.CIRClasspathImplKt$logger$1 -- No definition for symbol 'ferror', using declaration CIRFunctionID(moduleID=MLIRModuleID(id=/tmp/big-projects-work/buggy/wireshark-1.2-buggy/epan/radius_dict.c), id=ferror)
21:37:31.433 [org.seqra.dataflow.ap.ifds.TaintAnalysisUnitRunnerManager-worker-1 @coroutine#169] WARN  o.s.i.i.CIRClasspathImplKt$logger$1 -- Find function by symbol name 'getc'
21:37:31.434 [org.seqra.dataflow.ap.ifds.TaintAnalysisUnitRunnerManager-worker-1 @coroutine#169] WARN  o.s.i.i.CIRClasspathImplKt$logger$1 -- No definition for symbol 'getc', using declaration CIRFunctionID(moduleID=MLIRModuleID(id=/tmp/big-projects-work/buggy/wireshark-1.2-buggy/epan/radius_dict.c), id=getc)
21:37:31.436 [org.seqra.dataflow.ap.ifds.TaintAnalysisUnitRunnerManager-worker-1 @coroutine#169] WARN  o.s.i.i.CIRClasspathImplKt$logger$1 -- Find function by symbol name 'g_strdup_inline'
21:37:31.436 [org.seqra.dataflow.ap.ifds.TaintAnalysisUnitRunnerManager-worker-1 @coroutine#169] WARN  o.s.i.i.CIRClasspathImplKt$logger$1 -- Ambiguous function resolution for symbol 'g_strdup_inline': [CIRFunctionID(moduleID=MLIRModuleID(id=/tmp/big-projects-work/buggy/wireshark-1.2-buggy/epan/dissectors/packet-radius.c), id=g_strdup_inline), CIRFunctionID(moduleID=MLIRModuleID(id=/tmp/big-projects-work/buggy/wireshark-1.2-buggy/epan/radius_dict.c), id=g_strdup_inline)]
21:37:31.469 [org.seqra.dataflow.ap.ifds.TaintAnalysisUnitRunnerManager-worker-1 @coroutine#169] WARN  o.s.i.i.CIRClasspathImplKt$logger$1 -- Find function by symbol name 'add_tlv'
21:37:32.001 [org.seqra.dataflow.ap.ifds.TaintAnalysisUnitRunnerManager-worker-1 @coroutine#169] WARN  o.s.i.i.CIRClasspathImplKt$logger$1 -- Find function by symbol name 'g_strdup_inline'
21:37:32.001 [org.seqra.dataflow.ap.ifds.TaintAnalysisUnitRunnerManager-worker-1 @coroutine#169] WARN  o.s.i.i.CIRClasspathImplKt$logger$1 -- Ambiguous function resolution for symbol 'g_strdup_inline': [CIRFunctionID(moduleID=MLIRModuleID(id=/tmp/big-projects-work/buggy/wireshark-1.2-buggy/epan/dissectors/packet-radius.c), id=g_strdup_inline), CIRFunctionID(moduleID=MLIRModuleID(id=/tmp/big-projects-work/buggy/wireshark-1.2-buggy/epan/radius_dict.c), id=g_strdup_inline)]
21:37:32.069 [Test worker @coroutine#171] INFO  o.s.d.a.i.TaintAnalysisUnitRunnerManager -- Progress: 700/0
21:37:32.069 [Test worker @coroutine#171] INFO  o.s.d.a.i.TaintAnalysisUnitRunnerManager -- Memory usage: 11709127528/12884901888 (90.87%)
21:37:32.070 [Test worker @coroutine#171] INFO  o.s.d.a.i.TaintAnalysisUnitRunnerManager -- Analysis done in 20.727828885s
21:37:32.070 [Test worker] INFO  o.s.c.s.d.CIRTaintAnalyzer$Loader$logger$1 -- Total vulnerabilities: 117
21:37:32.070 [Test worker] INFO  o.s.c.s.d.CIRTaintAnalyzer$Loader$logger$1 -- Start trace generation
21:37:32.239 [Test worker] INFO  o.s.d.a.i.TaintAnalysisUnitRunnerManager -- Resolved 117/117 traces
21:37:32.239 [Test worker] INFO  o.s.c.s.d.CIRTaintAnalyzer$Loader$logger$1 -- Finish trace generation
]]></system-out>
  <system-err><![CDATA[]]></system-err>
</testsuite>
